<?xml version="1.0" encoding="UTF-8"?>
<robot generator="Robot 7.0.1 (Python 3.12.5 on win32)" generated="2024-09-09T12:50:44.429953" rpa="false" schemaversion="5">
<suite id="s1" name="TestSuite1" source="c:\Users\netzwelt\eclipse\RobotFrameworkPW\TestSuite1.robot">
<kw name="Log" owner="BuiltIn" type="SETUP">
<msg time="2024-09-09T12:50:45.212248" level="INFO">this is my suite setup.</msg>
<arg>this is my suite setup.</arg>
<doc>Logs the given message with the given level.</doc>
<status status="PASS" start="2024-09-09T12:50:45.212248" elapsed="0.000000"/>
</kw>
<test id="s1-t1" name="First Test Case" line="31">
<kw name="Log" owner="BuiltIn" type="SETUP">
<msg time="2024-09-09T12:50:45.224962" level="INFO">hi, Test.</msg>
<arg>hi, Test.</arg>
<doc>Logs the given message with the given level.</doc>
<status status="PASS" start="2024-09-09T12:50:45.224962" elapsed="0.000000"/>
</kw>
<kw name="New Browser" owner="Browser">
<msg time="2024-09-09T12:50:45.228116" level="INFO">{"browser": "chromium", "headless": false, "chromiumSandbox": false, "devtools": false, "handleSIGHUP": true, "handleSIGINT": true, "handleSIGTERM": true, "slowMo": 0.0, "timeout": 30000.0, "tracesDir": "c:\\Users\\netzwelt\\eclipse\\RobotFrameworkPW\\browser\\traces\\9c3a2bc9-9d57-43e3-9251-3591c7c106cc"}</msg>
<msg time="2024-09-09T12:50:45.551364" level="INFO">Successfully created browser with options: {"browser":"chromium","headless":false,"chromiumSandbox":false,"devtools":false,"handleSIGHUP":true,"handleSIGINT":true,"handleSIGTERM":true,"slowMo":0,"timeout":30000,"tracesDir":"c:\\Users\\netzwelt\\eclipse\\RobotFrameworkPW\\browser\\traces\\9c3a2bc9-9d57-43e3-9251-3591c7c106cc"}</msg>
<arg>${BROWSER}</arg>
<arg>headless=No</arg>
<tag>BrowserControl</tag>
<tag>Setter</tag>
<doc>Create a new playwright Browser with specified options.</doc>
<status status="PASS" start="2024-09-09T12:50:45.224962" elapsed="0.326402"/>
</kw>
<kw name="New Context" owner="Browser">
<msg time="2024-09-09T12:50:45.553367" level="INFO">{
  "acceptDownloads": true,
  "bypassCSP": false,
  "forcedColors": "none",
  "ignoreHTTPSErrors": false,
  "javaScriptEnabled": true,
  "offline": false,
  "reducedMotion": "no-preference",
  "serviceWorkers": "allow",
  "viewport": {
    "width": 1280,
    "height": 720
  }
}</msg>
<msg time="2024-09-09T12:50:45.584542" level="INFO">Successfully created context. </msg>
<msg time="2024-09-09T12:50:45.585553" level="INFO">{'acceptDownloads': True, 'bypassCSP': False, 'forcedColors': 'none', 'ignoreHTTPSErrors': False, 'javaScriptEnabled': True, 'offline': False, 'reducedMotion': 'no-preference', 'serviceWorkers': 'allow', 'viewport': {'width': 1280, 'height': 720}}</msg>
<tag>BrowserControl</tag>
<tag>Setter</tag>
<doc>Create a new BrowserContext with specified options.</doc>
<status status="PASS" start="2024-09-09T12:50:45.552362" elapsed="0.033191"/>
</kw>
<kw name="New Page" owner="Browser">
<msg time="2024-09-09T12:50:48.327107" level="INFO">Successfully initialized new page object and opened url: http://www.google.com</msg>
<arg>${URL}</arg>
<tag>BrowserControl</tag>
<tag>Setter</tag>
<doc>Open a new Page.</doc>
<status status="PASS" start="2024-09-09T12:50:45.586554" elapsed="2.741554"/>
</kw>
<kw name="Set Browser Timeout" owner="Browser">
<msg time="2024-09-09T12:50:48.335683" level="INFO">Set timeout to: 10000000</msg>
<arg>10000</arg>
<tag>Config</tag>
<tag>Setter</tag>
<doc>Sets the timeout used by most input and getter keywords.</doc>
<status status="PASS" start="2024-09-09T12:50:48.329112" elapsed="0.006571"/>
</kw>
<kw name="Search Topic">
<kw name="Fill Text" owner="Browser">
<msg time="2024-09-09T12:50:48.338688" level="INFO">Fills the text 'pcloudy' in the given field.</msg>
<arg>[name="q"]</arg>
<arg>${topic}</arg>
<tag>PageContent</tag>
<tag>Setter</tag>
<doc>Clears and fills the given ``txt`` into the text field found by ``selector``.</doc>
<status status="PASS" start="2024-09-09T12:50:48.337683" elapsed="0.054557"/>
</kw>
<kw name="Press Keys" owner="Browser">
<arg>[name="q"]</arg>
<arg>Enter</arg>
<tag>PageContent</tag>
<tag>Setter</tag>
<doc>Types the given key combination into element found by ``selector``.</doc>
<status status="PASS" start="2024-09-09T12:50:48.393240" elapsed="0.628093"/>
</kw>
<kw name="Set Browser Timeout" owner="Browser">
<msg time="2024-09-09T12:50:49.026142" level="INFO">Set timeout to: 2000000</msg>
<arg>2000</arg>
<tag>Config</tag>
<tag>Setter</tag>
<doc>Sets the timeout used by most input and getter keywords.</doc>
<status status="PASS" start="2024-09-09T12:50:49.021881" elapsed="0.004261"/>
</kw>
<arg>pcloudy</arg>
<status status="PASS" start="2024-09-09T12:50:48.336684" elapsed="0.689458"/>
</kw>
<kw name="Log" owner="BuiltIn" type="TEARDOWN">
<msg time="2024-09-09T12:50:49.028143" level="INFO">bye, Test.</msg>
<arg>bye, Test.</arg>
<doc>Logs the given message with the given level.</doc>
<status status="PASS" start="2024-09-09T12:50:49.027141" elapsed="0.001002"/>
</kw>
<tag>Functional</tag>
<status status="PASS" start="2024-09-09T12:50:45.212248" elapsed="3.816437"/>
</test>
<kw name="Log" owner="BuiltIn" type="TEARDOWN">
<msg time="2024-09-09T12:50:49.292119" level="INFO">this is my suite teardown.</msg>
<arg>this is my suite teardown.</arg>
<doc>Logs the given message with the given level.</doc>
<status status="PASS" start="2024-09-09T12:50:49.292119" elapsed="0.001001"/>
</kw>
<status status="PASS" start="2024-09-09T12:50:44.433951" elapsed="4.859169"/>
</suite>
<statistics>
<total>
<stat pass="1" fail="0" skip="0">All Tests</stat>
</total>
<tag>
<stat pass="1" fail="0" skip="0">Functional</stat>
</tag>
<suite>
<stat pass="1" fail="0" skip="0" id="s1" name="TestSuite1">TestSuite1</stat>
</suite>
</statistics>
<errors>
</errors>
</robot>
