<?xml version="1.0" encoding="UTF-8"?>
<robot generator="Robot 7.1 (Python 3.12.5 on win32)" generated="2024-09-24T13:25:55.185146" rpa="false" schemaversion="5">
<suite id="s1" name="Calculator" source="C:\Users\netzwelt\eclipse\RobotFramework\MobileTest\calculator.robot">
<test id="s1-t1" name="Open Android Clock App" line="12">
<kw name="Open Application" owner="AppiumLibrary">
<arg>${REMOTE_URL}</arg>
<arg>platformName=${PLATFORM}</arg>
<arg>deviceName=${DEVICE_NAME}</arg>
<arg>appPackage=${APP_PACKAGE}</arg>
<arg>appActivity=${APP_ACTIVITY}</arg>
<doc>Opens a new application to given Appium server.
Capabilities of appium server, Android and iOS,
Please check https://appium.io/docs/en/2.1/cli/args/
| *Option*            | *Man.* | *Description*     |
| remote_url          | Yes    | Appium server url |
| alias               | no     | alias             |
| strict_ssl          | No     | allows you to send commands to an invalid certificate host like a self-signed one. |</doc>
<status status="PASS" start="2024-09-24T13:25:55.358925" elapsed="31.542665"/>
</kw>
<kw name="Click Element" owner="AppiumLibrary">
<msg time="2024-09-24T13:26:26.903608" level="INFO">Clicking element 'id=com.google.android.calculator:id/digit_8'.</msg>
<msg time="2024-09-24T13:26:29.346417" level="INFO">criteria is com.google.android.calculator:id/digit_8</msg>
<arg>id=com.google.android.calculator:id/digit_8</arg>
<doc>Click element identified by `locator`.</doc>
<status status="PASS" start="2024-09-24T13:26:26.901590" elapsed="2.444827"/>
</kw>
<kw name="Click Element" owner="AppiumLibrary">
<msg time="2024-09-24T13:26:29.348416" level="INFO">Clicking element 'id=com.google.android.calculator:id/op_add'.</msg>
<msg time="2024-09-24T13:26:30.659933" level="INFO">criteria is com.google.android.calculator:id/op_add</msg>
<arg>id=com.google.android.calculator:id/op_add</arg>
<doc>Click element identified by `locator`.</doc>
<status status="PASS" start="2024-09-24T13:26:29.347415" elapsed="1.312518"/>
</kw>
<kw name="Click Element" owner="AppiumLibrary">
<msg time="2024-09-24T13:26:30.660932" level="INFO">Clicking element 'id=com.google.android.calculator:id/digit_4'.</msg>
<msg time="2024-09-24T13:26:32.663185" level="INFO">criteria is com.google.android.calculator:id/digit_4</msg>
<arg>id=com.google.android.calculator:id/digit_4</arg>
<doc>Click element identified by `locator`.</doc>
<status status="PASS" start="2024-09-24T13:26:30.659933" elapsed="2.003252"/>
</kw>
<kw name="Click Element" owner="AppiumLibrary">
<msg time="2024-09-24T13:26:32.664592" level="INFO">Clicking element 'id=com.google.android.calculator:id/eq'.</msg>
<msg time="2024-09-24T13:26:33.504761" level="INFO">criteria is com.google.android.calculator:id/eq</msg>
<arg>id=com.google.android.calculator:id/eq</arg>
<doc>Click element identified by `locator`.</doc>
<status status="PASS" start="2024-09-24T13:26:32.663582" elapsed="0.842180"/>
</kw>
<kw name="Get Text" owner="AppiumLibrary">
<msg time="2024-09-24T13:26:34.985043" level="INFO">Element 'id=com.google.android.calculator:id/result_final' text is '12' </msg>
<msg time="2024-09-24T13:26:34.985043" level="INFO">criteria is com.google.android.calculator:id/result_final</msg>
<msg time="2024-09-24T13:26:34.985043" level="INFO">${actualResult} = 12</msg>
<var>${actualResult}</var>
<arg>id=com.google.android.calculator:id/result_final</arg>
<doc>Get element text (for hybrid and mobile browser use `xpath` locator, others might cause problem)</doc>
<status status="PASS" start="2024-09-24T13:26:33.505762" elapsed="1.479281"/>
</kw>
<kw name="Log" owner="BuiltIn">
<msg time="2024-09-24T13:26:34.985043" level="INFO">12</msg>
<arg>${actualResult}</arg>
<doc>Logs the given message with the given level.</doc>
<status status="PASS" start="2024-09-24T13:26:34.985043" elapsed="0.000000"/>
</kw>
<kw name="Should Contain" owner="BuiltIn">
<arg>${actualResult}</arg>
<arg>12</arg>
<doc>Fails if ``container`` does not contain ``item`` one or more times.</doc>
<status status="PASS" start="2024-09-24T13:26:34.986043" elapsed="0.000000"/>
</kw>
<kw name="Capture Page Screenshot" owner="AppiumLibrary">
<msg time="2024-09-24T13:26:36.549236" level="INFO" html="true">&lt;/td&gt;&lt;/tr&gt;&lt;tr&gt;&lt;td colspan="3"&gt;&lt;img src="data:image/png;base64, iVBORw0KGgoAAAANSUhEUgAABaAAAAwwCAYAAAAgXrdYAAAAAXNSR0IArs4c6QAAAARzQklUCAgI
CHwIZIgAACAASURBVHic7N15nJXVmS/6Z9dATQgIMioygygoJU5RoyYSUaMmZtC0s0ZzT2I65/Zw
T6f73iSddHfMdJI2RtMnbY7pdEw6JlHjEFHBiIAyF4Iik8ggk8xFVVHDrtr3D5FjWVDU9NYuqO/3
88kn7nevd62nigL0t9f7rNT6DXsyAQAAAAAAHSwn2wUAAAAAAHBsEkADAAAAAJAIATQAAAAAAIkQ
QAMAAAAAkAgBNAAAAAAAiRBAAwAAAACQCAE0AAAAAACJEEADAAAAAJAIATQAAAAAAIkQQAMAAAAA
kAgBNAAAAAAAiRBAAwAAAACQCAE0AAAAAACJEEADAAAAAJAIATQAAAAAAInIy3YBQNuUl++N5ctf
i9deezW2bH479u/ff9ixvXr1jqEnD4tJkybHyJFjorCwMFKpVCdWCwAAAEB3lFq/YU8m20UAR5bJ
ZKKqqioee+y3sWb1qqitrYlMpvW/fVOpVBSXlMTZZ50XH7vsysjJ8SAEAAAAAMkQQMNRYNeunXHv
vd+LutraNoXOh5NKpeKE/gPiy1/+6+jRo6DD5gUAAACACAE0XUgmk4na2ppIp+ubHZdKpSI/Py/y
83t0UmXZU1lREff++HtRsW9fhwbPH5Sbmxv/9M8/0JYDAACAo1Z5+d7YvXtXVFVWRtX+yqiuro7a
mproUVAQRYVFUVRUHMUlJXH88X2jV6/e2S63y9m9e1ccf3zfrNawdu2aWLt2TYvHT5lyeYLV0FH0
gKbLqK6ujkWL5sWuXTubHZeXlxdDhpwUkyZN7qTKOl8mk4nnnn06Zs6ckWjw/J76+vpYu3Z1jBo1
NvG1ODpt3rwp7vvx99s9TyqVimHDRsRnPvsX0a9f/w6oDAAA6I4qKvbF6lUrYvXqlbFp89uxa9fO
SNfVtfj+vPz86Nu3X5w45KQYM2ZcjBl7SvTseVyCFXdtr7w8K3bu2hFXXXVttkuJGdOntXisAPro
IICmS8hkMrFnz+54+qnHWzT+hP4DYsKEMyIv79j7Ea6pqY57//V7sXv3rk5d9/e/+038j7/7erfa
BV1fXx9LliyMp596PFKpVFx9zadj4sRJkZubm+3SupTNm96O++77QYfMlclkYt26tfGD7/9LTDx9
Utxww20dMi8AAHBsS6fr4q233oxVq1bE6lUrYtu2re2br64u3tm2Nd7ZtjXKyhZGRMTAgYNi7Ljx
MXbsKTF8+KhjMnM4lLmvzI4nnvhDXHDhxdkuhWNU9/idRJdXX5+OXbt2tHx8Oh07d+6IgQMHJVhV
56upqY5//qf/L9LpdKevvW9feaPX//7v98edd37pmA6kV65YHo8/9ruD3+8/Pv67KC4uibFjT8ly
ZV3Hhg3r4qcP/Gsicy9buiTWX/BWDBs2IpH5AQCAY8OuXTtjzpyZsWjh/KipqU5snW3btsa2bVtj
/rxX4qyzz43zz78o+vbtl9h6XcHcV2bHH//4+2yXwTEuJ9sFQEREQ0NDVFZWtmp8VVXLxx8NtmzZ
HN/65j9kJXyOeHc38IYN6w6+zsnJiX/6VvbqSVplZWXMnTen0ddXXV0d8+e/HNXVyf0LzdFk48b1
iYXP7/m3n96b6PwAAMDRq7KiIp588tH40Q/viZfnvJRo+Px+NTXVMWf2zPjRD++Jp556LCorKjpl
3c4mfKaz2AFNl1BXl44tm99u8fh0ui62bNkUI0aMSrCqzlNTUx0/ue8H0dDQkNU6li1bcnA3ar++
/WLN6pVxz7e/Hl/7+rezWlcS1qxZGW+99WaT66tWrYh169bGKaecmoWquo7NmzfFA/f/KNtlAAAA
3VBNTXXMmvVizJ71YqeFzoeSTqdjzuyZsXDBvPjwRZfEhRdeEgUFhVmrpyNlO3yePn1aq3o9H87f
f/X/bnJt5MjRMWLkaP2hu5CjLoB+70C2bLcFaGhoiH37yqO6ujpqaqojLy8/CgsLo1ev3t2mR1BH
ymQaoqqqqsXj390B3fLxXdl7bTeyHT5HRKxf/9bBfy45cPhCVVVV/PCH98Rf/dVXs/77rqOk03Xx
wgvPHfKAirra2nh22pMxevSYyMvLz0J12bdly+ZDHjh4z3ca74b+h7//q8hkMofs5fzevwR88J5N
mzbGT+77nx1cMQAAcKzYtGlj/P53v46tW7dku5SDamqqY/rz0+K1Za/GZz57Q5x44tBsl9Qux0r4
fDhr166JtWvXRIRDCruKoyYp3bVrZyxfviwWLJgbl146NU4/vbTTa2hoaIiVK5bHGyteixUrlse+
8vImYwoLC2P0mHExYcIZceqpEyI/v0eH15FOp2Pbti3xzoHeROX7yqN6f1VUVVXFJ6+9LgYNGtzh
a7ZFJpOJ6urq2L+/Kgp6FERBYeEhw/n6+vooLy+P7du3tXjuugPfg/3790dhYWGTYDSTyUQ6XRf7
9++PhoaGKCkpSeTXor0ymUz864++22XaXOzZszsymUykUqnIzf0/HXp2bH8npj3zZFxx5TVZrK7j
TJv2VLzTzIEVW7duiRkznoupUz/eiVV1DVu3bokf3/u9bJcBAAB0M7W1NfH888/EnNkzD24+7Gq2
bt0S9//kh3HBhRfH1KlXHZUbELMdPkdEvHUgHE7ajOnTBNBdRJf+nVJTUx2rV6+MxYsXxBvLX8tq
LevWrY2nn3483t64odlx1dXV8dqyV+O1Za9G37794tpPXRejR4/rkBp27tweS18ti/nzX4k9e3Yf
ckx9fdcIMiMi9u/fH/PnzYmFC+fFsOEj4/TTS2PgwEFRVFQUPXoUHByzZcvbsWjRgti5a2eL565P
p2PjhvUxa9af4/TTS6Nfv36Rn98j6uvro6amJior98XGDetj2bIlsX///jj/goti4sRJXW4H77Rn
njzsr2U2vL/38ft3mGcymZg1689x1tnnRv/+A7NRWofZuHF9LFww74jjFi6cGxMnToohQ07shKq6
hq1bt8S9//rdbJcBAAB0M1VVVfHrX/8i3lyzKtulHFEmk4nZs16MLVs2xw033BbFxcXZLqnFukL4
HBEHdyfTfXS5ADqTycTGjevjtddejYUL5sb+/fuzXVKUlS2MP/z+N1FfX9+q+3bt2hk/f/Cncc01
n44Pnf/hNq+fTtfFK6/Mjuee+9MhWwZ0RfX19bF16+aY8/JLUbFvX+zcuSOWvro4Bg85MSZNmhzD
h4+K3NzcWLZsScya9eeoralp1fyZTCb27t0TL/75+Vj66uL46Ecvi2HDR0Z5+d5YtfKNWLZsSezc
uSMiInJzc2POnJkxbNiI6N27TxJfbptUVlbGrFl/znYZjdSn0wd3QO/csb3Re5lMJu6773/GN7/5
3S4X5LdUbW1NzJ//StTWHvnnraqyMhYtmhcDBlzdLVpxbN70dtx33w+yXQYAANDNbNy4Pn7z6/+I
3bt3ZbuUVnlzzar4yX0/iJtvuTMGDx6S7XKOqKuEz3RPXSaA3rNnd7yx/LVYuHBubN68KdvlHLR6
9Yp45Le/anJ92LARMf7UCXHCCf2joKAg6mrrYtu2LbFkyaLY9oFH+5944g/Ru3efOPW0ia1ev6qq
Kn7721/GqpUrmh13XK9eUVRUHLm5XeOXtLKyIhYunBcV+/YdvJY+sGv57Y0boqioKIqKig+GxG2V
yWRi584d8dhjj0TvPsfHvn3lTcLs+vr62P7Otli8aH5cdPGlkZub2641O8q99363Sz5W1NBQHzk5
ObF3754m79XV1sbMF6fHJR/5WBYqa7/t29+JZUuXtOj73tDQEIsXzY/zz/9w9OvXvxOqyx7hMwAA
kA0bN66PBx98oNWb0rqK3bt3xb/9273x+c9/MU4+eXi2yzks4TPZlvW0cuXKN2LxovmxdGlZtktp
Yt++8vj973/T6FpxcXF85jM3xCnjT2uyC3T8qRPiwg9fEjNnzojpzzdupv7UU4/FyFFjorCw5ael
VlZWxq/+8+exbt3aJu+detrEOO3UiXHiSSfH8ccff7ClRVeQTtfFxo3r4/XXlx7y/UwmE1VVVR16
iGA6nW6yY/f9qqur49VXF8epp50eAwcO6rB122rXrp2NwvmuaNeuQ3/6/Nxzf4qLLr40cnJyDvl+
V1VfXx9/+tMTrTpBubq6Ov74xz/Erbfe1WU+uOho77yzVfgMAAB0ujffXBW//OXPj9rw+T21NTXx
85//NG6++Y4Oa8HakYTPdAVZT5CmPfPEYcPnwsLCOP+Ci7IW/MydOyfK9+49+Do3Nzduv+O/xfhT
Jxy2BUFeXn5ceunlTXaI7t69q1Uhe0NDQ/zxj79rEj6PHDUm7v7yX8fNN38+zpx8TgwcOKhLhc/v
tsbYG3PnzulSf4lkMpnYs2dPzJ07O9Lp7LYxyWQyce+932vx7udUKtXs/zpaTk7uwUMcDyWTycT0
BE+rTcqC+a/EurfebPV9b65ZFWVlCxKoKPveeWdr/OiH38l2GQAAQDf04oszulRu0B61NTUxc+YL
2S6jCeEzXUXWd0AfysTTJ8Xpp5fGmDHjoqCgMBYsmNvq/svtVV1dHXNmz2x07dJLp8ZJJ53covs/
8pEpUbZ4QaM2BitXLo9zzvlQi+6fO3d2LFu6pNG18y+4KK64omv3o62trYk33ngt1qxeme1Smqip
qY7ly5fFKaecFuPGjc9aHVVVVVFXW3vY998Llvv2OyFGjRwdI0eNiRNOGBC9evWKvLz82Ldvb+zd
u+fdAzFTqdhfVRWrV6+I7Tu2H+zh3FaFhYWRSqVi9+5d0dDQcNhxL82cEZdddmWb1+lsu3fvipkz
ZzT7NR1OQ0NDzJr1YowZc0qX6iHeXsJnAAAgmz73uVvivh9//5DtH482vXv3ic997pZsl9HIn194
Lp577k/ZLgMiogsF0MOGjYgzJ58Tp5xyavTq1Tvb5cTbb69v8qj+mZPPafH9PXoUxFlnnxcz3rdT
dPXqlQcPeGtOefneeP4Df0ic96EL4+Mf/2SXbnuQyWRi165dMfeV2R02Z25ubqRycqKhvr5N4eEH
VVVWxssvz4zhw0dEQUHL26F0pMce++0hQ+Lc3NyYMOGM+NhlV8bxx/c9+HOyd++emDXrz1G2eEHU
1tZGQ0NDZDKZyMnJiW/90/cjNzc3rohr3m1tUlkZM1+aEa+8PCvq6+tbHUYXF5dERMSCBXObvbe+
vj42blwfQ4cOa9X82VBfXx+LFs2PffvK2zzHrp07YunSsrjwwkuO2gMYP6gt4fOLL05v9Pq9n5Ht
72xr8t7h7ikv33vIcQAAQPdSUlISt972hXjggR9Fui67Tyq3R15+ftx62xeipKQk26UcNH36tEZ5
FGRb1gPoc8+9IIYNHxmDBg3u1GDnSEHwpk1vN3p98rDhrd79eOKQkxq9rqutjZqamiP2gX7lldlR
Xf1/wu+Thp4cV1xxdZcOnyMi9u/fH0vKFrb7YMG8/PwoLi6OwsKi6N27TxQXFUd5+d4oL98b1TXV
sb+qqs1hdDqdjk2b3o5ly5bEWWed164622rN6lUH/zmVSsVxvXrFtddeH+PGjT/4M1lXVxvTn58W
c+c138rk/T8TqVQqSnr2jCuv/ERceeUnYuPG9fHYo7+NrVu3tDiIHnCgP/aC+S8fceyzzz4dd975
pRbNm02VlRWx8DBPUVx+xdVx6qkTmlz/9cO/iK1btxx8nU6n45WXZ8U553woax9cdAXPTnvqkNe3
bt0SWw/z3uHuAQAAGDx4SFx//U3x8K8eynYpbXb99TfF4MFDsl3GQcJnuqKsB9DnfejCTl2vbPGC
eHHmjKisrIgJp50eUy+/OoqKipqMq6hofEDcgAGtP7iuoBUHDr6ntrYm5s+b0+ja1Kkf71J9ng+n
unr/YQ8ebIlUKhXFJSUxbNiIOO+8C2LYsBEHv+5MJhOVlRWxYsXrsWDB3Ni2dWurDpN7v5rq6nj9
taVZCaD37t0TtbXvBso5OTnxpbv/KoYMOanRhyE///lP4621a47Yduaiiz7a7IcoQ4cOi6/89/8R
O3fuiJ/c94NGH2ocztgxp0RdXW2LDoh8e+OGI47JtkwmE8/86YnDPtLV67he0b//wCbX8/KbtrnZ
vXtXPPXU4/GpT11/zOyCBgAAyLYJE86Iiy++NGbOnJHtUlrt4osvjQkTzsh2GQcJn+mqsh5Ad6ZN
mzbGI488fPD1vHkvR0FBYVxx5TVNxk6cOClGDB918HWv3q1vC1LzgcCvqKgoCgqaD5LfXLO6Ufg3
aNDgGDlyTKvXzoaCHgUxevTYqKysaFHY+X6pVCr69Dk+zvvQhXHeeRc0CdxTqVT07HlcTJ58bowa
NTZmvjg9lixZ3OoQOicnJ3r37hOjRo9t1X0d5Y3lr0VEROmZZ8dnP3vDwSAzk8nESy+9EM9Oe6pF
u5VTqVRMPqtlLWH69TshvvGP34n581+Jxx975LDzp1KpOGPS5Hj0D4duEfJBtbU1UVlRESU9e7ao
jmxYufKNWLZsyZEHttCSsoVxxhmlXfJkYwAAgKPV1Muvil27dzY5C6srm3j6pJh6+VXZLuMg4TNd
WTcLoN9ucm316hVxRTQNoE8+eXi719u2bUuj16PHjDvizsk3165u9Pqss8/r8q033lPSs2dcNvWq
KCgojMVlC6KyoqLFrR+KS0rivA9dGBdd9NFmx6VSqTj++L7xsY9dGQ2Zhli0cH6L23Hk5eVF//4D
4sMXfTRKS89q0T0dbfkbr8Xf/O0/RL9+/Q9eq66ujh98/5+iqqqqVT2bW9sS5pxzPhSTJp0Z3/6X
bxwyuM/NzY28vNx47bVXWzRfJpOJDRvXx/jxp7Wqjs5SVVUVL7zwbIceYJpOp2PmzBfipJOGHbGV
DgAAAC2TSqXiuutujJ07tsfmzZuyXc4RDRlyYlx33Y1d5ulY4TNdXbcKoA8V2B3q8fuO0NDQ0GTn
5bhx45u9J5PJxIo3Xm90bezYUw6+t337tnjrrbWxbduWqKjYF7U1NVFcXBL9+w+IoScPi+HDR0Ve
XnZ/SYuLi2PKxy6PwUNOjBkzno09u3dFOp1u9p68/PyDbTdavE5JSVxwwSWxYf262LZta7NjU6lU
9OhRECcNPTkuu+zKDvlwoa3uuOO/NXq9YcO6+Lef3tvqwwJzcnIiL69pm4gj6dGjIL7+jW/Hz/7X
fbF+/VuN3jtl/Gkx/flprQpsV616o0sG0JlMJpYvX9qoj3NH2bhhfaxa9Uacfnpph88NAADQXeXl
5cctt94V9933g6isqMh2OYdV0rNn3HLrXW36b/IkCJ85GnSrAHrMmHFx9jnnxYL5cyPi3QPXLp0y
NZG1Vq58o9GndoWFhXHKKU0PO3u/8vK9jQ7wy+/RI44/vl9s2bI5pk9/Jpa/vqzZ+0/oPyCuvOKa
GH+IQ9U6U35+j5gw4Yzo3btPTJ8+Lda+ubrZ8cXFxYdsu9Gcd1t29Ilzzj0/nnzi0ebr6dEjJp4+
KS65ZEr063dCi9dI2isvz4onn3y01eFzRESfPse3+ZPWnJyc+G9f/O/xm1//RyxdWhYR734/r7nm
03HPt7/Rqrk2b276VEFXUF//7qGBdbW1HT53TU11zJ79ogAaAACgg/Xu3Sduvvnz8e8/+0mHPs3a
UXJzc+Pmmz/f6ieSkyJ85mjRrQLonJycuPba6+MjH7ks6upqo2/ffol8YlVTUx3PTnuy0bVLPvKx
KCkpafa+HTveafT65JOHx+uvL43fPfJwi/7g3bH9nfjlLx+MS6dcHpdeOjWrj4Lk5eXF8OEj48or
r4mf3Pc/mx1bWFgUw4aNaPUaPXoUxPBhIyMnJ6fZNhy9evWOq6++tksd5Nie8Dki4rjjerW7hs/9
xS1RV1cbb7zxepT07Bk/+9lPWl3P7t272l1HEmbMeC7Rx7Y2blgfL7zwbHz0o8l8gAUAANBdDRs2
Iq6+5tPx+GOPZLuUJq6+5tNtyi+SIHzmaHJ0NBfuQO/1EB4wYFBij0s8//wzjdpCDBw4KM4998jt
JXbtahzmbdu2Jf7rN79sEj4PGXJijB4zLgYMHHTIeWZMnxYvvfRCGyrvWO+2vujR7Jjc3Nzo3btP
m8LhVCoVBYWF0atX8wdEvteCo6soK1vYrvA5Ijqk/3AqlYpbbr0r+vQ5Ps7/0Idj547trZ6jtYdN
doYtWzbHnDkzE19n5swX4p13mm//AgAAQOude+75ce6552e7jEa6Uk3CZ4423WoHdGcoK1sYc2Y3
Dr8+ee11LQoMy8v3NHpdsW/fwX/u0+f4uHTK1Bg/fmKjndR79+6JxYvmx3PP/anRvdOeeTJGjBiV
1X7HLZHKyYniouI235+bmxvFxcWxZ8/uDqwqObt374rfPfJwu8LniIjcDuz1/Td/+//G17/2/7Sp
pvZ+HR2ttrYmXvzz84m03miyVk1NzJ79Ylx99aciP7/5D1oAAABonWs+8ZnYunVLk/OLsmHYsBFx
zSc+k+0yIkL4zNGp2+2ATtLGjevjsQ88InLplMtj+PCRLbp/X3n5Ia+PP3VCfPnLfxNnnXVekzYe
vXv3iY989LK45ZY7m9w3Y8a0rAeER1o/09AQ5eV721xnOl0X5fsO/X1rTR2d5Yc/vKdDaqntoIA1
nU7HN//xq22uKS83t0Pq6Cjr178Va9as7LT1li9/LbZs2dxp6wEAAHQXOTk5cfMtd8YJ/QdktY4T
+g+Im2+5M3Jysh+hCZ85WmX/d88xYufOHfHrh3/RaOflmLGnxMUXf7TFcxwqVBw77pT43OdujpKe
PZu9d/ypE+KSj3ys0bVVK1dkLRzLZDJRU1MdO3fsaHZcfX19lJfvjcrK1p9w++695Y12ih9yXDod
O3a8E+l0utVrdLT6Dqqhunp/u+dIp9Pxne/8Y7u+L0Xt2L2ehJfnvBRVVVWdtl5lRUXMmvXnTlsP
AACgOykpKYnbbrsrCgra34ayLQoKCuO22+464plenUH4zNFMAN0BKir2xa8ffqhRG4gBAwfFZz97
Q6seza+taxxA5/foEZ/4xGdb3L/4ggsuivwP9FxetXJ5i9fvKJlMJiorK2Lp0iXx9NOPH3F8dU11
rFjxeqt34VZXV8fKFUf++srL98Zjjz4S69a9GXV1ybdm6Ax79+458qBm1NXVxne/+82orGh98P9+
x/ft1677O9LChXNj9erO2/38njeWvxZlZQs7fV0AAIDuoF+//nHjTbdFKpXq1HVTqVTceNNt0a9f
/05d91CEzxztBNDtVFNTHf/1X/8ZmzdvOnitqKgo/uIvbo3jjuvVqrkaPnDY4OTJ50TfVgR8PXse
F6WTJje6tubN1a2qob0aGhpi166dMXfunHjqqcdi587md0BHRFTv3x8LFsxtVR/ndDodW7a8HYvL
FrRo7Lp1a+Pxx34Xry17tVN3yH5QcQd9arqvvDwaGhradG9VVVV8+1++fsSd4y3RVU7/rajYF8/8
6YkmB3Z2hvr6+nj+uT9FZWVlp68NAADQHYwZc0pcNvXjnbrmZVM/HmPGnNKpax6K8JljgUMI2yGd
Tsejf/htvLlm1cFrubm5ccONt8WgQYPbPX9xcevDyuEjRsX8+a8cfL1+/VvR0NDQKb2KGhoaYtu2
rTF9+jOx/PVlLb6vvr4+tm3dGi/NnBFTplwRxSUlzX6ymU6n4513tsXMmS+0OETNZDKxc+eOeOKJ
P8TZWzfHxRddesS2Jkk46cShsXLlGx0yVzpd1+Ld8e9Z/vqy+NWv/neH9KFOpVIxbtz4ds/TXul0
Oma99OfYv7/1bUlee31p7Ny1s8n18vK9rZqnvHxvzJs3Oy6+eErkdrG+2AAAAMeCSy6ZEps3vx3L
li5JfK2Jp0+KSy6Zkvg6RyJ85lghgG6jTCYTTz/9eCxdWtbo+uf+4pYYPXpcm+bM+UBw1ZYdrv0/
0Jw/XVcXVVWV0bPncW2qqTUqKvbFtGlPxKqVK1p9b01NdZSVLYr6hvq44IJLok+fPtGjR0GjILq+
vj6qq6tjy5a3Y+bMF2JNG9otVFdXx/x5r0RDQ0NcddW1rb6/vSaVntVhAfSO7dtjyIkntWhsJpOJ
H/7wnti5Y3uHHsg4cGD7P2hprx07tseyZUva9HUtf31Zqz4sOZz6+vpYvHhhTJp0VqueWgAAAKDl
rrvuxti5Y3ujp9A72pAhJ8Z1192Y2Pwt9dxzf4o/v/BctsuADiGAbqMXXng25r4yu9G1az91fUyY
cEab5/xgU/2amuo2zNF0R2xdXV2ba2qN+vr62Lun7b2Ja2qqY/GiBbFh/bo459zzY/iwkVFYVBQ5
OTmRTtdFeXl5rFr5RixaPL9d7SPqG+rb3UO5rcaMHhepVKrdIXAmk4kZLzwbN9/8+WbHpdN18cIL
z8eLf36+Q4PniIji4uJD/rx1tnnz5sTu3buyXUbs3LE95s6dHVde+YlslwIAAHBMysvLj1tuvSt+
+sC/JvLf9b1794lbbr0r8vLyO3zu1njiiT/EKy/PymoN0JEE0G0wb97LMf35xo9AXH7F1XHOOR9q
17x9+hzf6HVbDohraGgaMubnd84fnMXFxXHeeRfG008/Hul0uk1z1NfXx7ZtW+PJJx6N3Nzc6NWr
dxQVF0d5+d4O6VmcSqWid6/ece6557d7rrYoLimJoqKiDulD/cby1yKTyRyyXUllRUU8M+3JKFu8
oM29oo9k7LhTO/0QiA96881VsWjR/KzW8H5z586J8eMnxIgRo7JdCgAAwDGpd+8+cettX4gHHvhR
pDtww11efn7cetsXonfvPh02Z1sInzkWCaBb6fXXl8bjjz3S6NolH/lYXHTRR9s99wfbZ6xbv/aw
AePh7N/fNNgsLCw8xMiOV1BQGONPnRBLliyK9evfavd89fX1sXv3rg7d3dqjR0GMO+XUNrdJaa9U
KhWTSs+Kl+e81CHz7d+/P4qKiiKTyURlZUUsWjgvZs6cETU1NR2+4/n9UqlUfDzLO33T6bp4STTp
rwAAIABJREFU8olHo662ts1zfPLa6+L000ubXH/wwftj86a3Wz1fXW1tPDvtqbjzrrsjL88frwAA
AEkYPHhIXH/9TfHwrx7qsDmvv/6mGDx4SIfN1xbCZ45VEpJWeOutN+O//us/G10799zz42Mfu6JD
doIOGXJio9fle/fGzp3b44QTBhzmjqbeeWdbkzk789GRkpKSuPDDl8TWrVva1EIkSalUKvr06RNn
n92+nertdeWVn4i5r8xu987kTCYTDzzwo6irq43KiopoaGhINHR+v9y8vKwc4viehoaGWDB/buzc
uaNd8/TIz4+ioqIm19tzaOeWrZvj1VcXxZlnnpP1HeIAAADHqgkTzoiLL740Zs6c0e65Lr740na1
VO0IwmeOZW1PWbqZLVs2x8MPP9To8Y4zzjgzrrr6U+0Kq96vf/+BTULo15a92qo5Vq1qfMBdZ+/0
zcvLjxHDR8WEiWd0ufCtuLg4Ss88OwYNyu7Bebm5uR32SM+unTvihH79o76+vtPC54iIO+/8Uqet
dSgVFfti0eL5bW71kqTamppYMH9uVFd3rQ9gAAAAjjVTL78qxo47pV1zjB13Sky9/KoOqqhthM8c
6wTQLbB79654+OGHGvVkHjdufHzq09d36GP2qVQqzjrrvEbXZs+Z2eLG+u+8szVef21po2ujRo/t
sPpaqrCoKM4++7w4rlevw47Jycnp8O9dXl7eYUPv3NzcGDhwcEyefE6HrdkeX/nv/6NDAvpMJhPH
HderU9s95ObmxsknD++09Q5l6dKy2PT2xqzW0Jz169+KZcuWZLsMAACAY1oqlYobbrgtTujf8ifH
3++E/gPihhtuy+oGOuEz3UG3DaBbulu0sqIiHn74odi5Y/vBa8OGjYjrrr85evQo6PC6zpg0OYqL
ixut/+STj0Y63Xxj/XQ6HX96+o+Nrg0cOChGjRrT4TUeSW5ubgwYMCgmTz630e7wVCoV+T16RO/e
feLEk4bGyFGjo+dxx7X7D/q8vLzo27dfjB49NgYNGhwlPXs2CWRLevaMs84+L3r2PK5da3WUwsLC
GDZsRIfMtWzZkvi7r34jcnNzO2S+5qRSqbjj81/M6l/OO3a8Ey/MeDZr67fUtGeeiJ07tx95IAAA
AG1WUFAYt912VxQUtO78q7be15GEz3QX3S6ALlu8IH70o+/Ev/zL1+Lxxx6J/fv3H3ZsbW1N/PaR
XzXaaTl48JC44cbbGoXEHam4uDimXn51o2uvv7Y0fvfIrxvtwH6/6urq+OMffx8rVzZuv/HRS6d2
Sih5KIWFhXHGGWfGwIGDIi8/P4qLi+OE/gNi4sRJ8enPfC7uvPNLcdNNd8RVV10bAwcOiqKiolaH
mrm5uXFcr14xctTouO76m+KWW++KOz7/xbjyimti5KjR0afP8VFQUBg9Cgpi2LARUVp6VkJfbdt8
/s4vdUiQ29DQEA/973+LL//l33ZYO5jD6du3X4wcOTrRNZpTX18fzzzzZLO/b7uK/fv3x4wZz0V9
fX22SwEAADim9evXP2686bYWZyC5ublx4023Rb9+/ROu7PCEz3Qn3eoQwk2bNsYjjzx88PW8eS9H
QUFhXHHlNU3GNjQ0xGOPPhKrV61odL1vvxPilVdmt6uOAQMGNhuGnnXWufHmmlWxdGnZwWtLl5bF
hg3r4kPnfziGDx8ZRUVFsX///ti4cX3MnTsndmx/p9EcZ5xxZkycOKlddbZHKpWKvn37xkc+elks
W7Ykhgw5KSZOnBT9+p3QaNzpp5fG8OEjY+HCufHynJeiqqqqRfPn5OREvxP6xyUXXxqnTTj94G70
nj2PizMnnxOnn3FmbNmyKV59dXGUl++NCy+8pMO/xvbKy8uLm2+5M/7zlw+2u3/zli2bY/v2bfGX
X/l/4r4ff7/dBxweSiqVir/8yt92+LytsWLF67H2zdUdNt8jjzzc6M+EjrZq1Ruxdu3qGDOmfT3J
AAAAaN6YMafE1dd8Oh5/7JEjjr36mk9n9b/ThM90N90sgH67ybXVq1fEFdE0gK6trY0lSxY1uf7B
Hsttcc45H2o2gM7JyYlPXntdVO2vijWrVx68vmfP7njmT08ccf6Ro8bE1dd8OuuHAObn94iJEyc1
G4SnUqno3btPnHXWebFm9apYt25ti+bOy8+PYcOGR+mZZx/6/by8GDp0WAwdOqxNtXeW8eNPizFj
x8WqlSuOPLgZmUwmfvPr/4ivff3b8Xdf/UZ8555/7NBDCVOpVNx8y51ZfTSptrYmFi9ecFQd7ldZ
URGLFy2IkSPHZO1pBAAAgO7i3HPPjy2b3455815udsy5557fiVU1JnymO+pWLTh69+7T5Fr//gOz
UMmRFRUVxU033R5nn3PekQe/zxlnnBk33nh7lJSUJFRZMvJy86LvB3ZHNz8+N/r2bfn4ruzWW78Q
JT17tnueTCYT3/nOP0ZJSc/41j99/5A/72117rnnx/jxp3XYfG1RXV0dq1a1L6jPhteXL4uGBm04
AAAAOsM1n/jMYc9cGjZsRFzzic90ckX/h/CZ7qpbBdBjxoxrFOgOGDgoLp0yNYsVNa+goDA+9anP
xefv/GKcetrEw47Lzc2NCRPPiM/f+cX43F/cklh/6iSlcnJaFZq/O779oW1XkJOTE//wD9+K/B49
2j1XbU1N3PPtr0dubm783Ve/ER+/6pPt6gudSqVi5MjRWf0L+v0ajsJ+yvXpdLZLAAAA6DZycnLi
5lvubLIpq3fvPnHzLXcmfnbS4Qif6c6OihYc3/rW9zpknpycnLj22uvjIx+5LOrqaqNv336Rl5d/
yLGFhYVxz3f+tUPWba/Ro8fF6NHjorKiIra9szWqqiqjrq4uCguLoqSkJPr3HxhFRUXZLrNd8vPz
YvDgE1s+Pi8/hgxp+fiuLicnJ772tX+Of/7nr0VtTU275qqsrIx77vlG/P3ffzMuvPCSOPvs8+KX
//FgvPXWm61uyzFixKi46wtfblc9HaVHj4IYf+qEWPHG60fNwX55+flx6vgJkZOj/cbh5OUdFX8N
AQAAR5GSkpK49bYvxAMP/CjSdXWRl58ft972haw9LS58prtLrd+wp+MaxUIbpdPpePPN1fGLh/5X
i8b37dsv7vj8F5scangs+N53vxV79uxudw/n4uLi+LuvfuPgAY11dbXxi1/8e6x7680jHlKYSqXi
nHM+FJ/45GejtrYmMpmI3NycyM/vEbW1NQfn7Gw1NdVRXV3dof2tk5RKpaKoqChr36/mPP304zF7
1ovZLiP+8ZvfyWpvcQAA4Ni1bNmS+PXDv4gbbryt2fOpknQ0hc8XXHhxXHXVtYmvM336tJgxfVri
64wcObrLbKrr7gTQdBk7d+6In/3sviO3LEilYuCAQcfsHyKZTCYef+yRWLBgbruD1rz8/PjCF77c
6DDG+vr6WLq0LF6aOSO2bdt6cM33pFKpuPGm2+O0006PiIi1a9fE6lUrYsPG9XHeeRfE888/E3/9
13/frrroGp588tF4ec5LWVv/y3/5N3HiiUOztj4AAHDs27BhXZx88vCsrL19+7Z49dWyrKzdFief
PDzGjj0l8XXWrl0T//6znyS+zl1f+HKMHDk68XU4MgE0XUZdXW2sXftm7Nq5o9lxuXl5MWjQ4Kz9
BdJZNm/eFD994EeRbmcP4VQqFZMmTY7PXndjpFKpRu+l0+koL98b6956M5a8ujh27doZX/rSXzXq
I75///5YurQsVq54PU48aWgsXDAv/u6r32hXTXQd6XRdbNr0dtTV1XbamiUlx8XgwUM6bT0AAAC6
nrVr18TatWsSmXvKlMsTmZe2EUBDF9bQ0BDTpj0Zs2e92P7d0Hl5ccONt8f48ae16f5MJhOpVOrg
/wMAAADAkQig4SjQ0NAQjz762yhbvOCI/Zubk0qlIjcvL26//f+KESNGCZIBAAAASJQAGo4ya9eu
ienPPxObNr8ddbW1Ld4Z/V7YXFxcHGPHjo/Lpn48+vQ5PslSAQAAAOjmBNBwFKuo2Bfr1q2N1atW
xKbNb8fevXuiuro60nV1kd+jRxQXFUffvv1i2LARMXbc+Bg8+MQoKCiw8xkAAACATiGABgAAAAAg
ETnZLgAAAAAAgGOTABoAAAAAgEQIoAEAAAAASIQAGgAAAACARAigAQAAAABIhAAaAAAAAIBECKAB
AAAAAEiEABoAAAAAgEQIoAEAAAAASIQAGgAAAACARAigAQAAAABIhAAaAAAAAIBECKABAAAAAEiE
ABoAAAAAgEQIoAEAAAAASIQAGgAAAACARAigAQAAAABIhAAaAAAAAIBECKABAAAAAEiEABoAAAAA
gEQIoAEAAAAASIQAGgAAAACARAigAQAAAABIhAAaAAAAAIBECKABAAAAAEiEABoAAAAAgEQIoAEA
AAAASIQAGgAAAACARAigAQAAAABIhAAaAAAAAIBECKABAAAAAEiEABoAAAAAgEQIoAEAAAAASIQA
GgAAAACARAigAQAAAABIhAAaAAAAAIBECKABAAAAAEiEABoAAAAAgEQIoAEAAAAASIQAGgAAAACA
RAigAQAAAABIhAAaAAAAAIBECKABAAAAAEiEABoAAAAAgEQIoAEAAAAASIQAGgAAAACARAigAQAA
AABIhAAaAAAAAIBECKABAAAAAEiEABoAAAAAgEQIoAEAAAAASIQAGgAAAACARAigAQAAAABIhAAa
AAAAAIBECKABAAAAAEiEABoAAAAAgEQIoAEAAAAASIQAGgAAAACARAigAQAAAABIhAAaAAAAAIBE
CKABAAAAAEiEABoAAAAAgEQIoAEAAAAASIQAGgAAAACARAigAQAAAABIhAAaAAAAAIBECKABAAAA
AEiEABoAAAAAgEQIoAEAAAAASIQAGgAAAACARAigAQAAAABIhAAaAAAAAIBECKABAAAAAEiEABoA
AAAAgEQIoAEAAAAASIQAGgAAAACARAigAQAAAABIhAAaAAAAAIBECKABAAAAAEiEABoAAAAAgEQI
oAEAAAAASIQAGgAAAACARAigAQAAAABIhAAaAAAAAIBE5GW7AAAAAACArqiqqiqmT38uysoWxcaN
GyIiYujQk6O0dHJMmXJZFBcXZ7nCri+1fsOeTLaLAAAAAADoSsrKFsVDDz0YVVVVh3y/uLg4br/9
zigtndzJlR1dtOAAAAAAAHifsrJFcf/9Pz5s+Bzx7u7o++//cZSVLerEyo4+AmgAAAAAgAOqqqri
oYcebPH45nZJI4AGAAAAADho+vRnWxUov9sn+tkEKzq6CaABAAAAAA4oK1vcKfd0FwJoAAAAAIAD
Nm7c0Cn3dBcCaAAAAAAAEiGABgAAAAA4YOjQkzvlnu5CAA0AAAAAcEBp6Zmdck93IYAGAAAAADhg
ypSpUVRU1OLxRUVFMWXK1AQrOroJoAEAAAAADiguLo477rirxePvuOOuKC4uTrCio5sAGgAAAADg
fUpLJ8fdd3+l2Z3QRUVFcffdX4nS0smdWNnRJ7V+w55MtosAAAAAAOhqqqqqYvr0Z6OsbHFs3Lgh
It49cLC09MyYMmWqnc8tIIAGAAAAACARWnAAAAAAAJAIATQAAAAAAIkQQAMAAAAAkAgBNAAAAAAA
iRBAAwAAAACQCAE0AAAAAACJyMt2AQAAAAAAXVFVVVVMn/5clJUtio0bN0RExNChJ0dp6eSYMuWy
KC4uznKFXV9q/YY9mWwXAQAAAADQlZSVLYqHHnowqqqqDvl+cXFx3H77nVFaOrmTKzu6aMEBAAAA
APA+ZWWL4v77f3zY8Dni3d3R99//4ygrW9SJlR19BNAAAAAAAAdUVVXFQw892OLxze2SRgANAAAA
AHDQ9OnPtipQfrdP9LMJVnR0E0ADAAAAABxQVra4U+7pLgTQAAAAAAAHbNy4oVPu6S4E0AAAAAAA
JEIADQAAAABwwNChJ3fKPd2FABoAAAAA4IDS0jM75Z7uQgANAAAAAHDAlClTo6ioqMXji4qKYsqU
qQlWdHQTQAMAAAAAHFBcXBx33HFXi8ffccddUVxcnGBFRzcBNAAAAADA+5SWTo677/5Kszuhi4qK
4u67vxKlpZM7sbKjT2r9hj2ZbBcBAAAAANDVVFVVxfTpz0ZZ2eLYuHFDRLx74GBp6ZkxZcpUO59b
QAANAAAAAEAitOAAAAAAACARAmgAAAAAABIhgAYAAAAAIBECaAAAAAAAEiGABgAAAAAgEQJoAAAA
AAASkZftAgAAAAAAuqKqqqqYPv25KCtbFBs3boiIiKFDT47S0skxZcplUVxcnOUKu77U+g17Mtku
AgAAAACgKykrWxQPPfRgVFVVHfL94uLiuP32O6O0dHInV3Z00YIDAAAAAOB9ysoWxf33//iw4XPE
u7uj77//x1FWtqgTKzv6CKABAAAAAA6oqqqKhx56sMXjm9sljQAaAAAAAOCg6dOfbVWg/G6f6GcT
rOjoJoAGAAAAADigrGxxp9zTXQigAQAAAAAO2LhxQ6fc010IoAEAAAAASIQAGgAAAADggKFDT+6U
e7oLATQAAAAAwAGlpWd2yj3dhQAaAAAAAOCAKVOmRlFRUYvHFxUVxZQpUxOs6OgmgAYAAAAAOKC4
uDjuuOOuFo+/4467ori4OMGKjm4CaAAAAACA9yktnRx33/2VZndCFxUVxd13fyVKSyd3YmVHn9T6
DXsy2S4CAAAAAKCrqaqqiunTn42yssWxceOGiHj3wMHS0jNjypSpdj63gAAaAAAAAIBEaMEBAAAA
AEAiBNAAAAAAACRCAA0AAAAAQCIE0AAAAAAAJEIADQAAAABAIgTQAAAAAAAkQgANAAAAAEAiBNAA
AAAAACRCAA0AAAAAQCIE0AAAAAAAJEIADQAAAABAIgTQAAAAAAAkQgANAAAAAEAiBNAAAAAAACRC
AA0AAAAAQCIE0AAAAAAAJEIADQAAAABAIgTQAAAAAAAkQgANAAAAAEAiBNAAAAAAACRCAA0AAAAA
QCIE0AAAAAAAJEIADQAAAABAIgTQAAAAAAAkQgANAAAAAEAiBNAAAAAAACRCAA0AAAAAQCIE0AAA
AAAAJEIADQAAAABAIgTQAAAAAAAkQgANAAAAAEAiBNAAAAAAACRCAA0AAAAAQCIE0AAAAAAAJEIA
DQAAAABAIgTQAAAAAAAkQgANAAAAAEAiBNAAAAAAACRCAA0AAAAAQCIE0AAAAAAAJEIADQAAAABA
IgTQAAAAAAAkQgANAAAAAEAiBNAAAAAAACRCAA0AAAAAQCIE0AAAAAAAJEIADQAAAABAIgTQAAAA
AAAkQgANAAAAAEAiBNAAAAAAACRCAA0AAAAAQCIE0AAAAAAAJEIADQAAAABAIgTQAAAAAAAkQgAN
AAAAAEAiBNAAAAAAACRCAA0AAAAAQCIE0AAAAAAAJEIADQAAAABAIgTQAAAAAAAkQgANAAAAAEAi
BNAAAAAAACRCAA0AAAAAQCIE0AAAAAAAJEIADQAAAABAIgTQAAAAAAAkQgANAAAAAEAiBNAAAAAA
ACRCAA0AAAAAQCIE0AAAAAAAJEIADQAAAABAIgTQAAAAAAAkQgANAAAAAEAiBNAAAAAAACRCAA0A
AAAAQCIE0AAAAAAAJEIADQAAAABAIgTQAAAAAAAkQgANAAAAAEAiBNAAAAAAACRCAA0AAAAAQCIE
0AAAAAAAJEIADQAAAABAIgTQAAAAAAAkQgANAAAAAEAiBNAAAAAAACRCAA0AAAAAQCIE0AAAAAAA
JEIADQAAAABAIgTQAAAAAAAkQgANAAAAAEAiBNAAAAAAACRCAA0AAAAAQCIE0AAAAAAAJEIADQAA
AABAIgTQAAAAAAAkQgANAAAAAEAiBNAAAAAAACRCAA0AAAAAQCIE0AAAAAAAJEIADQAAAABAIgTQ
AAAAAAAkQgANAAAAAEAiBNAAAAAAACRCAA0AAAAAQCIE0AAAAAAAJEIADQAAAABAIgTQAAAAAAAk
QgANAAAAAEAiBNAAAAAAACRCAA0AAAAAQCIE0AAAAAAAJEIADQAAAABAIgTQAAAAAAAkQgANAAAA
AEAiBNAAAAAAACRCAA0AAAAA/z97dxqm53z3f/w7+ySTTSSCqAhCF1vtSxBLYy1qJygSSwiJIAu1
xy2kQS1RDRp7Q22hsS+x76oRBBGySZBFtplJZub6P7jvOtp/tU2Y33XO8nodhwdFru+HOjx4z+m8
gCQEaAAAAAAAkhCgAQAAAABIQoAGAAAAACAJARoAAAAAgCQEaAAAAAAAkhCgAQAAAABIQoAGAAAA
ACAJARoAAAAAgCQEaAAAAAAAkhCgAQAAAABIQoAGAAAAACAJARoAAAAAgCQEaAAAAAAAkhCgAQAA
AABIQoAGAAAAACAJARoAAAAAgCQEaAAAAAAAkhCgAQAAAABIQoAGAAAAACAJARoAAAAAgCQEaAAA
AAAAkhCgAQAAAABIQoAGAAAAACAJARoAAAAAgCQEaAAAAAAAkhCgAQAAAABIQoAGAAAAACAJARoA
AAAAgCQEaAAAAAAAkhCgAQAAAABIQoAGAAAAACAJARoAAAAAgCQEaAAAAAAAkhCgAQAAAABIojjr
AQAAAADQHOVyuVi2rDqWLl0aS5cujWXLqqOmpiaqqiqjcmllLK1cEpVLK6OmtiZyuVyUlJRESXFJ
FBUXRVlpWbRo2TJatWodrSpaRcuKiigrK4/y8vKs/7LgnwjQAAAAAJDQ0qVLYu7cr2PmzBnx2dRP
Y+rUKTF9+rSYO/erWLx4cSxfvjzq6uoil8v9w29//98RhYUFUVDwv7/lchG5XF1ExP/9vsIoLCyM
oqLCKCwsijZt2kaHDh1jzc6d40c/6hLrrbt+dFmna3TqtEaUlJRk/HeC5qjg82kLclmPAAAAAICm
pKqqKj788P344P334sMPJ8UXs7+I6dM+j2++WZDXHUVFRfGTn/wsunZdL7p12zDW77ZBdO26XrRt
2y6vO2i+BGgAAAAA+IFyuVxMn/55vPrKS/HCC8/FRx99EIsWLcp61ncqLi6JddddL7bZdvvo3n3n
+PGPfxolJaVZz6KJEqABAACARuEfX1GwIoqLvXmU9Corl8YrL78Yr772Unzw/nsxZconWU9aKW3b
tovNNts8Nt54s+ixy26x5pprZT2JJkaABgAAABqsqqqquPuuW2PKlE9i9uxZKxyfIyLKysqiTZu2
0euoY2PjjTdLuJLmaObM6XHP2DvjyScfiwUL5mc9p14UFhbGT366URx88OGxyy67R2lpWdaTaAL8
KBAAAABokCZP/iBuHTM6nn/+2airq/ten1FcXBw/+9kmAjT15vPPp8b48Q/Hc88+FTNmTFupH4o0
dHV1dTHpvb/F1E+nxLhx98c+e+8f3XfcOdq0aZv1NBoxARoAAABocO4Ze2dcd91VUVOz/Ad9Tk1N
TXw6tXG9EoGGadKkiXHrmJvi5Zef/94/EGksli5dEu+8/Wa88/ab0bp1mzj44MPjsMOPjjZt2mQ9
jUZIgAYAAAAajBkzpsXwyy6Kd999J2pra+vlM8vLW9TL59A8LVy4MO6844/x4IP3NtgvFUxp0aKF
MWbM6Jjw/DNx0EGHR8+ee0dFRUXWs2hECrMeAAAAABAR8eKLE6JP717x9ttv1lt8jogoLy+vt8+i
eXnssUfimKMPjttvv6VZxue/y+Vy8emUT2LEFcOiX78+8d57f8t6Eo2IJ6ABAACATC1ZsiTuGXtH
3HHnmKhcujTrORAffvh+XH/dVTFx4ruxbFl11nMalMkfvh/9Tu0TPXvuFX1PGRCrrLJK1pNo4ARo
AAAAIDMzpk+LESOGxRtvvJb1FIhcLhf33nt33DDq6qiuFp7/nWXLquORRx6MN996Pc44Y3DsuGOP
rCfRgAnQAAAAQN7V1NTEvffeFWP/dEd8+eWcrOdATJnycdxy843x3HNPRS6Xy3pOozD7i1lx4QVD
Yqeddo3efU6OtdZaO+tJNEACNAAAAJBXixYtjN9dPSIee+yRqKury3oOxBuvvxojRgyLGTOmZz2l
0amsrIzHH/9LTJnycZza74zYZpvts55EA+NLCAEAAIC8efPN16L38b1i/Phx4jOZq6ysjKuuujyG
DBkgPv9An3zyUQw845QYM2Z01lNoYDwBDQAAACRXW1sb9957V/zhxuujqqoy6zkQs2d/EVdccUm8
+spLWU9pMnK5XNw0elR8/fVXcdZZ52Q9hwZCgAYAAACS+tvf3olrrxkZ77//nnfr0iB8NPnDOOOM
vjF//ryspzQ5dXV1cf99Y+PLL+fEOedcGO3arZL1JDLmFRwAAABAErlcLu67b2xcdOE5MWnSRPGZ
BuGDDybF4MH9xefEXnzhuRh09ukxa9aMrKeQMQEaAAAAqHfz582Lc4aeGSN/+z/xxRezsp4DERHx
17++Ff1PPzHmzJmd9ZRm4b33/hZnDOgbf33nraynkCEBGgAAAKhXH3wwKQYNOj0mTHg66ynwrddf
fyXOHNgvFi9enPWUZmX69Glx2WUX+ZLHZkyABgAAAOrF8uXL4qbRo+K0fn1i0qSJWc+Bb02Y8EwM
GTwgKiuXZj2lWZo+/fM499wzY+ZMEbo5EqABAACAH+zDD9+Piy46N2677eZYulTko+F4//334sIL
hkRVVVXWU5q1jz+aHMMuOT8WL16U9RTyTIAGAAAAfpBHHnkwTul7fDzz9BNRU1OT9Rz41rRpn8eg
s0+P6urqrKcQEe+++3ace85ZsXz5sqynkEcCNAAAAPC9LFmyJC77nwtjxBXDoqqqMus58E/mzv06
zhx4asybNzfrKfyDN954NYYPvzjrGeRRcdYDAAAAgMbn7bfeiOHDfbEYDVNtbU0MG3Z+o3rncFFR
UbRo0SJatWodLSsqoqKiVZSWlEZJSUlERNTW1sbiJYujqrIyli9fFpWVlbFkyZKorq6MitkkAAAg
AElEQVSKXC6X8fqV8+j4h2PNNTpH7z59s55CHgjQAAAAwApbunRp3H/f2Bg79o6YO/frrOfAd7py
5PB4/bWXs57xnQoKCuKnP904uq67XqyzTtfo3PlHscYaa0aHDh2jvLw8iouLo7CwKAoKCv7l1/5v
aM5Fri4XtXV1UVOzPL755puYNWtGzJo1M2Z/MSumTp0S06Z9Fp99NjX/f3Er4Y47xkS3bhvGTjvv
mvUUEhOgAQAAgBXyxayZcdVVl8eLL07Iegr8W08//Xg88MC9Wc/4F+3brxrbbrdDbLtt99hkk02j
Y8dO3xmZV9T/PhddHq1atY7Ondf69vdXVlbGjBnT4o3XX42XX3khJv7tr7F8+fIfvL++VVdXxY03
XhdbbrVNtGxZkfUcEhKgAQAAgP/qwQf/HDeM+l0sWrQw6ynwb3322dS44/Y/Zj3jWx06dIytt9ku
dt3lF7HlVttGaWlp8pstWrSIbt02jG7dNowje/065s+fF2+99Xo899zT8cLzzzWoLwCcOnVKXH/9
1XHWWef8oBhPwyZAAwAAAP/WsmXVMXr0DXHnHQ0n6sG/84cbr43Jkz/IekYUFhbGdtvvGEcddVxs
vPGmUVhYmNmWVVZpH7vvvmf06LF7vPHGq3H/fWPjzTdfj+rqqsw2/aOHHvxzbLPN9rHTTrtkPYVE
BGgAAADgO7399htx443XxcS//TXrKfBfPfLIg/Hcc09nuqG4uDh69tw7Dj2sV2ywwY8z3fL/Ky4u
ju226x7bbdc9ZsyYHvf9+e649967o66uLtNddXV1cfNNN8Qmm2wW7dqtkukW0sjuxy8AAABAg1RX
VxcPj7s/zj9vsPhMo/DBB5Pid1ePyHRDhw4d4/wL/ieGnnNBg4vP/7+11vpR9B8wKC677Mr40dpd
sp4TH388Oa6++oqsZ5CIJ6ABAACAb33++dQYOfKyePutNzJ/MhJWRF1dXVx91RWxZMnizDbsuusv
4oyBQ2LVVTtktuH72HGnXWKrrbeLcePui7vuvDW+/HJOZlueeHx87L7bHtF9xx6ZbSANT0ADAAAA
ERHx/PPPxrnnnhVvvvGa+Eyj8fyEZ+K9997N5HZpaVkcelivOP+CSxtdfP678vLyOPTQXnHJsBHx
059ulOmWBx64N2prazPdQP0ToAEAAKCZW7RoUVx++SUxZPCA+HTKJ1nPgRU2f/68uPXWmyKXy+X9
dkVFqxgy9PwYMGBQlJaW5f1+fdt4401j5JXXx7bb7pDZhnfeeSueeGJ8ZvdJQ4AGAACAZmzq1Clx
0YVD46EH/5z1FFhpd9zxx5g8+YO83+3QoWOcMXBw7Lnnvnm/nVLbtu3ityOvi4MPOSKT+1VVlXHb
rTdHTU1NJvdJQ4AGAACAZiiXy8Wdd46Jk086Nl5++YWs58BK+/zzqfHne+/O+92SktI4Y+CQ2Hvv
/fJ+Ox8KCwtj4MAh0adP30zuf/751Jjw3NOZ3CYNX0IIAAAAzcysWTPjlpt/H0899XgsW1ad9RxY
ablcLu6++/ZYvnx5Xu+2adMmTjzptNhll93zejcLx/c+Oaqrq+P222/J++0nnhgfO/fYLYqLpcum
wBPQAAAA0Iw899xTceIJR8f48ePEZxqtSZMmxpNPPJr3u8cdf1IceOCheb+blb6n9I9f/vJXeb/7
9ttvxgsvPJf3u6QhQAMAAEAzsHz58rjpphvi4ovOjXnz5mY9B36QBx+4Nyorl+btXmFhYRx99PFx
2GFH5e1mQzF4yPmx88675fXmkiWLY/xfHsrrTdIRoAEAAKCJ+/zzqXHqqb3jlpt/H1VVVVnPgR9k
9uwvYsKEZ/J6c8cde0TfU/rn9WZDUVhYGGcPOje6ddswr3ffeuv1mPv1V3m9SRoCNAAAADRRNTU1
cfddt8XZZ50W7018N+s5UC8euP+eWLJkcd7udVytU5w96Dd5u9cQtW+/apx4Ur8oLy/P282qqqp4
483X8naPdARoAAAAaIIWLVoYlw+/OK69dmTMmDE96znfaZVV2kebNm2ynkEjMnfu1zFu3P15u9e+
ffu46KLLon37VfN2s6HaYYedYtvtuuf15osvTvCu+iZAgAYAAIAm5uWXX4ijeh0Uf2mg71BdY43O
0euoY2PI0Atiz71+mfUcGpGnnnosvvlmQd7u9Tnh1Nhssy3ydq+hO+mkftG163p5u/f+pIkxefKH
ebtHGgI0AAAANBF1dXVx++23xKCzT4+vvvoy6znfacMNfxIXXXxZnHLKgNhxxx6x0067REFBQdaz
aCSeffapvN3afoedYt99D8jbvcagS5eucehhvfJ2b/bsL+KVl1/I2z3SEKABAACgCZg8+YMYOnRg
/P6Ga6Kuri7rOf+idevWceqpA2LUDX+MjTba9NvoXFHRKkpLyzJeR2MwY8a0mPb5Z3m5teqqHWLg
wCFRXFycl3uNSc+ee0enTqvn7d6rr72ct1ukIUADAABAI5bL5eLRRx+O35x7drzw/LORy+WynvQv
1luvW5x3/qXR66jjokWLFv/0x0pKSqO0tDSjZTQmLVq0jPXX3yAvt3rusXesuWbnvNxqbFq0aBE9
e+6dt/9yYfq0z2Lp0qV5uUUaAjQAAAA0Ul999WUMGTwghl1yXsyc2TC/aHC//Q6M3984Jrp33znr
KTRyq67aIYZffnX0O21gbLTxpskC6GqrrR5HHXVcks9uKvbb/6DYYIMf5+VWZWVlg/33GyvGf0cA
AAAAjdRTTz0er7zyYoN86rmiolX07nNyHHbYUd7xTL1p2bJlHHnkr2OfffaPV199KR568L744INJ
UV1dVS+fX1RUFL37nByrrNK+Xj6vqercea3o3n3nmDz5g+S36urq4tNPp0S3bhsmv0UanoAGAACA
RiiXy8XXX38ZtbW1WU/5FzvttEuMuXVsHH740eIzSbRt2y722GOfGHXDLXH3nx6M004/M9Za60c/
+HPXXXf92HPPfethYdO33fY75u3WlCkf5e0W9c8T0AAAANAIFRQUxL77HhDPT3gmZs6ckfWciIho
126VOPTQI+OQQ4+MiopWWc+hmVh99TXiiCOOiT333DdeeeXFeH7CM/Huu+/EN98sWOnP6rnH3lFS
UpJgZdOz/vrdon37VWPevLnJb82YMT2++WZBtG3bLvkt6p8noAEAAKCR6tp1vTj4kCMaxFPGnTuv
FcMu/W0ce9yJ4jOZWGWV9rH33vvF8Muvjj+O+VP07tM3Vl99jRX+9Wut9aPo2XPvhAubltLSsthi
i63ycuvLObPj66+/ysst6p8ADQAAAI3YfvsdGDv32C2z+0VFRbH77nvE6JvuiM033zKzHfCPVl99
jejd++QYc+vYOOfci2KzzTaPtm3b/sdfs/POu0XHjqvlaWHTsPkWW+flzkcffRizv5iVl1vUP6/g
AAAAgEasRYuW0adP33j5pedj2bJleb3dtl27GNB/UOyx5z55vQsrqk2btrHvvgfEvvseEJ988lE8
+MC98fjj42PJksX/8ud237FHBgsbt4022iTWXXf9+PTTT5LeqampiRkzpye9QTqegAYAAIBGbt11
149jjzsxb/eKi4tjr733i1GjbhGfaTTWX3+DOOvsc2PsPePiggv/J3r02D06dOgYBQUFseWW28Sm
m/4864mNzhprrBlrd1knL7fmz5uXlzvUP09AAwAAQBNw9NHHx2effRpPPD4+6Z2ysrI4stex0bv3
yVFY6Lk2Gp/27VeNPfbYJ/bYY5/4+OPJ8ewzT8YO3XfKelaj1LJlRXRZOz8BesGC+Xm5Q/0ToAEA
AKAJKCoqir59T4933n4rvvpqTpIbG2+yWZx11jnRrduGST4f8q1btw398/wDrbHGmnm5s+CbBXm5
Q/3zo0oAAABoIjp1WiOO7PXrKCsrq/fP3muvX8aVV44S64B/0iFPX9y4aOHCvNyh/nkCGgAAAJqQ
gw46LKZ++kmMG3d/vXze+utvEL16Hetdz8B3Ki8vz8udZcuq83KH+ucJaAAAAGhCiouL48hex0Z5
eYsf9DkFBQXRvfvOcdHFw8Vn4N8qK8tPgK6pqcnLHeqfAA0AAABNzNprd4mTTu4XpaWl3+vXV1RU
xODB58UVI66Jrl3Xq+d1QFPyff89s7Lq6urycof6J0ADAABAE3TYYUdFzz32Xulf13mtH8WIEdfG
fvsflGAV0NQUFhRGQUFB1jNowARoAAAAaKJOPvn0WK3T6iv055aVlcURRx4Tt956T2z28y0SLwOa
ipra/Lwao6BQ5G6sBGgAAABootq3XzX6nnx6tG7d+j/+eWt3WSfOPOuc6NdvYLRs2TJP64CmYPny
5ZHL5ZLfKSstS36DNARoAAAAaML22HOf2H33Pf/tH99nn/3j+utvjn33PcB/Rg+stGXLqvNyp6Ki
VV7uUP+Ksx4AAAAApNXrqONiwoRnYsGC+d9+kVfr1q3jlFMGxL6//FUUFRVlvBBorKqrqvJyp6Ki
Ii93qH+egAYAAIAmbs01O8fAM4dG13XXi4iI7bbrHtdcOzr2P+Bg8Rn4QSrzFKBbthSgGytPQAMA
AEAzsOuuv4j11usWL700IQ444BDvegbqxfz5c/NyZ9UOHfNyh/onQAMAAEAz0aXLOtGlyzpZzwCa
kK+/+iovd1ZbbbW83KH+eQUHAAAAALDSlixZEjNmTE9+p6ioOFZbbfXkd0hDgAYAAAAAVtqcOV/E
jBnTkt9Zv9sG0bGjJ6AbKwEaAAAAAFhpM2dMj48++jD5nbU6rxWdOnkCurESoAEAAACAlTb1s08j
l8slv7P22utEmzZtk98hDQEaAAAAAFhp70+amJc763RdNy93SEOABgAAAABWSi6Xi48+npz8TlFR
UXTp0jX5HdIRoAEAAACAlTJjxrSYM/uL5HfKy8tjzTXXSn6HdARoAAAAAGClvPP2W3l5/3PHjp2i
VatWye+QjgANAAAAAKyw5cuXx1tvv56XW5tu+vO83CEdARoAAAAAWGGTJ38QL77wXPI7rVu3ia22
3jb5HdISoAEAAACAFfbss09GZWVl8jtdu64XG2+8WfI7pCVAAwAAAAArpKqqKiY890xebm200SbR
seNqeblFOgI0AAAAALBCnnzy0Zg1a0Zebm28iaefmwIBGgAAAAD4r+bNmxuPPPxAXm6Vl5fH5ptv
mZdbpCVAAwAAAAD/1VNPPR6TJk3My61ttt0hWrduk5dbpCVAAwAAAAD/UXV1dTxw/z1RV1eX/Far
Vq2jZ8+9kt8hPwRoAAAAAOA/uvfeu+Lzz6fm5db663eLrbfePi+3SE+ABgAAAAD+rXfffTvG/umO
vN3bZZdfREVFRd7ukZYADQAAAAB8p7q6urjl5htj7tyv83KvuLgkdui+c15ukR8CNAAAAADwne69
9654550383Zv++27x5prds7bPdIToAEAAACAfzF58gdx0+hRUVNTk5d7bdu2i0MOOTIvt8gfARoA
AAAA+CdVVZVx5cjLYsmSJXm7ucUWW8UWW26dt3vkhwANAAAAAHwrl8vFlSOHx8SJ7+b17l57/TKv
98gPARoAAAAA+NZdd90ajzzyYF5v/myjTWK77XfM603yQ4AGAAAAACIi4p133oq777otrzdbtWoV
vXufHIWFUmVT5P9VAAAAACC++GJWXHD+4Jg3b25e726xxdax7bY75PUm+SNAAwAAAEAzV1NTEzeN
HhVff/1V3m8feNBheb9J/gjQAAAAANDMXXnl8HjssUfyfnfPPfeNrbbaNu93yR8BGgAAAACasUcf
fTjGPXRf5HK5vN5dffU14oQTT83rTfJPgAYAAACAZurFF56Lq668POrq6vJ+u2fPvWONNdbM+13y
S4AGAAAAgGZo5szpMXz4xbF48aK8395ggx/HwYcckfe75J8ADQAAAADNzLx5c2PokIExb97cvN8u
KCiI3n36RocOHfN+m/wToAEAAACgGamqqoqzzuwXn3zyUSb399hzn9hxxx6Z3Cb/BGgAAAAAaCZq
a2vj0kvPjw8/fD+T+126dI0+fU7J5DbZEKABAAAAoJm4/PJL4umnHs/kdnFxcZx4Ur9Yc83Omdwn
GwI0AAAAADQDf7r79njk4Qcyu7/FlltHjx67ZXafbAjQAAAAANDE3TP2zrjhhmsyu9+lS9c47bQz
o6CgILMNZEOABgAAAIAm7MUXJ8To0aNi+fJlmdwvKCiIvqf0j3XXXT+T+2SrOOsBAAAAAEAazz77
VFw+/KJYsmRxZhsOPuSI2GmnXTK7T7Y8AQ0AAAAATdDEie/GqOuvioULF2a2oXv3nePEE07N7D7Z
8wQ0AAAAADQx778/Mc4/b1DMmTM7sw2t27SJU04dEBWtWmW2gex5AhoAAAAAmpCZM6fHNdeMzDQ+
t2jRMnoff3Kss866mW2gYfAENAAAAAA0EV98MSvOGNA3ZsyYnumOAw88NA49rFemG2gYPAENAAAA
AE3AwoXfxLXX/Dbz+LzJJpvFcceflOkGGg5PQAMAAABAI7d06ZI4Z+jAePvtNzPd0bHjanHRxZdH
y5YtM91Bw+EJaAAAAABoxCorl8Y114zMPD4XFxfHRRcPj06dVs90Bw2LJ6ABAAAAoJHK5XJx6bAL
4plnnsh0R3FxcVxw4WWx2WZbZLqDhkeABgAAAIBGqK6uLm65+feZx+eIiH79BsZuu/XMegYNkAAN
AAAAAI3QTTeNilvH3JT1jDjgV4fEoYf1ynoGDZQADQAAAACNSi7+9Kc74/bbbolcLpfpkj332jfO
PHNophto2ARoAAAAAGhExo69M667dmTU1dVlumPzLbaK0/qdGUVFRZnuoGEToAEAAACgkXh43P0x
atTvMo/Pm222RVx66W+jbdt2me6g4ROgAQAAAKAReOzRR2LEiEujpqYm0x3rrdctBpwxSHxmhQjQ
AAAAANDAPfP0EzFixLDM4/M666wblwy7ItZZZ91Md9B4CNAAAAAA0IC99OKEuOSS30R1dXWmO9Ze
u0sMPHOI+MxKEaABAAAAoIF65ZUX46KLz808Pnfo0DHOO39Y/Oxnm2S6g8ZHgAYAAACABmjixHfj
/PMGxZIlSzLdsfrqa8bp/c8Sn/leBGgAAAAAaGAmTnw3hgwekHl8btmyZZw96NzYbrvume6g8RKg
AQAAAKAB+fTTT2LwoP6xYMH8THd06rR69D2lv/jMDyJAAwAAAEADMWnSxAYRn0tLS+PMs86J7t13
znQHjZ8ADQAAAAANwLRpn8XgQf1j3ry5me7o1Gn1OPXUM8Rn6oUADQAAAAAZmzr10xgw4OTM43NR
UVH0HzAoevTYLdMdNB0CNAAAAABkaNasmTHwjL7x1ZdzMt3RqdPq0b//2eIz9aow6wEAAAAA0FzN
nv1FnH7aCTFnzuxMd5SWlsapp54RPXbZPdMdND2egAYAAACADMye/UWc1q9PzJo1M9MdHTp0jP4D
zo7ddtsj0x00TZ6ABgAAAIA8mzNndpx99mkxc+aMTHe0aNEyTjjxVPGZZDwBDQAAAAB5NPfrr+K0
006IGdOnZbqjbdt2MWjwebGL126QkCegAQAAACBP5s2bG0OHDsw8PpeXt4jjjz9JfCY5T0ADAAAA
QB4sWrgw+vXrE59N/TTTHRUVrWLI0Atit916ZrqD5sET0AAAAACQ2DffLIihQwc2iPh8womniM/k
jSegAQAAACChxYsXRb9Te8eUKZ9kuqNFixYxZOj5vnCQvBKgAQAAACCRxYsXx7nnnpV5fG7Tpm30
6dNXfCbvBGgAAAAASGD58mUxdOgZ8dabr2e6o6SkJM48c2j8oudeme6geRKgAQAAAKCeLV26NH7z
m7Mzj8+tW7eJ448/SXwmMwI0AAAAANSjvz/5/Mbrr2Y9JfqccEoccsgRWc+gGROgAQAAAKCeVFdX
x7nnnpV5fK6oaBXHHNNbfCZzAjQAAAAA1IO6urq4dNh58fJLz2c9JY497oTo1evYrGeAAA0AAAAA
P9Ty5ctj2CXnxdNPP5HpjlatWsWxx50YRx7560x3wN8J0AAAAADwA9TW1sbIkZfFk08+mvWUOPqY
3uIzDYoADQAAAADfU01NTVxy8W/iqacey3RHRUVFnHBivzj00CMz3QH/PwEaAAAAAL6H2tra+N3v
RmT+5HNBQUH06nWs+EyDJEADAAAAwEqqq6uLK664JB55+MFMd5SXl0efE06JI444JtMd8O8I0AAA
AACwEnK5XIwePSoeHvdApjuKiori8MOP9s5nGjQBGgAAAABWUC6XixEjLo2HHvxzpjuKioqj7ymn
e/KZBq8w6wEAAAAA0Bjkcrm45ebfx7iH7otcLpfZjqKiojj4kMPjiCOOiYKCgsx2wIrwBDQAAAAA
rIBRo34Xd905JtP4XFBQGCedfFr06nWs+EyjIEADAAAAwH9xx+1/jHvvuTPT+FxSUhIHHnSY+Eyj
IkADAAAAwH9www2/i9tvuyXrGdGnzylx9DHHZz0DVooADQAAAADfIZfLxZgxo+OesXdmuqOkpCT2
P+Dg6HXUsZnugO9DgAYAAACA7/CHP1wft44ZnfWMOOKIY+Kkk0/z2g0aJQEaAAAAAP5BLpeLm266
Icb+6fZMd5SUlMSvfnVInHDiqeIzjZYADQAAAAD/4Jabfx9/vOXGrGfEL3/5qxhwxuCsZ8APIkAD
AAAAwP8ZM2Z03HXXbZluKCoqjv32P1B8pkkQoAEAAAAgIh544J4Y/YfrI5fLZbpjn333j7PPPjfT
DVBfBGgAAAAAmr3bb7slbrvt5kzjc1FRURx88BFxar8zMtsA9U2ABgAAAKBZGzfu/rjxxmujrq4u
0x177b1fnN7/LF84SJMiQAMAAADQbN12681x662jM43PhYWFccSRx8RJJ50mPtPkCNAAAAAANEvj
//JQ3HzzDbF8+fJMd+y11y+jb9/+UVhYmOkOSEGABgAAAKDZGTv2zhj9h+szj88HHXR4nN7/LPGZ
Jss/2QAAAAA0K4+OfzhuGj0qli5dkumOHj12j9P7nxklJSWZ7oCUPAENAAAAQLNx/31j49prR0Z1
dXWmOw741SExYMCgKCkpzXQHpOYJaAAAAACahaefejxuumlU5vG5xy67x4ABZ0dpqfhM0+cJaAAA
AACavIceui+uHHlZ5u98PuCAg+OMgUO8doNmQ4AGAAAAoEl74onxmX/hYEFBQey8867Rf8Ag8Zlm
RYAGAAAAoMl65OEHYvjwi6Ouri7THfvss38MGnxeFBfLcTQv3gENAAAAQJM0/i/j4sYbr8s8Pnfv
vnMMPHOI+Eyz5J96AAAAAJqc8ePHxaWXnh+5XC7THdtvv2NcMmxElJWVZboDsiJAAwAAANCkPDzu
/rjxxusyj8/bbLN9XHjRZeIzzZoADQAAAECT8eQTj8YVVwyL2traTHdss832Mfzyq8Vnmj3vgAYA
AACgSXjssUfi2mtHZh6fd9yxh9duwP/xBDQAAAAAjd7rr78SI397WSxZsjjTHVtttW1cdPHlUV5e
nukOaCgEaAAAAAAatSeffDSuu/bKzOPzrrv+IoYMvVB8hn8gQAMAAADQaL35xmtx1ZXDY8GCBZnu
2HLLbeLc31wSLVq0yHQHNDQCNAAAAACN0hOPj49rrvlt5vF591/sGYMHnyc+w3cQoAEAAABodN58
47W49tqRMW/e3Ex3/HzzLWPIkPOjZcuKTHdAQyVAAwAAANCoPPHEo3HlyMti4cJvMt2x/Q47xXnn
DROf4T8ozHoAAAAA0IzlcpHL1SU9UVeX9vPJr9dffyVGXX9V5vH5Jz/5WZxzzoXRtm3bTHdAQydA
AwAAAJmpy9VFbW3aQFxbW5v088mfp59+PM4ZemZ8+eWcTHdss832MfLK66N9+1Uz3QGNgQANAAAA
ZGbevLlRXV2V9Mb8eXNj+fLlSW+Q3scfT44/3vKHWLp0SaY71lijc/Q66tho126VTHdAYyFAAwAA
AJmZOXNG8ldkfPnlnPj666+S3iCturq6uOLyYfHpp59kuqOgoCCGDDk/Nt98q0x3QGNS8Pm0Bbms
RwAAAADf30cffRhffjknqqoqo7S0LAoLG/DzZrlc1NbWxrx5c+O99/4WL730fF7e5bvBBj+OLbfa
Jjbc8CdRWloWRUVFyW9+b7lcLF68KHIRsfnmW0WnTqtnvShzixYtjMMO3S8WLJif9ZRYb71uscWW
W8cG3X4cLVu2jOKSkqwnNQtVVZUxd+7c2HTTn8ePf/zTrOewEgRoAAAAaMRef/2V+M1vzo7FixZl
PYUEOnf+UQwecn5sueXWWU/J1KxZM6LXkQdGdXV11lPIWFFRUfxh9O3xk5/8LOsprKAG/CNRAAAA
4L+ZP2+e+NyEzZo1Ixbl4Qnxhi7n8Un+T1lZWRQWFGQ9g5UgQAMAAEAjtmjxwqwnkFAul4ullUuz
ngENRrt2q0RxSWnWM1gJAjQAAAAAAEkI0AAAAAAAJCFAAwAAAACQhAANAAAAAEASAjQAAAAAAEkI
0AAAAAAAJCFAAwAAAACQhAANAAAAAEASAjQAAAAAAEkI0AAAAAAAJCFAAwAAAACQhAANAAAAAEAS
AjQAAAAAAEkI0AAAAAAAJCFAAwAAAACQhAANAAAAAEASAjQAAAAAAEkI0AAAAAAAJCFAAwAAQCNW
VlqW9QQSKy4uznpC5kpLS6KwsCjrGTQAy5Yti1yuLusZrAQBGgAAABqxDh06RlGRMNdUlZWVR0VF
q6xnZK5167ZRUVGR9QwagG++WRDLli3LegYrwY/QAAAAoBHbcqtt45hjescbb7wa8+fPi7Ky8igs
9LxZ45aLhQsXRkFBQRxy6JGx1VbbZj0oc+Xl5fHrY0+I1197OT755KMoLS2LkpKSrGeRR5WVS2P+
/Pmx/Q47xgYbbJj1HFZCwefTFuSyHgEAAAAAQNPjR6IAAAAAACQhQAMAAAAAkM+RnAwAACAASURB
VIQADQAAAABAEgI0AAAAAABJCNAAAAAAACQhQAMAAAAAkIQADQAAAABAEgI0AAAAAABJCNAAAAAA
ACQhQAMAAAAAkIQADQAAAABAEgI0AAAAAABJCNAAAAAAACQhQAMAAAAAkIQADQAAAABAEgI0AAAA
AABJCNAAAAAAACQhQAMAAAAAkIQADQAAAABAEgI0AAAAAABJCNAAAAAAACQhQAMAAAAAkIQADQAA
AABAEgI0AAAAAABJCNAAAAAAACQhQAMAAAAAkIQADQAAAABAEgI0AAAAAABJCNAAAAAAACQhQAMA
AAAAkIQADQAAAABAEgI0AAAAAABJCNAAAAAAACQhQAMAAAAAkIQADQAAAABAEgI0AAAAAABJCNAA
AAAAACQhQAMAAAAAkIQADQAAAABAEgI0AAAAAABJCNAAAAAAACQhQAMAAAAAkIQADQAAAABAEgI0
AAAAAABJCNAAAAAAACQhQAMAAAAAkIQADQAAAABAEgI0AAAAAABJCNAAAAAAACQhQAMAAAAAkIQA
DQAAAABAEgI0AAAAAABJCNAAAAAAACQhQAMAAAAAkIQADQAAAABAEgI0AAAAAABJCNAAAAAAACQh
QAMAAAAAkIQADQAAAABAEgI0AAAAAABJCNAAAAAAACQhQAMAAAAAkIQADQAAAABAEgI0AAAAAABJ
CNAAAAAAACQhQAMAAAAAkIQADQAAAABAEgI0AAAAAABJCNAAAAAAACQhQAMAAAAAkIQADQAAAABA
EgI0AAAAAABJCNAAAAAAACQhQAMAAAAAkIQADQAAAABAEgI0AAAAAABJCNAAAAAAACQhQAMAAAAA
kIQADQAAAABAEgI0AAAAAABJCNAAAAAAACQhQAMAAAAAkIQADQAAAABAEgI0AAAAAABJCNAAAAAA
ACQhQAMAAAAAkIQADQAAAABAEgI0AAAAAABJCNAAAAAAACQhQAMAAAAAkIQADQAAAABAEgI0AAAA
AABJCNAAAAAAACQhQAMAAAAAkIQADQAAAABAEgI0AAAAAABJCNAAAAAAACQhQAMAAAAAkIQADQAA
AABAEgI0AAAAAABJCNAAAAAAACQhQAMAAAAAkIQADQAAAABAEgI0AAAAAABJCNAAAAAAACQhQAMA
AAAAkIQADQAAAABAEgI0AAAAAABJCNAAAAAAACQhQAMAAAAAkIQADQAAAABAEgI0AAAAAABJCNAA
AAAAACQhQAMAAAAAkIQADQAAAABAEgI0AAAAAABJCNAAAAAAACQhQAMAAAAAkIQADQAAAABAEgI0
AAAAAABJCNAAAAAAACQhQAMAAAAAkIQADQAAAABAEgI0AAAAAABJCNAAAAAAACQhQAMAAAAAkIQA
DQAAAABAEgI0AAAAAABJCNAAAAAAACQhQAMAAAAAkIQADQAAAABAEgI0AAAAAABJCNAAAAAAACQh
QAMAAAAAkIQADQAAAABAEgI0AAAAAABJCNAAAAAAACQhQAMAAAAAkIQADQAAAABAEgI0AAAAAABJ
CNAAAAAAACQhQAMAAAAAkIQADQAAAABAEgI0AAAAAABJCNAAAAAAACQhQAMAAAAAkIQADQAAAABA
EgI0AAAAAABJCNAAAAAAACQhQAMAAAAAkIQADQAAAABAEgI0AAAAAABJCNAAAAAAACQhQAMAAAAA
kIQADQAAAABAEgI0AAAAAABJCNAAAAAAACQhQAMAAAAAkIQADQAAAABAEgI0AAAAAABJCNAAAAAA
ACQhQAMAAAAAkIQADQAAAABAEgI0AAAAAABJCNAAAAAAACQhQAMAAAAAkIQADQAAAABAEgI0AAAA
AABJCNAAAAAAACQhQAMAAAAAkIQADQAAAABAEgI0AAAAAABJCNAAAAAAACQhQAMAAAAAkIQADQAA
AABAEgI0AAAAAABJCNAAAAAAACQhQAMAAAAAkIQADQAAAABAEgI0AAAAAABJCNAAAAAAACQhQAMA
AAAAkIQADQAAAABAEgI0AAAAAABJCNAAAAAAACQhQAMAAAAAkIQADQAAAABAEgI0/4+9O42WrDwP
e//svavOPDfQzSCJBgGCBpoeQLYkhCJFsi1Zkm05ieNgIXm+Jh+vfb/erKys3HW97rpDEi3HUbBA
WBZK4kGeLRuDmKGBngGBGASiJRo1PZw+Y9Xe90PThKGrzrhPnar6/dZqq9W1z66XU+i4z/+89bwA
AAAAAKUQoAEAAAAAKIUADQAAAABAKQRoAAAAAABKIUADAAAAAFAKARoAAAAAgFII0AAAAAAAlEKA
BgAAAACgFAI0AAAAAAClEKABAAAAACiFAA0AAAAAQCkEaAAAAAAASiFAAwAAAABQCgEaAAAAAIBS
CNAAAAAAAJRCgAYAAAAAoBQCNAAAAAAApRCgAQAAAAAohQANAAAAAEApBGgAAAAAAEohQAMAAAAA
UAoBGgAAAACAUgjQAAAAAACUQoAGAAAAAKAUAjQAAAAAAKUQoAEAAAAAKIUADQAAAABAKQRoAAAA
AABKIUADAAAAAFAKARoAAAAAgFII0AAAAAAAlEKABgAAAACgFAI0AAAAAAClEKABAAAAACiFAA0A
AAAAQCkEaAAAAAAASiFAAwAAAABQCgEaAAAAAIBSCNAAAAAAAJRCgAYAAAAAoBQCNAAAAAAApRCg
AQAAAAAohQANAAAAAEApBGgAAAAAAEohQAMAAAAAUAoBGgAAAACAUgjQAAAAAACUQoAGAAAAAKAU
AjQAAAAAAKUQoAEAAAAAKIUADQAAAABAKQRoAAAAAABKIUADAAAAAFAKARoAAAAAgFII0AAAAAAA
lEKABgAAAACgFAI0AAAAAAClEKABAAAAACiFAA0AAAAAQCkEaAAAAAAASiFAAwAAAABQCgEaAAAA
AIBSCNAAAAAAAJRCgAYAAAAAoBQCNAAAAAAApRCgAQAAAAAohQANAAAAAEApBGgAAAAAAEohQAMA
AAAAUAoBGgAAAACAUgjQAAAAAACUQoAGAAAAAKAUAjQAAAAAAKUQoAEAAAAAKIUADQAAAABAKQRo
AAAAAABKIUADAAAAAFAKARoAAAAAgFII0AAAAAAAlEKABgAAAACgFAI0AAAAAAClEKABAAAAACiF
AA0AAAAAQCkEaAAAAAAASiFAAwAAAABQCgEaAAAAAIBSCNAAAAAAAJRCgAYAAAAAoBQCNAAAAAAA
pRCgAQAAAAAohQANAAAAAEApBGgAAAAAAEohQAMAAAAAUAoBGgAAAACAUgjQAAAAAACUQoAGAAAA
AKAUAjQAAAAAAKUQoAEAAAAAKIUADQAAAABAKQRoAAAAAABKIUADAAAAAFAKARoAAAAAgFII0AAA
AAAAlEKABgAAAACgFAI0AAAAAAClEKABAAAAACiFAA0AAAAAQCkEaAAAAAAASiFAAwAAAABQCgEa
AAAAAIBSCNAAAAAAAJRCgAYAAAAAoBQCNAAAAAAApRCgAQAAAAAohQANAAAAAEApBGgAAAAAAEoh
QAMAAAAAUAoBGgAAAACAUgjQAAAAAACUQoAGAAAAAKAUAjQAAAAAAKUQoAEAAAAAKIUADQAAAABA
KQRoAAAAAABKIUADAAAAAFAKARoAAAAAgFII0AAAAAAAlEKABgAAAACgFAI0AAAAAAClEKABAAAA
ACiFAA0AAAAAQCkEaAAAAAAASiFAAwAAAABQCgEaAAAAAIBSCNAAAAAAAJRCgAYAAAAAoBRpkrR6
CQAAAAAAdJokiUiTUKABAAAAAFhdSSSRJrZAAwAAAACwypIkMYIDAAAAAIDVd2oER6pAAwAAAACw
upI0idQWaAAAAAAAVluaJJGmadrqdQAAAAAA0GHSNI00M4IDAAAAAIBVlqVJpKkADQAAAADAKkvT
JNIsM4IDAAAAAIDVlWWpAA0AAAAAwOo7FaAdQggAAAAAwCrL0vTUDGhzoAEAAAAAWC2nu3MaEVHJ
slavBwAAAACADnG6OZ8K0BVjOAAAAAAAWB2nm/PrAdoOaAAAAAAAVsfp5pxGRFTtgAYAAAAAYJVU
37wDumoHNAAAAAAAq6T65h3QSZIYwwEAAAAAwIpVKlkkSRIRrwfoiIieqgANAAAAAMDKvLk1vxGg
qwI0AAAAAAArVD1TgO6pVlqyGAAAAAAAOsebW/MbAbqSpZFl6Rk/AAAAAAAAFpJlaVTe1JnfUpx7
7YIGAAAAAGCZ3t6Y3xKge3oEaAAAAAAAluftjfmtO6AFaAAAAAAAluntjfktATpNE4cRAgAAAACw
ZD3VSqRp8pY/e8epg329AjQAAAAAAEtzprb8jgDd21tdk8UAAAAAANA5ztSW3xGgK1ka1Wq2JgsC
AAAAAKD9VatZVLJ35OZ3BuiIiH67oAEAAAAAWKRGTfmMAbpPgAYAAAAAYJEaNeUzBugsS6O3x2GE
AAAAAAA019tTiewM4zciGgToiIj+vp7SFgQAAAAAQGdo1pKbBOhqpGlSyoIAAAAAAGh/aZpEf1/j
kc4NA3RExIBd0AAAAAAANLBQQ24aoPv7BWgAAAAAAM5soYbcNEBXsrTh6YUAAAAAAHSvvt5qVBoc
Pnha80cjYsAuaAAAAAAA3mYx7XjBAN3bU4meamVVFgQAAAAAQPvrqVait2fhbrxggI6IGBywCxoA
AAAAgFMW24wXFaD7eqtRrWYrWhAAAAAAAO2vWs0WfXbgogJ0RMTQQO+yFwQAAAAAQGdYSitedIDu
662aBQ0AAAAA0MV6qpVF736OWEKAjogYGrQLGgAAAACgWy21ES8pQPf2LK1uAwAAAADQGfp6q9Hb
s7QpGUsK0BF2QQMAAAAAdKPltOElB+hqJYvB/p4lPxEAAAAAAO1psL8nqpVsyR+35AAdETE81Bdp
miznQwEAAAAAaCNpmsTwUN/yPnY5H5QkSQwPLu8JAQAAAABoH8ODfZEky9uQvKwAHREx0N+z5IHT
AAAAAAC0j96eSgysYCTzsgN0RMTIMrddAwAAAACw/q20Aa8oQFcqmQgNAAAAANCBRob6orKMgwff
bEUBOiJicKDXKA4AAAAAgA7S21OJwYHeFd9nVcrxyHB/vHrkRBTFatwNAIBud+TIj+LOO/8h9u3b
Ez/4waGo1+utXtK6lGVZbNp0blx11db46Ec/FhMTG1q9JAAAOkCSnGq+q3KvuZnVycZTM3Nx7Pj0
atwKAIAuds89d8ftt98qOi9RlmVx4403xfXX39DqpQAA0OZGR/pjoG/5Bw++2YpHcJw20NezotMQ
AQDgnnvujltvvUV8XoZ6vR633npL3HPP3a1eCgAAbWygv2fV4nPEKgboiIjR4f6oVlc2lBoAgO50
5MiP4vbbb231Mtre7bffGkeO/KjVywAAoA1Vq1mMrtLojdNWNUBHnIrQSbLadwUAoNPdeec/2Pm8
Cur1etx55z+0ehkAALSZJIlVj88RJQToaiWL0eGB1b4tAAAdbt++Pa1eQsfwuQQAYKlGhweiWln9
6RarHqAjIvr7qjE82FfGrQEA6FA/+MGhVi+hY/hcAgCwFMODfdHfVy3l3qUE6IiIocFehxICAAAA
AKxjA/09MTTYW9r9SwvQEadmhvT2VMp8CgAAOsSmTee2egkdw+cSAIDF6O2plDL3+c1KDdAREeOj
A1Gtrv7sEAAAOstVV21t9RI6hs8lAAALqVazGB8t/yy/0gN0kiQxPjIQlaz0pwIAoI199KMfiyyz
cWGlsiyLj370Y61eBgAA61glS2N8ZCCSJCn9udakCmdZGuOjA5GlIjQAAGc2MbEhbrzxplYvo+3d
eONNMTGxodXLAABgncrS11vtGm0YXrMiXKlkMT42EGlaflUHAKA9XX/9DXHTTb9sJ/QyZFkWN930
y3H99Te0eikAAKxTaZrE+NhAVCpr9/ftZG6mKNbs2SJifr4eR46djDxf06cFAKCNHDnyo7jzzn+I
ffv2xA9+cCjq9Xqrl7QuZVkWmzadG1ddtTU++tGP2fkMAEBDaZrExOjgmp/Xt+YBOiJivlaP145O
RT3P1/qpAQAAAAC6SpamMT42ENU13Pl8WkuGMlcrWUyMOZgQAAAAAKBMlSyNiRbF54gWBeiIUzOh
J8bWfss3AAAAAEA3qFZPNdi1nPn8di0ZwfFmRVHEa8emYnau1splAAAAAAB0jN6eSoyPDkSSJC1d
R8sD9GnHTkzH1PRcq5cBAAAAANDWBvp7YnS4v9XLiIgWjuB4u9Hh/hge7Gv1MgAAAAAA2tbwYN+6
ic8R62gH9GnTM/Nx7MRUrK9VAQAAAACsX0kSMTo8EP191VYv5S3WXYCOiJiv1ePYiemYn6+3eikA
AAAAAOtatZrF6HB/VFt42GAj6zJAn2YuNAAAAABAY+tp3vOZrOsAHRExNTMXx09MG8kBAAAAAPC6
JIkYGe6Pgb6eVi+lqXUfoCMiavU8jp+Yjtm5WquXAgAAAADQUr09lRgZ7o9KlrZ6KQtqiwB92smp
2Tg+OdPqZQAAAAAAtMTIUF8MDvS2ehmL1lYBOiKiVqvH8ckZu6EBAAAAgK7R21OJkaG+qKzDgwab
absAfdrU9FycODkTed6WywcAAAAAWFCaJjE82BcD/et71nMjbRugIyKKoogTkzNxcnqu1UsBAAAA
AFhVg/09MTzUF0mStHopy9bWAfq0+Vo9Jk/OxszsfKuXAgAAAACwIn291Rga7I1qm43bOJOOCNCn
zc7VYvLkbMzNmw8NAAAAALSXnmolhgZ7o7en0uqlrJqOCtCnzczOx+TUbMzP11u9FAAAAACApqrV
LIYGeqOvt9rqpay6jgzQp83MzsfJqTk7ogEAAACAdaenWonBgZ6ODM+ndXSAPm12rhZT03NmRAMA
AAAALdfXW42B/p6OGrXRSFcE6NNq9Tymp+diamYu8rxr/rEBAAAAgBZL0yQG+nqiv78nKlna6uWs
ma4K0G82PTMf0zNzMTtnPAcAAAAAUI7enkr09/VEf1/njtlopmsD9Gn1eh4zs/MxPTvv0EIAAAAA
YMWq1Sz6e6vR11uNrIt2O59J1wfoN6vV85idnY+Z2ZqDCwEAAACAReupVqKvtxK9vdWuGrGxEAG6
gTwvYnauFnNztZidr0W9nrd6SQAAAADAOpFlafRWK9HTU4nenkqkadLqJa1LAvQi1ep5zM3XYn6+
HnPz9ajVjOsAAAAAgG5RqWTRU82iWs2ip1qxy3mRBOhlKooi5mv1mK/lUavVo1bLo1avR577dAIA
AABAu0rTJCpZFpVKGpVKFtVKGtVKFklih/NyCNCrLM+LqOd51Ounfp3670XkeR55UUSRF1EUpwJ2
Ead+DwAAAACUI0kikkgiSZJTv0+TSJMk0jSNLE0iTZPIsvTUrzQ1SmOVCdAAAAAAAJTCoBIAAAAA
AEohQAMAAAAAUAoBGgAAAACAUgjQAAAAAACUQoAGAAAAAKAUAjQAAAAAAKUQoAEAAAAAKIUADQAA
AABAKQRoAAAAAABKIUADAAAAAFAKARoAAAAAgFII0AAAAAAAlEKABgAAAACgFAI0AAAAAAClEKAB
AAAAACiFAA0AAAAAQCkEaAAAAAAASiFAAwAAAABQCgEaAAAAAIBSCNAAAAAAAJRCgAYAAAAAoBQC
NAAAAAAApRCgAQAAAAAohQANAAAAAEApBGgAAAAAAEohQAMAAAAAUAoBGgAAAACAUgjQAAAAAACU
QoAGAAAAAKAUAjQAAAAAAKUQoAEAAAAAKIUADQAAAABAKQRoAAAAAABKIUADAAAAAFAKARoAAAAA
gFII0AAAAAAAlEKABgAAAACgFAI0AAAAAAClEKABAAAAACiFAA0AAAAAQCkEaAAAAAAASiFAAwAA
AABQCgEaAAAAAIBSCNAAAAAAAJRCgAYAAAAAoBQCNAAAAAAApRCgAQAAAAAohQANAAAAAEApBGgA
AAAAAEohQAMAAAAAUAoBGgAAAACAUgjQAAAAAACUQoAGAAAAAKAUAjQAAAAAAKUQoAEAAAAAKIUA
DQAAAABAKQRoAAAAAABKIUADAAAAAFAKARoAAAAAgFII0AAAAAAAlEKABgAAAACgFAI0AAAAAACl
EKABAAAAACiFAA0AAAAAQCkEaAAAAAAASiFAAwAAAABQCgEaAAAAAIBSCNAAAAAAAJRCgAYAAAAA
oBQCNAAAAAAApRCgAQAAAAAohQANAAAAAEApBGgAAAAAAEohQAMAAAAAUAoBGgAAAACAUgjQAAAA
AACUQoAGAAAAAKAUAjQAAAAAAKUQoAEAAAAAKIUADQAAAABAKQRoAAAAAABKIUADAAAAAFAKARoA
AAAAgFII0AAAAAAAlEKABgAAAACgFAI0AAAAAAClEKABAAAAACiFAA0AAAAAQCkEaAAAAAAASiFA
AwAAAABQCgEaAAAAAIBSCNAAAAAAAJRCgAYAAAAAoBQCNAAAAAAApai0egEAAAAAQOfLiyKKvDj1
n0VEEUUUp34TRcSp379NkiSRREQkp3+fRJJEpEkSSZpEmiRr/Y/BEgnQAAAAAMCqKooi8tdjc/5G
dH5nYF7MfYqIeNP/eYskORWh0/R//mciSq8rAjQAAAAAsGJ5XkQ9z9+IzssJzktVFEXUiyLq+an/
nrwpRmdpGmkqRrdaMjezBv8mAAAAAAAdJy+KyOt51F+Pz+tNlqaRpUmkWWpcR4vYAQ0AAAAALEk9
z6P+enhei53Oy1XP86jnEUk9jyxNIsvSyNK01cvqKnZAAwAAAACLUqvnb8TndnU6QlcyIXotCNAA
AAAAQFO1+ukdz+0bnt8uS9PIMiG6bEZwwCqbmpqKo8eORb1WX9F93vWuC1ZpRQAAAADLU8/zN+Jz
pzk1niOPPE+N5iiRAA2r7MDBg/HQw4/EyZMnV3Sf/+23/9dVWhEAAADA0uRFEfV6HrV6PTp9fsLp
sSKVLIvMYYWrToCGVZTnedx73wNx3333xfTMzIruJUADAAAArVB7PTzneYeX5zcpioj5Wv2NEG0s
x+oRoGEV/ejIkXju+ediZna21UsBAAAAWJKiKGK+nkdthWNF21meFzGX1yIvsqhmaSR2Q6+YAA2r
aP/+/XH8+PEoOv29KQAAAEBHqed51GqddcjgStRq9SjyIioVs6FXSoCGVVIURezZuy8mJ1c2+xkA
AABgLdXq9Ziv5TbUvU09zyOfL6JaKaKSZa1eTtsSoGGVvPba0fjus8/GzApnPwMAAACshSJO7fSd
7+KRGwspiiLm5k8dxFjJsjCRY+kEaFgle/fti+PHT/hpIQAAALDuFUUR87V61OpGbizGfK0eRVFE
tZKZC71EAjSsgqIoYu/efXHyZPPxG729vTE8PBSVSnWNVgYAAADwVnlRRE18XrLTn69KJYtUhF40
ARpWwdFjx+Lp7z6z4PiNiy/aHO9///tjfGxsjVYGAAAA8D/lr+98rovPy1Kr51FERFWEXjQBGlbB
/v374/jx403HbyRJEtddd1184p9+LEZGRtZwdQAArTEzMxu1Wu2Mj1Uqlejr613jFQE0lud5zM3N
Ra3eeBZuJcuip6cn0jRdw5XB6hGfV8fpz58IvTgCNKxQURSxe/feOHlyqul1I8PD8d6LL4rh4eE1
WhkAQOvUarW4/8EH4sTxE2d8fHhkOD78oQ9FpeJbEmB9mJ6ejoNPPBEvHzrU8Jrzzj03rrj88hgc
HFzDlcHqKF4fuyE+r456PY8kwkzoRfC3PVihEydOxFPf+c6C4zcuv/x9sWHDBl+UAICu8NR3vhP/
4T9+Kebm5s74eE9PT2w8Z2NsueLyNV4ZwJkdO3Y8vvX3d8Z999/f8JoPfuADcf555wvQtJ0iwoGD
Jai9sRO6EnJPY94zAiu0b//+OH7iRNPxG2maxpVbtsT42PgargwAoDVOnJiM2756e8P4HBExNzcX
t3319jhxYnINVwYA3cmBg+Wp1fOmo3sQoGFFiqKIx3fviampBcZvjIzEey++OIaG/JQcAOhseZ7H
3d/+duw/cHDBa/cfOBB3f/vbkee+IQaAstTq9ZivCaRlOrW73Oe4EQEaVmBycjKefOqpBcdvXHH5
+2J8Ytz4DQCg47186FB87et3LPr6r339jqbzVgGA5avneczX/KB3LczX8qj7ofoZCdCwAvsPHIzj
x443H7+RJHHlli0xNjq2hisDAFh7M7Oz8bU/+nocO3Zs0R9z7Nix+KOv3xEzs7MlrgwAuk9eFFGr
5U2bBaun8PluSICGFXjs8cdjanq66TUjo6Nx8UUXxeDgwBqtCgCgNXbv3hP33Hvfkj/u2/fcG7t3
7ylhRQDQvWp1O3LXWj3PY96s7XcQoGGZpqam4uDBJxYcv3HVlVtiwvgNAKDDvXb0aHzl1tuWNc85
z/P4yq23xdGjR0tYGQB0n1o9j5q5zy3hwMd3EqBhmfbvPxDHTywwfiNN48otW2J0dHQNVwYAsLZq
tVr86Z99M1586aWG15x91lkxNtZ4JNmLL70Uf/rNP49arVbGEgGga+RF4UC8FqvV65EbxfEGARqW
6dHHH4/p6ea7n8fGTo/fGFyjVQEArL3vPvts/Plf/GXDx3t6euKLX/h8/PzP/WxkWdbwum/++V/E
s889V8YSAaBr1Ot55Ln42Up5XkTdLug3CNCwDNPT03Hw4BMxu8BhOVddeVWMjTt8EADoXCenpuK2
r97e9O9FW6++Kj58/fXx05/6ZFy0eXPD62ZnZ+O2r94eJ6emylgqAHS8ep7b/bxO1Op1M7hfJ0DD
Mhw4+EQcPXq06YzDNE3j6quujNGRkTVcGQDA2snzPO69977YvWdvw2uGh4fjl7/4hUiSJKrVanzx
C5+PgYHGhzM/vntP3HvvfcuaJQ0A3a5Wz8Pkh/WhKMIu6NcJ0LAMjz72WEwvcPjgxMREXHTR5qbf
YAEAtLPDhw/Hbbf/YcPH0zSNT33yp+Ld73rXG3+29eqr4/oPfbDpAc23XbnS/QAAIABJREFU3f6H
cfjwq6u6VgDodLV6LniuM7V67kDCEKBhyWZmZmLvvn0Ljt84tfvZ4YMAQGeanZ2Lr339jjh69GjD
a84779z4+Z/72Xf8+S/d+K9iw4YNDT/u6NGj8fU7vhGzs3OrslYA6Abi8/rkdRGgYckOPvFkHDt6
bBHjN66KkZHhNVwZAMDaKIoi9h84EHf+410Nr+np6YnP33hj9Pf3v+Ox8bGx+IV//s+iWq02/Pi/
v/PO2H/gQBTeRwwAC6rVc/OG16lTc7m7+7URoGGJdj36aMzMLjx+Y/OFF57xGy4AgHZ3YnIyvnzL
LQ1/IJ8kSWy7Zmt88AM/3vAeP/GJj8f73ndZw8fzPI8v33JLTE5Orni9ANDpxOf1rdtfHwEalmBu
bi52794TMzPNx29su2ZrjI46fBAA6Dy1Wi3+/C/+Mr73vRcbXjMyPBy/8stfbHqfNE3j13/ll2Ow
yXkZ3/vei/EXf/XXUa/Xl71eAOh09dzs5/Wu3uU71AVoWIInnnwqjh071vStoKfHbwwPG78BAHSe
F198Kf7HH/9Jw8ezLIvPfubTcf555y14r4suuig+8YmPR5o2/rbkj//4T+L7L7+8rLUCQDcQn9tD
N79OAjQswa5du2JmgcMHzz7rrNh84YXR19e3RqsCAFgb0zMz8ZXbbmt6GPO7Lrggfuazn1n0PX/h
X/zz2LhxY8PHp6an45Y/uDVmZpqPQAOAbpQXRdRz5yW0g3peRN6lZ1tUWr0AaBfz8/Px2O49MTfX
/DT2bduuiWGHD0LHm5qejpMnTzY9kLSTpWkag4ODMWDWPXSNPM/jwQcfjF2PPtbwmt7e3vjCTb8U
vb29i77v0OBg3PiL/zL+n//vP8T8/PwZr3lk1654ZNej8cEP/HjT3dIA0G3yeu7A3jZRFEXk9TzS
Stbqpaw5ARoW6amnvhNHjhxpGpvSNI2tV18Vw0NDa7gyoBXuvPMf42tfvyOOHTvW6qW0xOjoaPzi
L/yL+OlPfbLVSwHWyJHXXov/+ge3Nnw8SZK47tqdce3OnUu+90du+HD84113xaOPPd7wm+gv3/IH
seWKy2NiYmLJ9weATmX3c3up50VXxljbB2CRHt61a8Hdz2efdVa8+13vXtKuHwCA9W5+fj6+fsc3
4rXXXmt4zejIyIIHDzbz67/6KzE4ONjw8VdffTXu+MZ/b7hLGgC6TZ4XXX2wXTuq53nkXfhDAwGa
dSfP85ifn2/6q1arrelbTGq1Wux69NEFA/TOnTtixPgNAKCDFEURTz71VPzt332r4TWVSiU+97mf
i7PPOmvZz3P++efHp3/6U5Fljd+W+ld/8zfx9DPPeKsxAESIz22qG1+3btz1zTpWq9XilVdeieee
fyEiGn9j0d8/EJdc8t41G3XxzDPfjSNHXltw/MY1W7fGkPEbAEAHmZ6ejt/7z/+l6d+DNm++MD7z
059a8XP9/Od+Lu6977548cWXzvh4nufxn3//y/Hv/92/jYGBgRU/HwC0s2490K7ddePrJkCzriRJ
Et999tn4v/7v/7fp2yvPOefs+MLnPx83fPj6NVnXQ488suDu500bN8YFF5wfPT09a7ImAICy1ev1
+Mu/+ut4/oUXGl7T29sbv/FrvxqVysq/tejr7Y0v3nRT/B//5+82/LvXM9/9bvzN3/5dfPYzn266
WxoAOllRFF05yqET5HkRRVFEkiStXsqaMYKDdSXLsjjn7HPi4osvanrdiROTsXffvjV5+2W9Xo9d
ux5dcN7gzp07YnjI+A0AoDMURREvHzoUX//GNxpekyRJfPj6D8Xl73vfqj3v+6+7NnZs3970m7I/
uuMb8corh5u8Xw5gGZKIhXpQkiRdFY1Yv05HTNpPN/7wQIBm3dlw1obYcvkVTa+Znp6Op59+Jk6c
OFH6ep757rNx+PDhBcdv7Ni2LYaGGh+cAwDQTubn5+MPvnJbzMzMNrxmdGQkvnjTTav+3L/xa78S
w8ONx5pNTU3FLV/5Sswv8A41gKXo6+2Lnmrzd7QODPQ3/foEa6Ubxzh0km57/YzgYN0ZHxuLyy67
JKrVatNdxycmT8TuPXvjw9d/qNT1PPzwwzG3wO7nd11wQZx77rlRrVZLXQuwflR7qjE8NNT0h1On
5XkeMzMzUa/XG17T19dXyteQoihibm6u6RihLMuir68v0nTxP5ceHhqKao+vedCp8jyPxx5/PB56
+OGG11QqlfjFf/kLMTo6surPf/bZZ8c/+9zn4iu3fbXh1877H3gwHnv88bju2muX9PULoJGJifEY
XuBQ+f7+fuf+sC502w7aTtNtr58AzbqTZVmcc845cekll8SBgwcbXjd5YjL27N0b13/og6W9BSrP
83jw4YcXHL+xfbvdz9BtfuLjH4+f+PjHF3Xtc88/H//hP34pnvrOdxpe81u/+RvxsY/+k9Va3huO
HDkSf/pn34z/8Sd/2vCayy69NG7+rd+MC9/znlV/fqA9TU6ejN/7/S83fDxJkti8+cL45E/9ZGlr
+OxnPh3/eNfd8exzzzW85vd+/8txxRVXxMiwMWgAdJdu20Hbabrt9bNVgHVpw8REbNnSfAzH1PR0
fOfpp2NycrK0dTz33PNx+PCrC47fuHbHjhgcFKABgPZXq9Xij+64Iw4fPtzwmmq1Gjf/5m+WOgc1
y7L4X37z15se8Hz48OH4xn/771Gr1UpbBwCsN+Y/t7+iKLoqQgvQrEtjY2Pxvssujd7e5vO3Try+
C7osDz70UNQW2P38nve8O87ZeM6qnPwOANBKRVHEc889H3/5V3/d8Jo0TePjH/tYXHLJe0tfzxWX
Xx4fueGGpiM2vvnnfxHPPfe8b8QB6Br+f15nKLpoDIcAzbqUpmmcddZZcekllza97uTkZOzeU06A
LooiHnrkkZhfYEfNju3bY3BgoJQ1AACspXq9Hrd85daoVqvR19f3jl/9/X1x1oYN8Uu/9K/WbE1f
+PyNMTE+Hv1nWM/p+fm3fOXWpnP2AaCTdNPO2U7WTa+jLZusWxPjE3HllVti3/79Da+Zmp6OJ596
KqampmNgoH9Vn//5F16IQ4cONR2/kSRJ7Ni+zfgNAKAjVCqV+Pf/7t+2ehlvMTo6Grf+wX9t9TIA
IkmSUkcPwWK1a7c8Pd7r7LPPXtV7DgwMtGWXadfXcTnsgGbdGhsbjfdddlnTuX8Rpw4j3L1796o/
/4MPPRy1WvOdNBdfdFFs3Lgxsixb9ecHAABgbTWLzBs2bIhNmzau8YrgnYpov3J5+PDh+O3f+Z34
7d/5nXj++edX5Z533XVX/NbNN8fN//pfx8mTJ1flnmupHV/H5RKgWbeSJIkNGybiissvb3rd5MmT
8dgqB+iiKOKhhx9e8ECbnTu2x0C/8RsAAACdYNOmjbFhw4ZWLwOaascZ0AcOHIiTJ0/GyZMn43//
N/9mxRH6rrvuiv/0pS9FRMTJkyebHp68XrXj67hcAjTr2sT4eFx15Zam10xPT8cTTzwZ09PTq/a8
Lx86FC+++NKC4zd27tyx6qM/AAAAABpqw275kY98JD5yww0RESuO0G+OzxERH7nhhrjwwgtXZZ1r
qg1fx+USoFnXRkZG4rLLLo3e3t6m101OTsbuPXtW7Xnvu+/+BQ+yueS9742zzjrL+A0AAABgzbRr
t7z55ptXHKHPFJ9vvvnmVV3nWmnX13E5BGjWtSRJYmJiIrZsuaLpdSenpuKxx1dvDMcDDz60YIDe
uXNHDPTb/QwAAACsoTYe3bCSCN1J8TnCCA5YV8bHxuLqK69ses3MzEwcPPhEzMzMrPj5Xj50KF74
3gsLjt94/7XXRr8ADQAA0EXOfEAhrKV2z5ZnitAPP/JI04/ptPjcbQRo1r3h4eG49NJLm8beoiji
xORk7Nm7d8XPd/8DD0a93jg+R0RcdtmlMT4+Fmnqf0IAAADdYHBgIIaHhlq9DOgIb4/Qv/u7vxt3
3XXXGa8Vn9ufesa6lyRJTIyPx5Vbmh9GODU1FY8+9viKn++BBx6MfIHxG9ft3Bl9dj8DAAB0jYGB
gRgeFqBhtbw5QkdE/KcvfekdEVp87gwCNG1hbGw0rr5q4TEc+/cfiPn5+WU/z6uvvhrPPvts5E3m
8KRpGjt37oj+vr5lPw8AAADrz4aJDTE6OtLqZUDXaBahxefOUWn1AmAxhoeH49JLLon+/v6Ynp4+
4zWnx3Ds3r0nrr1257Ke555774t6k9nPERFXXH55jI+PG78BAADQYXp7e6Kn2tPqZUBTSZJ01AF2
p6PyXXffHRGnIvSBgwffshu6E+NzknTPTHkFjbYxPj4WW6++quk109PTKxrDcf8DDzY9fDAi4rpr
d9r9DAAAALREJ2bLt++E7vT4HNGZr2MjAjRtY3RsLLZefXXTa2ZmZmLvvn3LGsPx6quvxtPPPNP0
p4hZlsXOHdujT4AGAAAAWqFDy+XbI3RE58bniOjY1/FMBGjaxuDAQLz3vRfHUJNTh4uiiBMnTsTe
vfuWfP/7H3gw6gscPnjllitidHSsq94mAQAAAKwfndwk3hyhP/nJT3ZufI7Ofh3fToCmbSRJEuNj
ixjDMTMTux59dMn3v+/+BxacoXTdtddGX1/vku8NAABAe9uwYUNs2rSp1cuASDp86+zNN98c/+0b
34gvfuELrV5KqTr9dXwzAZq2Mjo6uqgxHHuWOIbj6NGj8eRTTy04fmP7tmuit1eABgAA6DZJknTV
jkXWL/8adoZueh0FaNpKf39/vPfii2N0dLThNUVRxPHjx2Pf/v2LumdRFHHv/fcvOH7j6quvirEx
4zcAAAA61dDQUPQP9Ld6GdBUqkt0hG56HQVo2kqSJDE6NrrgGI6Z6ZnY9ehji7pnURRx330PLHjd
j113nd3PAAAAHWx4aCgGBwZavQxoKkm7J1x2sm56HQVo2s7oyEhcs3Vr02tmZmfj8d17FjWG4+ix
Y3HwiSeajt+oVquxbds10dPTs+T1AgAA0CaSJKKL5rLSnlLjYNpekiRdtQO60uoFwFL19fXF5s0X
xujoaBw7duyM15waw3EsDhw82DRW53keDz30cNRqtabPufXqq2NkZMQXeAAAgA42MT4en/vZn4kb
Pnz9Ox47a8OGmBgfb8Gq4J3SJIl6k410rG/dFJ8jBGjaUJIkMTY6Ftuu2Rp33f3thtfNzMzGI7se
bRqgi6KI++5fxPiN918XvXY/AwAAdLTe3t646KLNsXnzhe94LEmSSFNvJGd9SNMk6nmrV8FypV00
fiPCCA7a1MjIcFxzTfMxHLOzs/HYY483PVxwcnIy9h840PQ+fX29sX3bNVGtVpe1VgAAANpDkiSR
ZVlUKpV3/MqyzLtiWTe6bQdtp+m210+Api319vbG5gsvjImJiYbXFEURx44fiwMHDp7x8TzP48GH
Hl5wTvTWq6+OoaEhf9EAAAAA1oU0NQe6XZ16N0V3vXYCNG0pSZIYHR2NbQvugp6LR3btOuNjeZ7H
/Q8sZvzG+x0+CAAAAKwb3RgxO0U3/vBAgKZtjQwPx84d25teMzc3F48+fuYxHJOTk7Fv/8LjN67Z
ujUqFePSAQAAgPWj28Y4dIpufN0EaNpWT09PvOtd74qNGzc2vCbP83jttaPxxJNPvuXP6/V67Hr0
sZidnW36HNu3bTN+AwAAAFh3ModitqVufN2675+YjpEkSYyMjMTWq69qet3s7Gw8suvRt/zZqfnP
Dy34HD/+Yz8WPT0OHwQAAADWlzRNujJmtrMsTbtydIp/S2lrw0NDce3OnU2vmZ+fjz17977lz+bm
5mLP3n1NP25gYCC2Xn1VZFm24nUCAAAArLasC2NmO+vW10uApq1Vq9W44Pzz4rxzz214TZ7ncfjw
q/GDH/4wIiLqeR5PPPlkTE9PN7339m3bYnBw0PgNoK1VKpUFD1Kdm5uL48dPrNGKAACA1ZJmqW7R
JpIkiTTrzhTrZDXaWpIkMTw8HFu3Xh0vHzrU8Lq5ubl48sknY9PGjZHX6/H47j1RFEXTe3/gx3/M
4YNA2xsaGoqJDRNNr5mamopXXvlhRFy5NosCAFjHDh8+HI/v2RNPP/1MTE9PR39/f1xyyXtj29at
cfbZZ7d6efAWaZJEliZRqzdvHLReliZdeQBhhABNBxgcHIod27fHX//N3za8plarxf4DB+MjN9wQ
9Xo9HnlkV9N7Dg8PG78BdIQ0TSNLm38tO3r0aDz99Hfjn37sY2u0KgCA9Wdufj7uvvvb8bff+la8
/PKhmJudjbwoIk2SuO/+B+Lvzvv7+ImPfzxuuOHD0VN1VhDrR5alUavnrV4GC8i6dPdzhABNB6hW
K3HBBefHBeefHy99//tnvGZ+fj72HzgQeZ7HD374wzfGcTSyY/u2GBgY8DYWoCP09fXG4OBgnDx5
8oyPT8/MxAvf+158//vfj/PPP3+NVwcAsD7ceec/xp/+2Tfj5UOHol6vv+Wx6ZmZmJycjMkTk1Gv
1+Mnf+ITLVolvFOWppFladRF6HUry9KuPjCye//J6Rinx3Bcc83WhtcURRFHjx6L5194Ifbt2/+O
v0y83Qc/8ON2PwMdo6+vP0ZGRho+XhRFfO/FF+Nb/3BnzM7OruHKAADWh33798c9994X33/55Ybf
L9br9fj+yy/HPffeF/v271/jFUJz3Rw320G3vz7d/U9PxxgcGIhrd+xoes38/Hzs27c/Ht+9u+l1
w8PDseWKLQI00DHGxsaaHtYaEXHixIm4666746t/+LUzvptkamoq9uzdF995+umylgkA0DJ79uyN
p59+OvK8+Q7SPM/j6aefjj179q7RymBxKl2+w3Y9y9I0Kl08fiPCCA46RKVSifPOOzfe8+53xwvf
+94Zr5mbm4u//tu/i8OHDze913XX7oyBgf4ylgnQEhPj43HBBefHo4891vCaPM/jR0eOxN996+/j
scd3x7mbNr6xa3pubi5efvlQFFHEpz75U3HpJZes1dIBAEr3w1deiRdfeimmpqcXdf3U9HS8+NJL
8cNXXomN55xT8upg8bIsjfoCP0Rh7XXz7OfTBGg6QpIkMTQ0FNu2XdMwQOd5Hi83eTvVaR/64Afs
fgY6ysTEeFx80UVN50BHnPo6efLkyZiamoqXX375ja+FRVHE/Px8jI2NRW2+tlbLBgBYE/Pz81Gr
1aIoikVdXxRF1Gq1mJ+fL3llsDSVLI16bhb0epJldj9HGMFBBxkYGIhrdzYfw7FQfB4bG4srLr88
Um9bATpIlmXxnve8O7ZcccWirj8dnGdmZmJmZiZmZ2cXfDsqAADQepUsjSRJWr0MIiJJQnx+nc8C
HaNSqcSmTZti84UXLvse1+3cGf39xm8Anef8886L667dGePj461eCgDAujI+NhaDg4NL+pjBwcEY
HxsraUWwfOYNrx+VLDOX+3U+C3SUwYHB2L7tmmV//Ic+9AG7n4GO1NfXF9u3b4t/8pEboqdabfVy
AADWjYGBgdh84YWxYcOGRV2/YcOG2HzhhTEwMFDyymB5siyNNLULupXSNDH7+U18Jugo/f19sWPH
9mW93WRsbCzed9ll3qoCdKQkSeKsDRviJz/xifjkJ39KhAYAeF2SJPH+666LK7dcEZVK86OyKpVK
XLnlinj/ddf53pF1K02SqDjbqqUqWRaprxFvEKDpKKfHcFy0efOSP/bH3n9d9Bm/AXSwLMti06aN
8TOf+Uz82q/+Slx88UWtXhIAwLqwceM58dnPfDp27tjeMEJXKpXYuWN7fPYzn46NG89Z4xXC0lSy
NCoVEboVKpXMGJS3af6jPWhDgwMDsWPH9vjus8/+/+zdd5Qc12Hn+9+t6skBwCADJEASiQCYAUYw
kxIlUhRJBduyLac96yOnPWu/3X17nJ5ke4/t996+s2t7LYe112vLSpREURTFnCMCSQAkcgaJNIOJ
nbur6r4/egAmANM909Vd3fX9HNOQxK7BxWD611W/unVvRcfdfNON3J0CEIqe7m5de83VWrx40Vlf
s2DB/JqMxXVdzZo1U7fecrOWL1+mvXv36Z1t27Rj5y4dP378rMclEgnNnNmn2bNn1WScAAAAteS6
rpZcdJF+9ks/o/PPP1+vv75ex44fl+d5SiQSmj9vnq677lrddOM6LV60SC6zS9EAWlxHNrDy2VC8
ZlzHUQvl88eYQs7aeg8CqCbf97Vz5y7959/7fQVlhuysmTP1N3/9V2xACCAUnucplUqpWPTO+pqe
nm61t7fXcFRSEATK5/NKJpNKpVIaHRvTwMBJ5Qv5D72utaVV8+bO1bTp0zR79mx1sd4hAABoUr7v
ayyZ1MjwiIZHRpTNZtTR0akZ06dr+ozp6u3poXxGQ/GDQIWiL0v9FzpjjFpb2HjwTJgBjabjuq7m
zp2jJUsu0p49eyd8vTFG1157Tc2LHwDxkUgkND2Cu6Q7jqOOjg51dHRozpw5pwvpj968cxxHbW1t
bNIKAACanuu6mjF9umZMn65Fvq8gCOQ4DqUzGpbrOGpJWBWKfr2H0vRaEg7l81lQQKMpdXR2au2a
NWUX0LfdcgsbSACIvVOFNAAAAEplNMUzmkHCdWWtVPQoocPSknDZ+PEcqOXRlNrb2rR2zVUTztYz
xmjevHlsxAUAAAAAAJoWG+OFhw0fJ8YMaDQl13W1cMEC3X/fZzU6OnrW1xljtHzZMrW2ttZwdAAA
AAAAALVjVJqlK0mez6aE1ZJwHbUkXPFM/bmxCSGaVhAEGh4ZUbFYPOfrujo71dPTU6NRAQAAAAAA
1EdgrYqeL58Sesrc8fLZYUnXCVFAAwAAAAAAADFBCT11lM+VYfEXAAAAAAAAICYcY8Y3zaMWnIwE
5XPFWAMaAAAAAAAAiJFTJbTEmtCVOL3mM+VzRbjVAQAAAAAAAMSMMUYtLYnTRTTOrSXhqqUlQfk8
CcyABgAAAAAAAGLISOMzeqWiF8iyVdzHGGPUknCUcCnqJ4sCGgAAAAAAAIixhFtaVsLzAvkBS3Kc
4jqOEglHrsMiElNBAQ0AAAAAAADEnOs4clqMir6R5/n1Hk7dJcY3amSzwamjgAYAAAAAAAAgY4xa
E64cY+T5voIgfktyOI5Rwi2Vz6gOCmgAAAAAAAAApyVcR45j5PuBPD8ea0MbU1qKxGXWc9VRQAMA
AAAAAAD4EMcYOQlXjmPk+YF8v3nXhnZdRwmXtZ7DQgENAAAAAAAA4Ixcp1TMek6phG6mTQpdxzld
PiM8ppCLwRx6AAAAAAAAAFPmjZfQjTwj2h2f7UzxXBsU0AAAAAAAAAAqcqqE9gPbEGtEG2PkOuZ0
+YzaYQkOAAAAAAAAABU5tTRHYK2C8SI6istzlMZp5LC5YN0wAxoAAAAAAADAlAXjJXRgrYI6zYw2
xshxjBxj5DqOHIfSud6YAQ0AAAAAAABgyhzHyHFcSZIdL6GDD/waRiFtTKlsPlU6O46RYaZzpFBA
AwAAAAAAAKgqY4xc18j9wP8WWCt7uoyWrMZL6dL/faygNqUvNP5r6WsaGRkjOcacnu2MaKOABgAA
AAAAABA6xxjpI6U0mh9bPgIAAAAAAAAAQkEBDQAAAAAAAAAIBQU0AAAAAAAAACAUFNAAAAAAAAAA
gFBQQAMAAAAAAAAAQkEBDQAAAAAAAAAIBQU0AAAAAAAAACAUFNAAAAAAAAAAgFBQQAMAAAAAAAAA
QkEBDQAAAAAAAAAIBQU0AAAAAAAAACAUFNAAAAAAAAAAgFBQQAMAAAAAAAAAQkEBDQAAAAAAAAAI
BQU0AAAAAAAAACAUFNAAAAAAAAAAgFBQQAMAAAAAAAAAQkEBDQAAAAAAAAAIBQU0AAAAAAAAACAU
FNAAAAAAAAAAgFBQQAMAAAAAAAAAQkEBDQAAAAAAAAAIBQU0AAAAAAAAACAUFNAAAAAAAAAAgFBQ
QAMAAAAAAAAAQkEBDQAAAAAAAAAIBQU0AAAAAAAAACAUFNAAAAAAAAAAgFBQQAMAAAAAAAAAQkEB
DQAAAAAAAAAIBQU0AAAAAAAAACAUFNAAAAAAAAAAgFBQQAMAAAAAAAAAQkEBDQAAAAAAAAAIBQU0
AAAAAAAAACAUFNAAAAAAAAAAgFBQQAMAAAAAAAAAQkEBDQAAAAAAAAAIBQU0AAAAAAAAACAUFNAA
AAAAAAAAgFBQQAMAAAAAAAAAQkEBDQAAAAAAAAAIBQU0AAAAAAAAACAUFNAAAAAAAAAAgFBQQAMA
AAAAAAAAQkEBDQAAAAAAAAAIBQU0AAAAAAAAACAUFNAAAAAAAAAAgFBQQAMAAAAAAAAAQkEBDQAA
AAAAAAAIBQU0AAAAAAAAACAUFNAAAAAAAAAAgFBQQAMAAAAAAAAAQkEBDQAAAAAAAAAIBQU0AAAA
AAAAACAUFNAAAAAAAAAAgFBQQAMAAAAAAAAAQkEBDQAAAAAAAAAIBQU0AAAAAAAAACAUFNAAAAAA
AAAAgFBQQAMAAAAAAAAAQkEBDQAAAAAAAAAIBQU0AAAAAAAAACAUFNAAAAAAAAAAgFBQQAMAAAAA
AAAAQkEBDQAAAAAAAAAIBQU0AAAAAAAAACAUFNAAAAAAAAAAgFBQQAMAAAAAAAAAQkEBDQAAAAAA
AAAIBQU0AAAAAAAAACAUFNAAAAAAAAAAgFBQQAMAAAAAAAAAQkEBDQAAAAAAAAAIBQU0AAAAAAAA
ACAUFNAAAAAAAAAAgFBQQAMAAAAAAAAAQkEBDQAAAAAAAAAIBQU0AAAAAAAAACAUFNAAAAAAAAAA
gFBQQAMAAAAAAAAAQkEBDQAAAAAAAAAIBQU0AAAAAAAAACAUFNAAAAAAAAAAgFBQQAMAAAAAAAAA
QkEBDQAAAAAAAAAIBQU0AAAAAAAAACAUFNAAAAAAAAAAgFBQQAMAAAAAAAAAQkEBDQAAAAAAAAAI
BQU0AAAAAAAAACAUFNAAAAAAAAAAgFAk6j0AIDICyXhW8q3kS2bt5GJnAAAgAElEQVT8V/lWJij9
ewW29DoryVrJ6v1/Psp88B8ja1S65eMYyZGsI8k1kivZ8V/lGtmE4dYQgIbl+VZ+IAXBR361VkEg
WWsV2PEItaX/biXJfjxKzfj/K8WokTGSMaUYNcbIcSTHGLmO5Dgf/jXhmlr/0QGgKshRAJiawEq+
b+V/IEeDQPJP52gpU21Qusy349f2py7zP8qYD+SpMXIkmfH8NEZyHMk9lanjGeo6Rq5r5BClgCTJ
FHJnensBzcl4VirY0q9FyRSt5I3/96Deo/sAR6UiOmFkW4zUMv7fW8cLagCok8BKnmfl+VZF38r3
S//Z8yU/iNYphesYJdxSieK6Ri2uUcI1SiS4GABQP+QoAEyddzo7S/l56j/7fukmXVQ4RnJPZaf7
fqae+geICwpoNKdAMvlApjBeOI//c8aZyo3GSLbVyLaOF9KtRrbNYdY0gKorelZFz6ow/uupoqQZ
nCpSWhJGrYnSry3c4ANQZeQoAExNYKViMfhQjhY9e8aZyo3GGJWy84NZ2uJwgw9NiQIaTcHkrUwu
kMlbKW9LM5tjxrYYqc3IthnZdke2jU8tAOXz/FJBUihaFcZP8uN2hmCM1Jowam1x1NpSughgZgqA
cpGj5CiAqSsUrfLjGVoolmY1x03CNacztG08T4FGRwGNhmSygUzOjv8TNMfM5mozKhXR7ab0TwdT
pAG8z/OtcoVSSZKP6cl9ORKuUVtLqUxpb6VIAfA+crQ85CiAc8kVShl6qnimofo4Y3S6iG5rMWpv
5doejYcCGg3B5G2pdM5SOE/aqUK6o1RGM0MaiJcgKJ3g54qB8gWKkslKuEZtrUbtLY7aWx05nP8D
sUGOVgc5CsRbwbPKFwLlCqVfSdLKGUltraWbem2tjlpZ/ggNgAIa0WQlkwlksoGcTGmjQFRZwijo
HC+jO53xbX0BNJOiZ5UtBMrlSzNLUH1tLUbtbY46Wh3WPgWaEDkaPnIUaH7ZfKBcIVC20Dzr4EeJ
6xp1tJZmRne0cVcP0UQBjegISqWzkw5kMsxyrikj2U5HQdd4Gc1nFtCw8kVbOsnPBypygl9TLe54
idLmqI21+oCGRY7WDzkKNAdrS6VzNh8oW2BZjVoyRuoYL6I72hwZohQRQQGN+rKSSY+Xzumg3qPB
ONs1XkZ3MTMaaASFolVm/CSfR8KjIeEadbQ56mxj4xigEZCj0UOOAo0nkwtOZymi4VSOdrYzywz1
RQGNujDZQCYVyEkx0znSjBR0O7LdDpsYAhHj+aWyJJMLVGSZokhrSRh1tpdO/tl8C4gOcrRxkKNA
dOUKwenimXYpuozR6SKaTQxRDxTQqBnjWZlkqXg2rKHXcGyLKRXRPY4s6/MBdZPJBUrnSuvoofG0
tzrqamcWClBP5GhjI0eB+vN8ezpLeWqk8SRcczpHuamHWqGARuhMJpCTZImNZmK7HAU94+tFAwid
51uls6WTfD/gY7sZuE7pxL+rgxN/oBbI0eZDjgK1l82XcpQlNppHR1vpph6bFyJsFNAIRyA5SV9m
jNnOzcy2GNleR0GPy8aFQAiyhUDpLCf5za6jrVSgdPA4JFB15Gg8kKNAeAIrpbO+0lk2Zm1mLa5R
V4ejrg5XDvf0EAIKaFSVKVqZsUDOmM/aznFipKDXle11ZNkkBpiyVDZQKuuzJmnMtCSMujtcdbPm
PjBl5Gg8kaNA9Xi+PZ2ltEbxYYxO5yhPl6CaKKBRFSZn5Yz5Milml8Sd7XZKZXQ7H1ZAJQIrpTK+
UlkeD4871zHq7nDU3ckMFKAS5ChOIUeBySsUrZJZX5kc1/Zx19nuqKfDVSuTzFAFFNCYEpMN5IwG
Mhk+nPBhttNRMM2RZQYKcE5+YJXKBEoyuwQfYYzU0+Gqu9ORS4MCnBU5irMhR4Hy5QuBkixZhDPo
aHPU0+GojWWOMAUU0JgUimeUiyIaODM/sEpmAiUzfr2HggbQ0+mqhwIF+BByFJUgR4EzyxUCJTOB
cgWu7XFu7a2OejodtVNEYxIooFERk7NyRnyKZ1TMdjoKprM0BxBYKZnxlUz7LJWPihhJPV2uenik
HDFHjmKyyFHgffmiVTLjM+MZFetoc9TT6aqNpTlQAQpolMUUxotn1njGFNnu8SK6lQ8rxM/YeGHC
0qSYCseUCpTeTrfeQwFqjhxFNZCjiLOiZzWWYY1nTF1nu6PeTlctCa7tMTEKaJybLzkjvpxRHm1E
dQXTXAXTXYnzfsRAOhdoLO3L8/nIRfUkXKPeLldd7TwGieZHjiIM5CjiJAjGb+KxbBGqrKezdEPP
IUpxDhTQOCtn1Jcz7EvcGEVYHCmY4SqYRguN5pQrlAqTfJGPWoSnraVUoLAeH5oROYpaIEfR7JIZ
X2M8PYIQOUbqHV/iCDgTCmh8jMkEcoZ8mQI/GqgN22oU9LmynZz0ozl4vtVY2leaRxtRQ13tjnq7
XCVcHoNE4yNHUQ/kKJpNNh9oNO2r6HFtj9poSRhN63LV0ca1PT6MAhqnGc+WimfWeUad2G6nVESz
hhQaWDLjazTFxlioDyNpWjezT9DYyFHUEzmKZuD5VqNp1nlG/XS2O5rGDT18AAU0JI0vtzHkizN9
1J2Rgj6W5UDjyRVKM0wKPCaOCGhtKc0+4XFyNBJyFFFCjqJRcRMPUcENPXwQBXTMmZyVM+TJ5Pgx
QLTYdqOgLyHbzh1TRJu10kjKVyrLhi6Inu4OV9O7XRmiFBFGjiLKyFE0ikLRaiTlsWY+IqetxWh6
d0KtLQRpnFFAx5gzPL7JIBBhwQxXwQzumCKasvlAIylfns9HKaIr4RpN72YtPkQTOYpGQI4i6kbT
pU0GgSjr7XI1rYtr+7iigI4hk7NyBj2ZPH/1aAy2zSiYyWxoREdptp6nVJZ19dA4ujscTe9OMIsP
kUCOohGRo4ia/PisZ5YuQqNoHZ8N3cZs6NihgI4ZZj2jkTEbGlGQLQQaSTJbD40p4RpN73HVwZqm
qCNyFI2MHEVUjKV9jTLrGQ1qWperXmZDxwoFdEyYopVz0pdhlgkanO1wFMxyZbljijoYSflKZjjR
R+Pr6SytaQrUGjmKZkGOol6KvtVI0leuwLU9Glt7q6PpPa5aXK7t44ACOgacZCDnpCe2wUXTMFIw
K6Ggh5knqI2iZzWcZFMXNJe2FqMZPQm1JDjpR/jIUTQjchS1ls4FGk56osVBszBGmtGTUFc71/bN
jgK6yTknPTlj3BlFcwp6HQWzEvUeBppcKls60Qea1YyehLo7OOlHeMhRNDtyFLUwnGTdfDSv7g5H
M3q4tm9mFNBNyuStnJNsNIjmZ9uMglkJ2TZmnqD6ONFHXHDSj7CQo4gLchRhKXhWw2OeCh7X9mhu
rQmjGb0JtfJUSVOigG5CTjKQM8AsE8RLMJslOVA9Rc9qKMmO4oiX1hajPh4lR5WQo4gjchTVls4F
Ghrj2h7x0tfLkhzNiAK6yThDvpwRNnZBPAXTXQV9bAaDqcnkSyf6fDoijowpnfR3tnHSj8kjRxFn
5CiqhU1bEWds9Np8KKCbRSC5/Z5MhkccEW+205E/JyFxzo9JGEv7Gk1zog9M63LV28VJPypHjgIl
5CgmK7DS0JinbJ5re8RbR5ujvt6EHB4qaQoU0E3A5K2cfk+GRxwBSZJtMQrmsC40KjM05imd40Qf
OKWrvXTSD5SLHAU+jBxFpQqe1dCop6LPtT0gSS2uUd801oVuBhTQDc6kA7n9nsTfIvBhRvLnJGS7
mAqNc/N8q6ExT3lu4gEf09Zi1NebUMLlpB9nR44CZ0eOolzZfKBBli8CPsYYaWZvQh0sbdTQKKAb
mDPqyxnkEUfgXIKZroJpPP6IM8sXrQbHPPnMMgHOynWNZvYm1NZCeYKPI0eBiZGjmEgy42skxbU9
cC7Tu131dHJt36gooBsUmw0C5WNzQpxJNh/o5Ci7igPlmjWNmSf4MHIUqAw5ijMZTfkaY7NBoCy9
na6msTlhQ6KAbkDOgCcnyfp6QCWCHkfBbNbgQ0kqG2g4SWkCVGpGT0LdHZQnIEeBySJH8UGsnQ9U
jvX1GxMFdINxT3gyaT6ggMmwXY78uXxQxd1Y2tdomlkmwGRN63LV28XMkzgjR4GpIUchSSdHPWXz
XNsDk9HR5mjWNK7tGwkFdKMIxsvnLB9QwFTYjvESmoknsTSS8pXkEUdgyno6XU3n8cdYIkeB6iBH
4yuwpfI5X+DaHpiKttZSCe2wvH5DoIBuBJ4tlc95/qqAarBtplRCJ/ikipPhpKcUN/GAqunucDSj
h5kncUKOAtVFjsaPH1idHPVUKHJtD1RDa4vRrGkJubTQkUcBHXHGs3KOezIF/pqAarKtRsG8hCwl
dCywvh4QDtbgiw9yFAgHORofnl8qn4se1/ZANbUkSiV0wuXaPsp4CD3CTNHKOUb5DITBFMbfX8w+
aHqUJkB40rlAQ2NsRNfsyFEgPORoPHi+1ckRymcgDEWv9P7yfN5fUUYBHVGmOD7zmXIMCA3vs+Y3
SGkChC6dCzRIedK0yFEgfORoc/N8q4ERT0XKMSA0xfH3GSV0dFFAR9DpZTcoxYDQnS6hmY3QdIbG
PGUoTYCayDCDrymRo0DtkKPN6dTMZ0oxIHy836KNAjpqKJ+BmjtVQosSumnwuDhQezxG3lzIUaD2
yNHmcmrDQWY+A7VTHF9r3Q9430UNBXSUBJJ7gjWfgXowBSv3hCdxrd3whpOUJkC9pHOBhpOUJ42O
HAXqhxxtDoEVGw4CdVL0SiU0HXS0UEBHiHvCk8nzDgHqxeTHS2g0rJGUr1SW0gSop1Q20EjKr/cw
MEnkKFB/5GjjOznqqcBTzUDdFIqlEhrRQQEdEe4JT4aTfaDuTDaghG5QY2lfyQwXa0AUJDO+xtK8
HxsNOQpEBznauE6OesoXuLYH6i1fCCihI4QCOgKcAU8mzQcUEBUmHcgZ4IOqkaSygUa5SAMiZTTN
TNpGQo4C0UOONp6hMU/ZPH9nQFRk86ytHxUU0HXmDPlyknxAAVHjJAM5Q1yIN4JsnrUSgagaTnIh
3gjIUSC6yNHGMZryWT8fiKB0LtAoyxrVHQV0HTmjvpwR3gRAVDkjvpxR3qNRlmdtLyDyTo56yrMO
ZmSRo0D0kaPRl8z4GmMJIyCyxjIsM1ZvFNB1YtKBnEF++IGocwZ9lsiJKM+3GuRxKqAhDI558nzK
k6ghR4HGQY5GVzbPppFAIxhJ+TxRUkcU0HVg8lZuPyf7QKNw+z2ZPCf8UTM05snnQgxoCL5vWX8v
gshRoHGQo9FU8LiRBzSSwTFPBY9zn3qggK61QHL6PYmfd6Bx2PH3LTdLI2NojEdRgUaTL1KeRAk5
CjQecjRaAisNjXqyRCnQMOz4+zbgfVtzFNA15vZ7MpzsAw3HFHlyISrG0mzwAjSqdC7QWJrHlOuN
HAUaFzkaHUNjnoo8RQI0nCJPlNQFBXQNOUO+TIaTfaBRmUwgZ4gT/nrK5AONctEFNLTRtK8M6+/V
DTkKND5ytP5YSxZobKzdXnsU0DXiJAM5I/xwA43OGfHlJDnZrIeix51qoFkMjXkqsv5ezZGjQPMg
R+snnQuUzHBtDzS6ZIYnwmqJAroGTN7KGeBkH2gWzgCbEtbDUJI19oBmYW3pPY3aIkeB5kGO1keB
G3lAUxliU8KaoYCuAeckH1BAs+F9XVvDSU8F1s8HmkqhaDVMeVIz5CjQfMjR2humfAaaDu/r2qCA
DplzkpmSQDMyeUsJXSOpbKBUlkejgGbE+7s2+D4DzYv3d+0MJ5kpCTSjgsfNvFqggA6RkwzkjHEy
ADQrZyxgPeiQFTkZAJrecJJ1TMNEjgLNjxwNXzpH0Q80s1Q2YD3okFFAh8QUmR0JxIFz0pPhkebQ
UJoA8cB7PTx8b4F44L0enqLPjTwgDoaTnoo+1/ZhoYAOiXPSl/i5BZqfHX+/o+pGUr7ylPtALOSL
ViMpsrTayFEgPsjR8IwkfTZwBWLA2tL7HeGggA6BM+zL8HgOEBsmG8gZ5oOqmrKFQMkM31MgTpIZ
X9kC50/VQo4C8UOOVt9Y2leO7ykQG7lCoLE0509hoICuMpOzFFFADDnDvkyOqRHVwJ1nIL6YZVYd
5CgQX+Ro9eSLVqMUUUDsjKZ5giwMFNBV5gyyNhQQV7z/q2Mk5clj7S0gljzfaiRFlk4VOQrEFzla
PXwfgfji/V99FNBV5Az7MnlO9oG4MnmegJiqbJ4dxoG4S2UDZfPkwGSRowDI0akbTfsqMAMSiK0C
T0BUHQV0lbD0BgCJpTimwlqxeQ4ASaUs4BHyypGjAE4hRyevULSsAQtAY9yIqioK6CpxhpieD6CE
PJickZTPI+MAJJ16hJyL/0qRowBOIUcnj0fvAZxCHlQPBXQVOKPMeATwPpOzckY54a9ErhAoleV7
BuB9qayvXIFHyMtFjgL4KHK0cskMm48BeF++aJXMcH5VDRTQU2Q8K2eIH0YAH+YM+TIeJ6/lYn0t
AGdCNpSP7xWAMyEbyuf5VqPMGgfwEaM8YVYVFNBT5Az5Ej+HAD7KiptTZUpmWFsLwJkVmHVSFnIU
wNmQo+UbTftc2gP4GCtu5lUDBfQUmEwgk+KRJgBnZlKBTIaMOBdmmgCYCLNOzo0cBTARcnRi2Xyg
TI7zdgBnlskFyubJiKmggJ4CZjcCmAg5cW5jzDQBMAGrUlbgzMhRABMhRyfG7EYAEyEnpoYCepKc
UV+mwOk+gHMzBTYkPJtcIVCamSYAypDOBWykdQbkKIBykaNnl8z4KrJ3C4AJFD2WNJoKCujJ8CVn
mB86AOVxhn2JyPgYZuIAqASZ8XF8TwBUgsz4uCDg+wKgfGNpXwH38iaFAnoSnBFf4gcOQLmC8dzA
aelcoDwbZgGoQL5ome37AeQogEqRox83lvEVEKUAyhTYUm6gchTQFeJxegCTwbI9H8ZMEwCTQXa8
j+8FgMkgO97H4/QAJoNleyaHArpCzGIEMFnkR8lYhp3YAUyO51tmnYgcBTB55Oj7+D4AmCzyo3IU
0BUwOSuT4pElAJNjUoFMLt6FQWClJDNvAExBMh3vx6XJUQBTFfcclUrLkWRYjgTAJGVYCq1iFNAV
YPYigKmKe44kWWcPwBQFVrF+ZJocBTBVcc9RiT8/gKkjRypDAV0mkw1kMtwhBTA1JhPIZOOZJX5g
mbUHoCqSaV9+DFtYchRAtcQ1RyUpVwiUzcfzfBxA9WTzgXIFsqRcFNBlckb5oQJQHXHNk2QmUDwv
cwBUm1UpU+KGHAVQLXHNUSm+f24A1UeelI8CugzMfgZQTXGcBe0H7DIOoLqSmXjN3iNHAVRb3HJU
kvIFZiwCqJ5cIVCeTCkLBXQZ4jpbEUB44pYrKW7iAQhBnLIlTn9WALUTt2xJxmwSCIDwkSvloYCe
gMlZZj8DqDqTCWRy8ZhxElgpmWXWHoDqS2bjsSEfOQogLHHJUUkqFC1rPwOoumw+UKEYkyCdAgro
CThjnOwDCEdc8iWV8WX5PAYQAmtLGdPsyFEAYYlLjkrcyAMQHvJlYhTQ52CKVibFHVIA4TCpQCYG
d0pTPJIEIERxyJg4/BkB1E8cMsbzrTK55v9zAqiPTC6Q5zf/tf1UUECfgxnjAwpAuJo9Z1LZIHab
2zSKQqGgYrFQ72E0jGKxyPcrovzANnV5Qo4CCFuz56gUj5IdQH2RM+dGAX02QXwejwdQP86YLzXx
51SKR5EiqVAo6NnnntHXv/4/tGXLZgVBE/8QTlEQBNqyZbP++ut/qWeeeVqFAiV0FDVz1jTznw1A
dDRz1gS2uf98AKIhFaM19ScjUe8BRJWT9CV+cACEzZbyJpjm1nskVZctBCp6BGnU+L6vV199Wd/9
7rf03nvvatfunbrvsw9o3bqb1NXVVe/hRUo6ndYrr7ykh3/0kPbs2a0tWzarvb1dN910i1y3+d6z
jazoWWULgTpam2tuBTkKoFaaNUclKZ1lHX0A4bO2lDc9nVwnnAkF9Fk0+2PxAKLDjAVSExbQaR5B
ihxrrTa9sVEPfu872rNnt4rForZu3aKhwUEdPXpEn/rU3Zo3b369hxkJx48f0+OP/0RPPPGY3jvy
norFovbs2a3vff+76uzs0tVXXyNjTL2HiQ9IZ5uvOCFHAdRSM+aoRJYCqJ10NqCAPgv3D37/q1+t
9yCixmQCORTQAGrEBJJtM1JL85RZnm81nORRx6jZtWunHnzwO3rjjU2nl5IIgkCjo6M6dOigBgYG
1DejT7NmzY5tuRoEgbZte0ff+va/6qmnntDRY0fl+/7pfzc0NKRcLquFC8/TrFmz6jxafJDnW3W1
O3Kc5vjZJUcB1Fqz5agkZfMB67ICqJnASq0Jo5ZE8+RotTAD+gycJB9QAGrLSQbyO5tnxgkzTaJn
YKBfTz/9pDZseF25XO5D/85aq4GBAT333DM6ceKE7vvs/br++nXq7Oys02jrI5PJ6LXXXtHDP/qh
tm9/R6lU6mOvyeVyWr/+dc2bv0AzZ86ihI6YdDbQtO7mmHVCjgKoh2bKUUlK58hSALWVzgXqaGue
a/tqoYD+CONZmTQfUgBqy6QDGc/KNsmdUk72oyWXy+mFF57XM888pWQyedbXpVIpbd78pgYHT+ro
saO665Of0pw5c2s40vrp7z+hJ558XI8//hO9++7hc242OJYc0zPPPKUF8+fr7rvvVVtbWw1HinNJ
55qnOCFHAdRDM+Wo51tl82QpgNrK5gN5vlXCbY5r+2phCY6PcEYDmRw7FACoA8fIdjT+ndJMLqA4
iZjXXn9V3/3ut3Tw0MEJX+v7vkZGhnXo4EENDQ1p1qzZTT/Ld+fOHfr2d76pJx4vrfd8asmNc0mn
0xoZGdG8ufN1/vmLajBKlMNaqcVt/MceyVEA9dIsOSpJqWygfJFrewC15zpGbU24pv5U8N34CJPi
ZB9AfTRL/lCaRMuePbv15BOPad++vbJlbgFvrdWJ/hN67fVXtGv3zrIK2UYVBIH27N2t119/TSf6
T5T9PQqCoPS9ffJx7d+/L+RRohLNkEHN8GcA0LiaJYOa5c8BoPGQPx9HAf0BJhvIcIcUQJ2YopVp
8DU/Pd8qV2jsP0MzSaaSeunlF7Vh44ZzLilxJi0tLbrssiu0etUlcpzmPV0wxmj1qkt0+WWXq6Wl
paJj8/m81m94TS+99KLS6XRII0SlcoXSY4+NihwFUG+NnqNSc/wZADQuzuc+rnmvKCehWWYfAmhc
jZ5DGdbZiwxrrTZt3KDnnntGo6MjFR1rjNGaNVfr/vs/pwsuuEDGNP5juGdjjNHixYt13/2f05qr
1lb8Zx0ZHtFzzz2jN97cVPbsaYSvkbOokccOoHk0ehZlmH0IoM7IoQ+jgD7FSk6DFz8AGp+TCqQG
7rD4kI2Offv26plnn9bBgwcqPnblylX67Gfv16qVq+W6zb9fsesmtGrlKt177326+OKVFR1rZbX/
wD49/9wzOlTGGtuojUbOokYeO4Dm0ehZ1OgFOoDGRw59WPNfVZbJpBu79AHQJGwpj2x3490fLBSt
ih5BGgWpdEovv/KSNm3aqGKxWNGxc+bM0R13fEJXr71GbW1tIY0wetra2nXNNdfq+InjGhwcVH//
ibKPLRQKWr9hvZYuXa65c+epo6MjxJGiHEXPqlC0am1prNn75GhzCIJAqVRKg4MnP/S/u66r6dNn
qLe3t04jA8rXqDkqlcpzHkoCUG/WlvKos73xru3DQAE9zklzZwJANDjpQH4DFtDc4Y2OzW+9pRde
eE4jI8MVHdfR3qGbb7pVt992h3p6ekIaXXT19PTq9tvu0NGjR/Too48ol8uVfezQ0KCef+FZLVmy
VNdee12Io0S5MvlArS1uvYdREXK0MXmepxMnjmvHju3avWeX+vv7lUomlclmPvQ6Yxx1tLeru6dH
F1xwoRYsWKglFy3RkiVL6zRy4NwaMUclshRAdGTyFNCnUEBLUjA+AxoAIsCkAylQwy2SlOVkPxKO
HD2il15+Qfv376voOGOM1q69Wnff/RnNnTsvpNFF39y58/TpT92tY8eO6rXXXi17XWdrrXbv3qUX
X3pBixcv1rx580MeKSaSzQea3t1YxQk52liSyTFt2rRRm97YqMOHD2lgYEBDQ4NKp9Pyff+sx5Vm
Qk9XT0+v+vr6dMEFF2rNVWu1du01mjZtWg3/BOF5++0tyufzuvjiVeru7q73cDBJjZij1pKlAKIj
my89kdHEW+qUjQJaksnwAYXmki/klc5klE6nZWWVyWTked45j+np7lFLS0KdHV1KJBLq6uxs6o3H
os5kGmsZjnzRstN4BBSLRW1Y/7rWr39d+Xy+omMvumiJ7vzEXVq6dJkcp3F+9qrNcRwtW7ZCd955
l44dO6YDB/aXfWwul9Prr7+qFStW6O5Pf0aJBKdZ9eT5VvmiVVuDPD5OjjaOsbExbdjwul555SXt
2r1Lx44dU/Yjs53Pxfd9DQ4OanBwUIcOHdT27du0+a039exzz+iO2+/UunU3qq2tPcQ/QbiOHj2i
b3/nWzp69IhuuH6dHnjg85o1a3a9h4VJaLQclSifMTXHjh3Vjh3blcvldOzYUU2fMUMzps/Q/PkL
tHLlqnoPDw0qyyxoSRTQklh+A41veGRY6Uxao2NjSmfS6h8Y0HvHjui9I+8pCAIdOX70dBl9NksW
X6Tu7m4tnL9AXZ1dWjB/gWZMm67enl5N6+1Vb09vrEupWmu0ZTg42Y+G3bt36uWXX6xo/WJJ6uzs
1Lp1N+naa65Va2trSKNrHG1tbbr+uuu1f/9eHTt2TLlctuxjjx8/ppdeelFLlyzTqlWrQxwlypHN
B2prkMfHydHoKxaL2rdvrx599BFtemOjjhx5T4VCYUpf01qrXC6n/Qf26/C7h3Xw4AFt2rRRDzzw
eS1btrxKI6+dZDKpb3/nW9qwYb2SyTH19/frRP8J/dzPfmnblhcAACAASURBVFmLF1/AuWQDaqQc
lchSTM727dv0k8ce1bvvlp5m8TxPyeSYOto71N7RoZ6eHp1//iLdcP063XbbHUzUQkUooEsooC0z
oKMgCAL1nxzQ4NBg2ce0trZq2UXxXTMvk81oYPCkBk4O6K2tm3XovcPavXeP3j3yrtKZTNmPjZ+y
e++ej/1vF11woVYsXa4VS5dr+ZJlmjVzlvqmz9CsWbPkOo1zItqITGZ8Y9QGObfJcbJfd5lMRhs2
btDb72xVEFT293HppZfrphtv1vTpM0IaXeOZMaNPN667WTt37tSmTRvKPs73fW3dslkbN23QhRde
xIaEdZbLB1KDPD5Ojkbb6OioXnn1JT3+2E+0fcd2pVLJqv8enudp//59Onr0iI4cfU93ffLTuuOO
OxtmNnS+kNfDD/9Azz//zOnvz+DgST377NNKJZP66Z/+klatuiRWG9w2g0bKUUnKFshSlM9aq4ce
+r6eePIx7d69S9nshycdDOv9/VS2bXtH27dv046d2/WzX/p5zZjRV+vhokGRSyWxL6BPlzyoq0w2
q299/zt6ef0rZb3eyGhW30z9v3/85+ruis+6cr7v63j/CQ0MDmjfgf16beN6vbrhNaXSqYoL53Ls
P3hA+w8e0GNPPyFJWn3xKl1x6eW68dobNHf2XC2Yv0CdHR3cAQ7D+M0x2xX9O6VFz6rIY+N1t3Pn
dm3cuF5jY2MVHTd37jzddONNWrZsWUgja1zLl6/Qjetu0qFDBzQwMFD2caNjo9q4Yb0uu+xyXXnF
VSGOEBMp+lZFz6olEe3PKXI02oaGhvTUU0/ooR9+X+++e/ic6ztPlbVW2WxWmzZtVP+JEzpy9Ih+
4cu/2BAl9EsvvqDHHv+JBgcHP3Remslk9Nprr2osOabP3nu/brjhRvX29tZxpKhEo+So9P5aq0A5
rLX6+tf/Sk8/85SOHj0y4etP3SQcGOjX8WPH9Nu//R/V10cJjYmdWpu+oy361/ZhooDOciei3qy1
Gh4Z0qNP/kQnBvrLPu69zi5tfOsN3XbjLSGOLjoGhwa1Z/8+Pf7ME3r59VfUf3IglNL5XLbt3K5t
O7frB488pEtWXqK7P/EpXbrqEp2/4Dx1UERXnck2RgHNHd36G0uOaePGDdq1a2dFx7muq6vXXq3r
rrtB7e3M1P2ozs5OXX/9Ddq5c4eefOrximaW79i5Qxs3rNfSJcvU09MT4igxkWwhUEsi2rP3yNHo
Onr0qH74w+/rmWef1pEj79Xs9/V9XwcPHdTDDz8kWasv/8IvqT3CJfSuXTv1w4d/cNaCPl/Ia8uW
zRoeHtbQ0KA+9am71dc3sw4jxWQ0Qo5KUo4sRZmstfrBQ9/TQz/8vpLJyp5oSSaTeu75ZzVt+gz9
xq//pjo6OkMaJZpJrkAB7f7B73/1q/UeRD25J32Jz6m6KhaLem3jej382CMVH+sYo9tvvq2pi8/B
oUHtPbBPP37iJ/qb//W32rT5DaXS6bqOyfM8HT1+VC+88qL2HdwvY4wSiYQ62zuUSCSa+u+jlowv
BdOif7I/mvLlk6N19cabm/TjR36kI2XM3vigFSsu1n33PaDVqy9hXc6z6O7ulrVWhw8f0lAFy0QV
iwX5ga9F5y/SwoXnhThCTMhKXR3RzlJyNJoGBvr16KM/0sM/+mHFa+tXSzab1eF3Dymfy2v1JZdE
cnPTkydP6n/+w99q06aN59wA11qrkZFhvfvuYWVzOZ1//iJ1d8fnScaG1gA5KknDKZ8Z0CjLgQP7
9V//6/+twcGTkzo+CAK9++5hLVx4npYsWcr1LybkW6mnM/o5GqboncHUkMlbyeMTqt6yuZyefuHZ
io/zPE/r39ig4ZFh9TXh+ku+72vfwf168tmn9PBjj+jEQH/NZzyX443Nb+qNzW9qzRVX6b5P36u1
V1ylBfMWyHXjHa5V4VmZvJVti+4JTRBI+WL0fi7jZHh4SJs2bdS+/XsrOq6np0fr1t2kK664ivfr
OSQSCa1Zc7X27N2jY0ePKpVOlX3s3r17tOmNTVqxYqWmTZsW4ihxLvmiVRBIUb3HQo5G08jIsJ57
7lk98uMfVXTzqdqstRocHNQjP35Yc+bO032fvb9uYzmTfD6vb37zX/Taa698bO3Uszl67Kjy+bwc
CpuGEfUclaSCZ+WzlBHKcGrd53KW3TiXZDKp7z74bd100y3q7GQWNM7N960KnlVrAyxnFJZ4F9As
v1F3gbUaHB7U65vWV3ystVapdEovvvay7r/7syGMrn5Gx0a1Y/dO/cXf/Q9t27m94g3F6uGNzW9q
+87t+uRtn9Dn7r1fK5YuV2dHJ3eDp8hkA9m26JaDPOpYfzt27NCWzW8pl8tVdNyVV1ylm2+6hWK0
DNOnT9dNN96sXbt26LXXXi37uEwmo82b39SaNWt17TXXhThCTCRXiO7u4+Ro9BSLBb2z7R396JEf
6vjxYxUf39HRoaVLl2lm30y1trVp7py5GhkZ0cjosE4OnNS+/XtVKBTK/nrWWp08eVIPPvhtLViw
QFevvabiMYXlBw99T089/aRSqfJvzq1de7VuuflWNvBqMFHOUUnKk6UoUzab1TPPPlWVr7Vr1y7t
3btbl156Ode9mFC+EKi1AZYzCkvMC2jukNZbIZ/X+jc2VDSj7EPHF4t6+oVnde9d9zTNDL4jx47o
iWef0j984580lqxsM7F6y+ZyevixR/TOjm36hZ/5ed267hbNmD6dD+MpMFkrTa/3KM4uV+Rkv55S
qaS2bt2s/Qf2V3TcggULtW7dTbrwwotCGlnzWbJkqW688WYdPHhAx46VX0jt3btXW7Zs1qWXXKrO
zq4QR4hzyRWjW5yQo9Fz6PBhPfroIzpQQbY6jqO5c+fp1ltu07Lly7VwwXnq6uqS67rq6elRNptV
NptVKp3S0SNHtPXtLXpj08ayl04KgkAHDx7Qt775DS1ftiISNw9feeVl/Xh8hni5T+mdf/4i3X//
53XxxSvV0tIS8ghRTVHOUUnKFbi2x8Sstdq7d4+Ghoaq8vU8r6g333pTl156mSSueXFuuYJVT4wn
y8e7gM5xwl9vmWxWz774/KSP9zxPW97ZquP9x7Vw/sIqjqz2Ti258Y//+k96/JknQ91hPWz7Du7X
n/23/0epdEqfuuMuzeqbyfqykxT1nMpzsl9Xu3fv1ta3tyibzZR9jOM4uvLKq7R27dVqbW0NcXTN
pb29Xddcfa3eeedtnTjxWNlPpmQyab399lbt2btHl192RcijxNlEOauiPLY4Ghw8qRdeeE4bN64v
+1ysu7tb11xznT75ibu0atVq9fXNPOdazZddermuuOJK3XDDjXr5pRf05FNPqlA4+9rJp3iepy1b
N+v73/+ufuVX/m3Zf6Yw7Ny5Q9/+zjfPuungmcyY0acH7v+81q5Zq44ONr5tNFHPKmZAo1zbt2+r
+tezVmLOFSYS95yKbQFtsoEU7c/QphcEgU70n9BbWzdP6evkcjk99fyz+qUvfblKI6s93/f19o5t
+uqf/7H2H9xf1bWe29vblXBdua6r9rb2j81GzuVz8jxfhWJBxWKxar93NpfVX/3915VOp/WZu+7R
gnnzm2aWek3Z8WU4OqJX4Hu+lcdae3WTy+W0Zetm7dmzu6LjFixYqKuuWqN58+aHNLLmNX/+Aq25
aq22bt2iI0feK/u4Xbt26u2tW7Rq5Wpm/NXJqbxKuNG6OiRHo8X3fe3evVtPPfVE2UtKzJ49W/d+
5j7dfvuduvDCC+W6E19eJRIJnXfe+Zo3b74WL1qsGTP69J3vfrusEjqTyejRn/xYd975SS1atLis
MVZbaTmQ72jbtrfLXkqktbVVd33yU7r11ts0bVqEH+3CWUU1R6XS8iAkKcphra36U8bJBntqGfVj
Vcqr9tboXdvXQnwL6BwfUfWWy+f04usvK1/Gyfa5FL2inn/5ef38F78UyZ3BJ+L7vrbt3K6v/vkf
af/BA1MugHu6e9Td1aWOjg51dXbp/IXnqburW52dnVq08PyPzUR+7+gRpdIpnRwc1Mmhk0qlUsrm
skqn0xpLJae0/nQ2l9Vf/+PfanB4SL/yc7+oeXPmMRN6EkzOykZwohCPOtbX/v379PbbW5VMJis6
7rJLL9cVl1/JDaFJSCQSuuKKK3XZpZdXVEAnk2Pa+vZWXXPNdVq+fEWII8S55ApW3R3RKk7I0WgZ
GBjQ+g2v6913D5f1+tmz5+hzD3xBn/nMZzV79uyKf79EIqHFiy/QF77wU+rt7dXf/8+/m7CEttaq
v/+EHnnkYf3Gb/y7in/Pqcrn83rwe9/Wq6+9XPamg5J080236NOfvkdz5sxlabYGFsUcldjIFUDj
yBet2mP6EGrjtXVVQgFdf+lMRs+//MKUv47v+9q9b48OHj6kpRctqcLIaudU+fyHf/a1KZXP7W3t
mtnXp97eaVp7+VVadfFKXXD+Yq1cfnHFJdOefXt18N2D2rF7l97c+pYGTg5oeGREqXRq0uP7zkMP
avbMWfr8vQ9oZt9MLjwqFNW8KrBuad0EQaB3tr2tnTu3V3TceQvP05o1azVv3ryQRtb85s2br6vW
rNGWrZvL3j3dWqvt27fp7Xe2aumyZXIMN+LqoVAMpIg9TUKORst7R94te+mNnp4erVt346TL51Mc
x9GcOXN1zz2fVf/AgB588NsTHuN5np597hl98Ys/rTlz5k76956MH//4R3ryicc1Ojpa9nnh5Zdf
ofvu/5wuvPCihpwsgvdFMUclqUABjTIZYzRvbnXPg+dW+euhucU5r2J7BhD1dVWbne/7eu/Ie9q+
a0dVvl6hUNSPn/yJ/v1XfqsqX69Wtu/aoT/8069p/6HJlc+dnZ2aM2u2Ll52se66/RO65qq16unu
mVLBu2zJUi1bslSfuPVOSdLrmzboxVdf0oa3NunY8aNKpiZXRP/DN/5JnZ2duu/Tn1VvT8+kxxdH
Uc0rZpvUz9GjR7R9+zYNDw+XfYyR0eVXXKkrr7yqrEfEcWalWdBX6bLLNpVdQEvS0NCgdmzfrhuu
X6f58xeEOEKcTRQzK4pjiqtcLqvDhw6VNfs5kUho+fIVuv++z02pfD7FGKNp06bpgfs/p0OHDmrD
htfP+XprrQYG+vXqq6/o/vs/N+Xfv1wbN27Qww8/pP6B/rKfkJs7d54+/7kvavWqS9h3oAlENbPy
3MxDmYwxuuTSy6r6NS+95DImWKFscc6r6N2+rAGTt6z/XGfZXFZPv/DslJZ3+KCiV9Tzr7ygXC5X
la9XC8f7T0y6fG5padHi8xbprts/oT/53a/pz/7wT3TnLbert6e36h9+1629Rv/p3/0f+tPf/2M9
cM99WnLhRWpv//ha0hPJ5rL6y7/7a72x5c2y1wvEODueWxHCuqX1tW3bO+MbnpT/dzBr9ixdsvoS
ZmlUwfx583XJ6ks1c+asso8JgkA7dm7Xzp3VufGKykUtt6I2nrjr7+/Xtu3vlHWOMmvWbN122x1a
umxZ1X5/13V13nnn63MPfF6trW0Tvt7zfD3/wrNV+/0ncuDAfv3rN/9FBw8dKHvTwa6ubn3+c1/Q
Nddcp87OzpBHiFqIYm4VilZV3D4HMbBwwcKqLYnW1tam66+/gQIaZbM2vrOg41lAR3Q2YVyUFv5P
6sXXXp7wtY7jqG9G34SP6wVBoOMnjmvLO1urNcxQjY6N6r//7V9NqnyeMX2Grl1zjf74976mr/6n
P9Dll1xWk7Vcly1Zqv/wm7+jr/6ff6hb192svhkzKl7POZvL6u//+R90+L3DVbv5EBdRy62CF88P
zSgYGRnRjh3bdezY0YqOW7FipVauXM3az1WQSCS0cuWqii9e3nvvPW3fsa3idbtRPVHKriiNBdLx
48e0bdvbE74ukUhoyZIluuXm25So8tMkLS0tWr36El1Wxuy8IPC1e/cujY6OVnUMZ3Ly5IC++a1v
aMuWtyradPCeuz+jOz9xl6ZNmxbyCFFLUcuuOM8mxOS0trbq3s/cV5WvdcMNN7KxNyoW19yKZwEd
sZmEceN5nvbs26ODhw9O+NqOjg793Be+pEXnnT/hawvFop58/ulqDDFU+XxeDz78fT321GMVlbCO
42jB/AX68k/9rP7iT/8/XXnp5XXZ0O/y1Zfqj/7z/6WfeeCndN78hXKdysqst7e/o8efebLquw83
u6jlVlzv2kbB3r27tXPnDhWLxbKP6ezs1KqVq7R48QUhjixeLrzwQq1atVodHeXvEJrP57Rjxw7t
3783xJHhXKKUXVEaS9z5vq/BwUEdPTrxjb3u7m4tW7q8KktvfJQxRt3dPVp3401lvT6dTuvQoYnP
p6cin8/rhw8/pJdferGiJw2vv+4G3XPPvZozew4zA5tM1LIraoU4os8Yo1tvvV1XX33NlL7OnDlz
9Yu/8Mt1uSZHY4trbsXznRKxIiduTi2/MRFjjGbO6NN9n/6Mbrnh5glf73meXnz1JaXSqWoMMzSv
b1qv//XNf5ZfYfm8fMky/cF/+F39ys/9klpaWkIc4cQ6Ojr0lV/+Vf36v/mKllx4UcUzKh/80Q+0
c8+uigq02ItYbrFxVn34vq+dO3do777KCsyLLlqq1asvqagsxbl1dnZp1arVuuCCCys6bu/ePdq5
cydPgdRJlLIrSmOJu0wmo/6B/rJm9/b2TtPSpdVbeuOj2tradOUVV5X12iAItHfvntDGIkkvvPCc
nnjiMY2Olb/p4MqVq/TAA1/QBRdcyKaDTShq2RW1QhyNYdasWfrVf/sVXTrJ9aDnzJmrX/u139SK
FRdXeWSIg7jmVvwK6EAyMf3LjgJrrUbGRvXy+lcnfG1rS6uuvnKtZs6cqRuvWzdhyWmt1WhyTK+s
f61aw626waFB/be/+UslU+U/fn2qfP6T3/2abrj6ukg9Pn/PJz+t//hbv6NlFy2taFxDw0N66NGH
NTxS/gZqcWeKVorQ+X5c79rW28BAv/Yf2K9UBRniuq5Wr16t5ZwgV92K5Su08uJVFc3uGx0d0f4D
+zQ4OBjiyHA2UcquKI0l7sbGxnT8+LGyXtvT3aNFixaHNhbHcTR79mwtXLhwwtdaa0MtoLds2awH
v/cdHTt2tOybZn0z+vTFL/60LrvscrW1TbyWNRpPlLIrsIrcmtRoDMYYXXLJZfq1r/yG1q6tbCb0
okWL9Gu/9hu64/Y7ecIDk+L5VkEMoyt2BbTJR6jBiaFCoaAtb2/RycGTE762vb1Nt990qxJuQsuX
LNXC+QsmPKZYLOrJ556ueF3lWgiCQH//z/9Y0brPjuNo2UVL9Se/9zUtW7I0ko/3XLf2Wv3Or/97
XbjoArkVjO+5l1/QwXcPy/O8EEfXXKKSX0WPzV7q5cDBAzp86FBFx8yZM0fLlq3Q9GnTQxpVfPX1
9Wn58hWaNav8R/GttTp08KAOHToQ4shwNtaWMqzeyNFoyeWyGhsrb2mwzq4uLVx4XqjjcRxXM2b0
Tfg6a636B/pDGcORI0f0L9/4J+3atbPsc7XW1lZ94Qs/pRuuv5FNB5tYVHJUkooRm42NxmKM0VVX
rdWv/upX9LNf+nktOn/ROV8/rXea7rn7M/qt3/pt3XnHJ9Ta2lqjkaIZxTG/YvdMlClE48MyrjK5
rJ558bkJX2eMUd+MPl07fjeyrbVNt990m/7pW/98zuM8z9OmtzZpcHhIs/pmVmXM1XLo3cN65Ikf
V/TY9dILl+i//N4flcpnE73y+ZTrr75W/+bLv6y/+Nu/0vH+E2UV7NlsVi+++pKWL1lKMVYmU7Cy
EVhBISoXHXETBIEOHjigw+8erui4pUuXa9nSZczQCIHjuFq6bJmWLlmqgQpKoEOHD2n/gf1as+Zq
/l7qoOhZtSTq+30nR6MlCAL5ZZasLS0JdXV1hToe13XKurFlrQ1lObNkckzf+Mb/1qZNG8vedFCS
7rnnXn360/ew6WAMRCFHpWjNxkbjuuzSy7Vg/gJdddUa7du/T4cPH9Lo6Mjpf9/W1q7Fixbrggsu
1MUXrwz1KRjER8GzaovZPYzYFdD6/9m77/i2rjNP+L+LDpAASYC9d1ISRXVZEtUly7JlyZJlS7Ll
EseZJPOmzTs7eXf3nczsbHbKuzO7+85kk8wk47g7stWsYsvqVKV6L5TYKfYCgAUAAaLc/YOmYzuy
cC4J4F7iPt98/PHH0Tm4h4L04OK5z3kOJaBFw/M87HYbzl26EHSsVqPB/DnzoNWMbN1TazRYOK8C
723/AH6//5FzXUNDOHbqODavfz4k6w6F4eFh/OK3v8Sgg70/tSXBjL/72c9RVCjt5POop1c9hbv3
7uLjT/cx9+H+5NCnWP/UWsSZ4igJw0Ii8Ytu9sVhtVrR1NyIQQEHeOp0OhQXlyArSEUHGbvcnDwU
FZfg8pVLzImg/v4+NDU1wma3wSKxh6VyMOzjIXZtJsVR8igKhRKJiYmiXX/37p04XnkUHo+Hec7C
ikXYsH4jkpNT6J5OBqQQRwF6mEdCJzExCQsXJmHmzNno7e2By+X64tfUajUSExMRR0VTJITkGL+k
n9UKMaqAFo/b40bVpQtwDbmCjtVpdVi2cMkX/61SKlFSWIT01LSgc70+L46dPB40UR1Jl69fwfHT
J5hbbxj0Bvzouz9AUf7ESD6Pev2l11BcUMR84IzVbkN17X1BX3DkTCrxS44fllLQ3NyI5qYmQS2G
MjIyUVRYRFuhwyg2NhZFhUVIY2gTNSoQCKCpqQkPmpvCuDLyTaQQw6SwBiJdfr8f3d3haa0RzLHj
R7Fv/14MDg4yf94UFhbhuec3Izc3T1JnlZDwkUoM81L/ZxJiBoMB2dk5KC2d9MU/BQWFlHwmISfH
+DVxMlshIpUEjhy5XC5Unj4RdJxCoUCiJRGzp8/6yv+v+bwNRzB+vx+3qu+gtb11zGsNpeHhYfz6
d//GfBOvUqnw5MonsG710xPuJt5ituC5Z55FQlw8c/XLpauX4XQ5w7yy6CCV+CXHD0spaGpuwoMW
[...]
2ACINpfyzKECmhP+KDp86JCGR0Yqek1rW1to9n8el0gk1NbWptbW1rJfk8lkNDw0FOBUMMXYCmgj
7woAwTCRaeRouO3Zu1db33hDX331VcPf+8c//rHuvuuussvncXPnztVPnnii6hK6tbVV999/vx57
9NGyy+dx8+fP1797+mktoYSOLFOZVnSosAEQbS7lmTMFNKJpLJNRoYInj8+cMSN0+z+Pa2ltrWgV
9PiDCIF64UIegChhBTQqMZbJaMP69dq/f3/D3zuVSmna1KkVl8/jxkvoZcuWVfS61tZWrbz/fj26
Zk3F5fN3mHpyMgLHCmgAqI1LeeZMAc0JfzT19/frdAW3QE7p7FRLyLbfGNfS0qLOCgroQqGgTIYn
D0cRe0ADQO3YAxqVePXVV7W7p0cFA08/y2azeuXVV/XKq69qqMq728ZL6OVlltCtra1auXKl1tRQ
Pu/dt0/PPPOMdu7cWdXrYT9TmVYkSwFEhEt55sizFrnlMaoymUxFfwikUyklEuH8n/2kjg7NnDlT
2rGjrK8fHR1Vv4FbRBE8c3lGkiIY/f396u7u1sDAgA4cOKDmiRM1tbNTnZ2duummm0J74RC2YxMO
lGfHjh169913NTg4aGyGbDarV199Vb7vV7QP9LfNmTNHTzzxhOR52rZt2wW/rrW1VatWrtQjjzxS
ffm8d6+eWbtW3d3dVb0eYcEKaACohUt5Fs4mrhqc70dS/1dfVfQQmJkzZ2pSSLfgqEb+7CrodDpt
ehTUk7GHEJp5X0RT0S9q5+c79dzzz1+yoLjjjjv0xOOPa9q0afK4lRt1wgpolGNoaEhvvPmm+vr6
TI+ibDar1157TfJ9rV69uvoS+vHHJem8JXRbW5tWrlypRx5+mPIZl8QKaACojUt55kwB7dNAR87Q
0JAy2azpMRqmqalJrW1tFb3mzOiovvrqK82ZMyegqWCCqTwjR1Ev+Xxe//qv/6pNr79e1te/9dZb
euutt/TX//E/6q6771Y85swOYgiQiUwjR8PnueeeU3d3t5GtN84nm83qtY0b5Ut6qJYS+okn5Hme
3n///a//39va2rRq1So9/NBDVZfPe/bs0dp16yifHWHsnJQoBRARLuWZO3/BOfSP6oqhoSFlK9zj
uLWtTU1NTQFNFKympia1tbZW9JpMNquh4eGAJoIxpvKMHEUd5HI5/eqf/7ns8vnb/r//9t/0q1/9
SrlcLoDJ4Bx24MAlvP3OO/r0j3/UmTNnTI/yHdlsVhs3btSGDRuq3hN6zuzZeuLxx/XjH/1IUql8
fqDG8rmnp0drWfnsFlMroB26ZR1AtLmUZw6tgAakttbW0BbQkhRPJJRKpZQtc+V3JpOp+g8T2Iv+
GWGVy+X0z//8z3rn3Xer/h5vv/22Fi1cqLvvvlvxeLyO08E19M+4mK+++kqbN2/W0aNHTY9yXtls
Vhs3bZIv6eGHHqpqJfTs2bP1+OOPq629Xe3t7Xpo9erayud167Rr166qXo9w4pwUAGrjUp45U0C7
9c+KqGppaVFnZ6d6e3tNjwKjyDOET7FY1Oeff15T+Tzuv/33/65FixZp1qxZ7AkNoO7Gxsb0b88+
q/3795se5aKy2aw2bdok3/f18MMPq6PKEvo//NVf1TTH7p4eraN8RgO5dMs6gGhzKc/YggOhNTQ8
7NQe0MDXjOUZQYrqZbNZPbN2bd2+39p169iKAzViDTTO7+2331ZPT0/Zd5yZlM1m9frrr2v9yy9r
cHCw4e+/e/durV27lvLZWewBDQC1cCnPnCmgHfo3dcbQ0JAyFewBPXPmTLV3dAQ4EdAYxm53JEhR
pWKxqAMHDujQoUN1+54fffSRRkZG5PM/TFTJxP90+J+r/Xp6erRl61YNDAyYHqVs2WxWr2/erJfX
r29oCb17926tXbdOu3fvbth7wi6mMo0oBRAVLuWZMwU0AAAwI5/P12Xrje/76KOPVCgU6v59Abhp
bGxML770kg4fPmx6lIqNr4R+uUEroXft2kX5DGO4mAcgKlzKM4f2gAbck81meQghAOOKxWJdVz+P
O3bsGCugAdTNy+vXa+/evaG9sJXL5fT65s3yJa155BF1BHTnX/euXVq3bp16enoC+f4AACB6WAEN
hEhTOq3W1tayvz6TyVBAA4isXbt3h7YoAmCX7R98oPfee0/Dw8OmR6lJLpfT5s2b9eJLLwWyErq7
u5vyGQAAVIwCGgiRfD6vbAX7XgMAAODiBgcHtXXLFvX395sepS5yuZy2bNmiF198sa4l9BdffKEN
GzZQPgMAgIpRQAMhki8UlKngiezNzc2aNnVqgBMBgDlz5sxRLMapDIDa/Nuzz6pnz55I3VGRy+W0
ZetWvfDiizpZhxL6yJEj2rhpk/7w0Ud1mA4AALiGv9qACIvH40o3NZkeA4DjPM/TlClT6v59O6dM
ked5df++ANzx6aefavfu3RobGzM9St3lcjm99dZbevedd2r6PmfOnNH2Dz7Q73//+zpNBgAAXEMB
DQAAApVIJHTjDTfU/fsuWrRI8Xi87t8XgDuuu+46LVq0SE0RvGCfTCZ1xx136Nbbbqvp+0yYMEHL
brlFd955Z50mAwAArqGARmhNmzpVzc3NZX99b2+vhgJ4GAsA4OJisZgWL16s5gkT6vY9p0yZonnz
5rEFB4Ca/cVPf6oFCxZE6oJWMpnUvffeq8cefVSTOjpq/n4zZszQo48+qrsooQEAQBX4qw2hlU6n
lYjQHwoAEFWe56mtrU33339/3b7nU089pWQyWbfvB8BdHR0dWrFihaZG5LkZyWRSK1as0GOPPqqO
OpTP42ZMn64777xTCxcurNv3BAAAbqCABkLk9KlTOnbsmOkxAKBiiURCq1at0pw5c2r+XjfccIN+
ePPNkVqtCMCsZbfcoh//6Edqa2szPUpNksmk7rvvPj26Zk1dy+dxXV1d+vnPfkYJDQAAKkIBDacM
HDumU6dOmR6javl8XplMpuyvb2tt1ZzZswOcCADK43meOjo69H/+3d9VtH3S982ZM0f/y1//Nauf
AdTdI488ovlXXx3ai1vj5fOaRx4JpHwe19XVpad+/nMtooQGAABlooBGaE2bNk0TKiwxspmM8vl8
QBMFq9LyGQBs43meJk2apP/yn/9zVSuhFy9erH/8h3/QpEmT5HleABMCcFlTU5MeffRRzQ7hxftk
Mqn7778/8PJ53OLFi/Xzp57SokWLAn8v4Ps4BQAQFS7lmTMFtEP/ps5wbQ/oU1Vsv9Ha2lqX291h
F1N55tKHI4LjeZ5mzJihX/7TP+nxxx4r6zXNzc16/PHH9U//+I9qb28PeEK4wkSmkaP2W7hwoVbc
e686OztNj1K28fL5kYcfbkj5PG7xokWlldCU0M4ylWlEKYCocCnPEqYHaBhPkm96CNTb7DlztLun
RyMjI2V9fW9vr04ODjb05LxeKl0BHY/HlU6nA5wIxhj7lCJIUT+tra366U9/qrvuuks7/rBD3Tu7
deDgQQ0MDEiSOjs7NW/uXN188826+eab1dLSYnhiRI+JMCVHw+D2229X965dGhoaUjabNT3ORSWT
Sa1cuVIPP/ywOgxcoFt0toReu26ddu/e3fD3h2lmTko9ohRARLi0OMGdApoTfkgaHhnR2NiY6TGq
MlLhCujm5mZNnTYtwIlgjkOfUog0z/M0bdo0rX5wtVY/uNr0OAAgqbQVx8/+4i907Ngx9fT0mB7n
gpLJpFatWqWHH3qo6rtDDh8+rC1bt6qjvV2rV69WKpWq+HssWrRITz/1lNauXatdlNBoAJcKGwDR
5lKesQUHQm3O7NkVPa18ZHg4tAX0qVOnNFBBAZ1IJFgBHVHGtuAw9L4AEART658RDtOmTdN9992n
yy+/3PQo51Wv8vn555/Xxo0b9eprr2nDK69UveJ74cKFeuqpp7R48eKqXo9w4pwUAGrjUp45U0A7
9a/qkHQ6XdGTynuPHNHg4GCAEwVnbGys7K1GpNIK6GlTpwY4EYzhbB8AakcDjUu4/bbbdMstt1i3
BVAymdQDDzxQU/l86PBhPff883rv/fclScPDw3rttde0YcOGmkropymh3WIo02LutBgAIs6lPHPm
R/U444+kqdOmaWJzc0WvCesq6EofQtjc3KypFNCRZCrPyFEAUWIi08jR8Hlo9WotXLiwogUPQRov
nx9avbr68vnQIT333HN6/2z5PG54eFivbdyo9evXV11CL1iwQE8//bS6KKGdYOyclCgFEBEu5Zkz
BTTn+9E0Z/ZstVawBYdUWgV9MmSroAcHB3Wkt7ei17S1tmrOnDkBTQSjTD1xnBwFECEmMo0cDZ/2
9nY98MADmj1rlulRlEql9OCDD9ZePj//vLZt23be///h4WFt3LRJL9dSQs+fXyqhu7qqej3Cw1Sm
xchSABHhUp45U0A79G/qnNmzZ6uttbXsrz/S26vBkycDnKj+RkZGKl79PH36dPaAjihzeUaSAogS
9uBAea5dulTLli9XR0eHsRnGy+fVDz5Y88rnC5XP44aHh7Vp0ya9/PLLVZfQ8+fP19NPPUUJHXlm
Mi3uTIsBIOpcyjNnflSPJSeRNbvCVdBh3Af62LFj+mL//rK/nu03os1UnhGjAKKEFdCoxIMPPmhs
K456lM8HDx7Ub597Ttu2by/r68dXQr9UYwn9755+WksooSOLFdAAUBuX8ixhegCgVlOnTq1oH+iR
kRH1DwxobGxMTU1NAU5WP4ODgzpy5EjZX9/W1qbZs2cHOBFcxIU8AFFiItPI0fBqSqf15E9+osHB
QfX09DT0vbPZrPr7+zU0NKS2Creek74pnz/44IOKXjcyMqJNmzZJvq81a9YolUpV/N6SuPISYaYy
zaUVg2G04+PP9Pf/5f/R/oNfmh7FeVfOnaX/++/+N918/TWmR8EFuJRnzvyonPBHVzX7QB/p7dXJ
kGzDcfLkSfVWUD5LFNBRZ2wFtJF3BYBgsAEHKjVnzhzddeedmjZtWsPf+7333tOGDRvUd/RoRa+r
tnweNzIyok2vv64XX3yx4pXQe/ft0zPPPKOdO3dW9d6wn6lMiznTYgCIOpfyzJkflf45utLptKZP
n67mClZB7z9wQAMDAwFOVT99fX3avXt32V+fTqfV2dlZ9S2asJ+pPONCHoAoYQU0qnHrrbfquuuu
q+i8s17ee/99vfnmmxoaGirr6w8cPKjf/va3VZfP40ZGRvT65s16oYISeu/evaXyubu7pveG3VgB
DQC1cSnPnPlROeGPtmuWLFFnZ2fZX79//3719vYqn88HOFV9DBw7pgMHDpT99Z1TpuiaJUsCnAim
sQc0ANSOPaBRjXQ6rYcfekhXXnllw987m83qtdde0yuvvHLJEvrAgQOl8vnDD+vy3iMjI9q8ebNe
eOEFZS5RQu/du1fPrF2rbsrnyDOVaQlnWgwAUedSnjnzo3rc9BhpV8+fr0mTJlX0mt09PTrS1xfQ
RPUxMDCgfXv3KpPJlP2aKZ2dWnINezxFmak840IegChhBTSqNXXqVN17772aOXNmw987m83qtY0b
teEiJfR4+fxhncrncSMjI9q8ZUuphL7AuemePXsonx1ibAV0458FCgCBcCnP3CmgPfbdi7L2tjYt
WbJEl1VQQu/Zs0d9lhfQR/r6tLuCB900Nzdr9qxZaq/iATUIB09mV9BRngCIApNZRo5Gw49/9CMt
W7asqocC1iqbzWrjxo3asGHDOSX0/gMH9Jvf/lYf7tgRyHuPjIxoywVK6J6eHq2lfHaGySyLeaX/
ACDMXMsyZwpoiRP+qJt/9dWadNllZX/9sWPHtKenx9qHEZ4ZG9P+L76oaPuNqVOnsvo54kznGDEK
IArMXsgz996or1WrVmnx4sWKG1i+lM1mtXHTJq3/Vgm9f/9+/eY3v9GOgMrnceMroZ9//vmvS+ie
nh6tXbdO3bt2BfresIfpLEs4tGoQQDS5lmMJ0wM0kud5ku+bHgMBufrqqzV9+nQdOHBAhUKhrNf8
4aOP1NXVpRtvvDHg6Sr3xRdf6A9/+ENFr+ns7GT/54gzXUDHPE9FkaMAwi1mdOUeORoV7W1tWrVy
pY4dO6Y///nPDX//bDarTZs2yfd9LV26VJs3b6743LFap06d0patW+VLWnrNNXru+ee1i/LZKSZz
VCoVN1n7H+cDABdEAR1hposbBCudTmvhwoXq6enRwMBAWa85cuSIDh06pK6uLk2YMCHgCct35swZ
7enpUc+ePWW/prOzU9dee63S6XSAk8E00zlm+v0BoB7YggP1smTJEi1ftkwnT5zQCQN31WWzWb3+
+uvatGmTcrlcQ9/71KlTeuWVV7Rx48aKnleCaDCdZa4VNwCix7Ucc2oLjphTP62bfrR8uWbPnl3R
a97ftq2iorcR/vzFF/rDRx9V9JrZs2frR8uXBzQRbGE6x0z/sQEA9UABjXpauXKlupYsMbIVh1Qq
oRtdPo/L5/OUz44ynWWuFTcAose1HHOqkjX9IYngtbW16Ybrr9fUqVPLfs2BAwe048MP1d/fH+Bk
5Ttx8oQ++ugj7amgFL/sssu0pKvLyINw0Fimc8z07ZYAUA+mt+BAtKTTaT322GNavGiR6VGAhjGd
ZUnHihsA0eNajjm1BYfpD0k0xvLly/XJp59WVCj//q23NHv2bN17771KJMwdFvl8Xh9//Ineeuut
il43Y/p03XDDDQFNBZuYzjHPpcf0Aogsk1lGjkbT7FmzdMedd+rEiRM60tdnehwgcKazzLXiJkxa
W1t0bdcCdU6eZHoU502/vFNtrS2mx8AFuJZjThXQplcOojHa2tp0/fXX6/Dhw2WX0NlsVh98+KHm
zZunRQZXr+zbt0/vvfeeRkZGyn5Ne3u7urq6NGvWrAAngy1M55h3dgafB7oCCCnP82QyScnR6Fq+
bJkOHjigod//XqdPnzY9DhAY0zkqlW5d9zyJKLXPovlX6L/+X/+H6TEAq3keW3BEXoxVJ05YvmyZ
5syZU9FrPv/8c23ZulW9vb0BTXVxvb292rJ1qz7//POKXjdn9mwtZ+9nJ9iSX6ZXYQNALWzIMBtm
QP2l02k98MADmj9/vulRgEDZkmEpp5bTAYgSF/PLvQLakg9LBKutrU3LbrlFM2bMqOh1b7/9tjZv
2aITJ04ENNn59fb26oUXXtDbb79d0etmzJihO+64g9XPjrAlv2wpwgGgGjZkmA0zIBidnZ265+67
K14IAYSJLRnm2u3rAKLDxfyigEZkLVu2TNcsWaJ0Ol3R67Zu3aotW7dqeHg4oMm+a3h4WO++9562
f/BBRa9LJBKaP3++li1bFtBksI0t+WV6GxAAqIUNGWbDDAjOsmXL9KPly9Xe3m56lMhIJlPq6Ogw
PQbOsiXDXFxBCCAaXMwv5wpo0w9LQOOk02mtWrVKCxcsqOh12WxW69ev1zNr1+rLL78MaLqSL7/8
Uv/yL/+i5557TtlstqLXLpg/X6tWrqy4YEd42ZJftqx6AYBq2JBhNsyAYK1YsUJLr7nG6MOtoySV
TFJAW8SWDHOxwAEQDS7ml3MFdMxz7kd22qxZs7Rs2TJNmzatotdls1n97ne/07/+j/+hPXv31n2u
XC6nHTt26P/91a/0zrvvVvz6yZMn6+abb9ZVV11V99lgL1vyy5aV2ABQDRsyzIYZEKy2tjbdd999
nKvVSfPEiZo3b57pMXCWLRmWSpqeAACq42J+Ode5ex5PHnfN7bffrr179+r48ePK5/MVvfbTTz/V
0aNHdffdd+v2227T5MmTa57n8OHD2rhpk7Zt26ZTp05V/PpEIqFrly7VihUrap4F4eF5niw515dU
WvlSLJKjAMLFllV7EjnqgsWLF2v5smU6duyYjh8/bnqc0Gpra9OihQtNj4GzrMpRr7SPaq5gehIA
KF8yXsov1zhXQEtSPOYpX+CE3xXpdFpPPvmkxjIZ7dixo+IS+ujRo1q3bp3eeOMN3Xbrrbr9jjs0
/fLLK/oeuVxOhw4d0tY33tD27durKp6lUvl8880368knn2TrDcfELfuEisViKhY52wcQLrGYHXeS
SOSoK+69914dPHRI77zzTsXnoCiZPHkyzzyxiE05KpVWEVJAAwgTF1c/S44W0LGYJ/Eh5ZQpU6Zo
1apVOnnihHb39FT1Pb766is99/zzWr9hg2bNnKmuJUs0f/58dbS3q6OjQ52dnUomkxocHNTAwIBG
R0fVe+SIuru7tWfPHp08ebLmn+Pqq67SqlWrNGXKlJq/F8LFptUmkhT3PPFnNICwiVt0Kwk56oZ0
Oq1HHn5YJ0+c0Kd//KPpcUJn4sSJ6urqYvsNi9iUo5KUTkinTQ8BABVIO9nESl52zL29KIpFX2PZ
nOkxYMAf//hH/duzz2rfvn2mR6nYvHnz9JMnntAPf/hD06PAgKZU0qoS2vd9ncmQowDCZUI6Kc+S
8oQcdcuHH36o3z73nA4cOGB6lNBIpVK68cYb9b/+p/+kpqYm0+PgLJtyVJIyOamv9nU+ANAw0ydJ
aQdXQTvZu9tU4qCxfvCDH+jY8eM6deqUjh49anqcsl1++eVauXIl5bPDbMut0p7U7KcPIDzGc8sW
5KhbfvjDH2pkZEQvvfxyqM5BTYnH41q4cKF+/rOfUT5bxLYclUoljudJRCmAMPA8N8tnSYr/w9//
8pemhzChWPQ54XfUlVdcoaZ0Wr29vVXvxdxI06dP16Nr1uieu+82PQoMicdiSsTt2m9PKq3eK5Kj
AEIiEY8pblmWkqNuufLKK9U5ZYqO9PVpcHDQ9DjWmjBhgm655Rb94he/0OUVPncFwbIxRyVpLCfl
2WITQAg0paQWR6+rOrkFhyTl8gXl+JRy2p8+g868YAAAHSJJREFU+0zPPvus9uzZY3qUC1qwYIF+
+tOf6tqlS02PAoOSibiSibjpMc6RLxSVzbGDKYBwSCUT1l3MI0fddOTIEb3wwgv64MMPNTY2Znoc
q1x++eV67NFHtXz5clY+W8jGHJWkwdOl/wDAdh0TS/+5yNkCulAsKpPlhN91PT09WvfrX6u7u9v0
KOfo6urSz3/2My1cuND0KDAsnUoobtkTxyWp6PsaY/9SACHRlE4qZtmt4+So244fP673339fH3/y
iQ4ePKiRkRHTIxnR2tKipddeq5tvvllLr7lG7e3tpkfCBdiYo5I0lpWOclMBgBC4vKO0CtpFzhbQ
kjQ6ljU9Aixw5MgRvfjSS/pg+3adsWAVyoSmJt2ybJkeXbNGM2bMMD0OLNBs8SfUmUyO7YwAWM/z
PE2wdMM9chRAGNico5J0sF8iSQHYzJM0d6rpKcxxuoDOZPMqFIumx4AFstmsPvjgA728fr0OHjxo
bI65c+fqkYcf1i233KJUyt7SEY0Tj8WUTtn7vNhsLq98gRwFYLdEPKZU0s4sJUcBhIHNOSpJXw1K
Z1hfBsBiE1LStA7TU5jjdAHNPtD4vr6+Pr308svatm2bzpw507D3nTBhgpYvX641jzyi6dOnN+x9
YT9b938eVygUlWH/UgCWSycTVj44SyJHAYSDzTkqSUOj0kn7ny8PwGGTWqT2ZtNTmON0AV0s+hrL
su8ezrV371698sor+uTTTwMtoidMmKDrr7tOq1ev1vz58wN7H4RXUyqpWMy+vfbG+b50JsNyEwB2
m5BOycJtSyWRowDCweYclaRsXjpywvQUAHBhMy6TLL65OXBOF9AS++7h4o4ePao33nxT77zzjo4f
P1637zt58mTddtttuufuu3X55ZfX7fsiWmzfa2/cWDanYpEcBWCnWMxTU8ruLCVHAdgsDDkqSV8e
l7jBGYCNEnFp1mTTU5jlfAHNvnsox6lTp7R//37t7O5Wd3e3Dh48qNHR0bJf39zcrLlz56qrq0tL
urp0xRVXqKWlJcCJEQW277U3ju2MANjM9q2MJHIUgN3CkKOSdHxEGmncLooAULbWCdLkVtNTmOV8
AV0oFpXJsu8eKnP69Gn19/er98gRDQwMKJfL6fTp0xocHNTEiRPV0dGhZDKpzs5OzZwxQ1OnTtXE
iRNNj42QSacSisfs3WtvXNH3NZZhOyMAdmpKJxWz+b5xkaMA7BaGHJWk0YzUP2R6CgA419R2qTlt
egqznC+gJWl0jH33ANinuSlleoSyjWVyKvJxAsAyMc9TUwi2MpLIUQB2ClOO+pIODZT21gcAW3ie
NKdTsv8yXrDsX1rXADY/zReAm8KWS2GbF4AbwpRNYZoVgDvClE2epObwrN8A4IjmFOWzRAEtSaG4
xR2AW8KWS2GbF4AbwpRNYZoVgDvClk0THL/FHYB9yKWScH2aBCQRoqu6ANwQtlyKxTx5IdgbEIA7
PM9TLBaeXCJHAdgmbDkqsccqAPuQSyXhajgCFKZbiwBEW1jzKGylOYBoC2MmhXFmANEVxkyKeZQ9
AOzRnC7lEiigv5YI2a1FAKIrrHkUtls0AURbGDMpjDMDiK6wZtJECmgAliCPvhHOT5QAhHXFIYDo
CWsexWKeYtw+DsACsRDeNi6RowDsEdYclaTmJokoBWCa55XyCCXhbDkCEsZbjABES9hzKKzlOYBo
CXMWhXl2ANER5izyxKpDAOZNTJfyCCXh/VQJQJg/ZAFEQ9hzKOwFOoBoCHMWhXl2ANER9iyayKpD
AIaRQ98V7k+VOovHYjx9HIAxnueFdq+9cVH4GQCEW9jP58hRAKaFPUclaUJKSsZNTwHAVcl4KYfw
Dc5uvyfsV3oBhFdU8icqPweAcIpCBkXhZwAQXlHJIFYfAjCF/DlXND5Z6igqH7YAwicq+ROPh3/V
DIBw8jwv9FsZSeQoAHOikqOS1EIBBMAQ8udc0fhkqaMofeACCI+olQ1RKdMBhEuUsidKPwuA8IhS
9iTiUjMPIwTQYM3pUv7gu6Lz6VJHUfrQBRAOUcsdLuQBMCFK2ROlnwVAeEQte1iFCKDRyJ3zi9an
S53EYzHFIrQSEYDdYhF84FQUfyYAdova+Rs5CqDRopajUmklIg8jBNAoSe68uCDOai8gald+Adgr
qnmTSETz5wJgpyhmThR/JgD2imrmtE4wPQEAV5A3FxbNT5g6SLBhC4AGiWrexGMxxWLRWkUDwE6x
WDRXC5OjABolqjkqSS0TpIgt7AZgIc8r5Q3OL5qfMHXgSUrEo1kKAbBHIh5XlM+HyVEAjRDlrIny
zwbAHlHOmpjHqkQAwWudUMobnB8F9EVE9RYkAPaIes4k4jF5LDkBECDP8yL3INdvI0cBBC3qOSpR
QAMIHjlzcdH+lKlRzIEPYgDmJOLRe9DL+ZCjAILkQsa48DMCMMeFjEnGpYlNpqcAEFUTm3jg6aVE
/5OmRlG+FQmAWa7kS1T3uAZgBxcyxoWfEYA5rmRMG6sTAQSEfLk0CuhLiPLDGACY49KDpTxJSUf+
sAHQWMlEtPfRH0eOAgiKKzkqSemk1Jw2PQWAqGlOl/IFF0ezWoao79EKoPFcyxUXbu0E0HguZYtL
PyuAxnEtW1ilCKDeyJXyuPVpU6V4LMYqaAB142KmeJ7H6j0AdZVMxJ16OB85CqDeXMtRSWpKSRNS
pqcAEBUTUqVcwaW51YDUwLXVigCC42qeuLbCBkCwXMwUF39mAMFxNVPam01PACAqyJPyufmJUwUX
VywCqD+Xs4TVewDqxcVVexI5CqB+XM1RqbRakb2gAdSqOc3q50q42YJUiRN+ALVyPUcSDj3oBkAw
PJWyxFXkKIBauZ6jEqsWAdSOHKkMBXQFYjHP2duUANQuEY8pFnO7NuAPHgC1cr2AJUcB1Mr1HJWk
dFKa2GR6CgBhNbGplCMoH21qhTjhB1At8qPE5Vs+AdSGLShKyFEA1SJHv9HB6kUAVSI/KkcBXaGY
5ykR5wMbQGUS8bhilAVf4w8fANUgO77B7wJANciObyQTUhslEoAKtTWX8gOVoYCuQpJblgBUwBMn
+9/HdiQAKsVWaN9FjgKoFDl6ro5miSgFUK6Yx+rnavHpUwXP41Z6AOVLJOJi8fO5KOUBVILMOBe/
EwCVIDPOFYtJHRNNTwEgLDomlnIDlePXVqVkgtvpAVxajH32Ligei7EKB0BZEvGY4pztn4McBVAu
cvTC2pqlFLfTA7iEFNv21IRPoBokk5RKAC6OnLg4ynkA5SArLozfDYBykBUXxypoAJdCTtSGAroG
8VhMcVadALiAOCtNLoknsQO4lGQiLo+7zi6IHAVwKeTopTWnpYlNpqcAYKuJTaWcQPVoRmqU4oQf
wAWQD+VJJuI8SAvAecVilKvlIEcBXAg5Wr5JE0sPDweAb/NUygfUhgK6Rqw6AXA+rDSpDDkK4HzI
hvLxuwJwPmRD+RJxaVKL6SkA2GZSSykfUBsK6Dpg1QmAb2OlSeVKD9LidwbgG4l4nG2MKkCOAvg+
crRybc1SU9L0FABs0ZTkwYP1wqdRnaQSPDYXQAl5UJ1UklXjAEo8z1OKh7hWjBwFMI4crR6roAGM
Iw/qhwK6TljxCEDijohasW82AIksqAW/OwASWVCLdFLqYL9XwHkdE0t5gPqggK4jiifAbVyIql08
HlMizkcT4LJEPKY4OVA1chQAOVo7iifAbVyIqj8+leqMW+8Bd3H810cqmeAWcsBRpVvGydJakaOA
u8jR+rmMW+8BZ3H81x8FdJ2xAhJwE3dA1Bd7FgJu4tivH36XgJs49uuHFZCAm7gDIhgU0AFIJnja
MOCSeCzGhac643cKuIfzp/oiRwH3kKP11zFRakqZngJAozSluPAUFD6dApLkyjPgDI73YLCqHHAH
d5AFgxwF3EGOBmdyq8SuRkD0eV7peEcwKKADEmPvLcAJqWRCMc5IA0OOAm7gWA8Ov1vADRzrwUnG
KaUAF0xuLR3vCAYFdIASPIUciDSO8eBxMQ+IPi7kBYscBaKPHA1eS5PUOsH0FACC0jqhdJwjODQn
AUslE9z6CERQLMYf9I1C0Q9EF8d3Y/B7BqKL47txJrdKKU7/gchJJbjLoRH4pGqAVIJPKSBqOK4b
i4t5QPRwIa+xyFEgesjRxpvSZnoCAPXGcd0YFNANwIkBEC38EW8GOQpEC8d04/E7B6KFY7rxUgnK
KiBKprRxZ0OjUEA3SCIe46nEQAQkE3FuczQk5nlK84cWEAlp9is1ghwFooMcNaelSWpvNj0FgFq1
N7PvcyPRojRQMhFXPMavHAireIwLSabFuZgHhF4yEVecC3nGkKNA+JGj5k1qkZrTpqcAUK3mdOk4
RuPwqdVgPKEYCKeYx1Y6tmAVOhBe3BFmB3IUCC9y1B5T2qQk/xRA6CTjbKVjAmeeDeZ57NUFhFEq
mRDXjuzBPtxA+PBMDLuQo0D4kKN2iXnSlHbxNwIQIt7Z45ZToMajgDYgFmP/PSBM0vyRbqV0MiGP
M34gFDz2HrYSOQqEBzlqp3RC6mQlJRAanW2l4xaNRwFtSDweU4r7dQDrpZLssWcr/hADwoOi007k
KBAe5Ki9mtPSZewlC1jvMvZuN4pWxaBEPM7+XYDFSntkcozajDtKAPtxF4ndyFHAfuSo/dqapfZm
01MAuJD25tJxCnMooA3jITCAnXjAS3iU7iihPAFslEomuIskBMhRwF7kaHhMapFamkxPAeD7WppK
xyfM4pPMAqlkQvEY/xSALeIx/hAPGy4YAPbhInu4kKOAfcjR8JnSxi3+gE2a06XjEubxaWaJdIoS
GrBBPBZTOkX5HEbJBNsaAbbgeAwn/t0Ae3A8htfUdqkpZXoKAE2p0vEIO9B4WiTF3l6AUbGYx8rn
kGOlEGAeK2nDjRwFzCNHw29qu5ROmp4CcFc6SflsG84uLeJ5Zx8wwdONgYaLed7Zp4ubngS1SiUT
lCeAIQn2Eo4EchQwhxyNhphXKr+4sRJovFSidPyxvtMunFlaxvM8pVOU0EAjxc4edx7HXWRQngCN
R2kSLeQo0HjkaLTEY6USLMlidqBhkvHScccpjH34J7GQRxkGNAzHW3RRngCNQ2kSTeQo0DjkaDQl
4tLUDkpooBGSZ483djCyE2eUlvI8T02shAYCFTt7nFE+RxflCRA8SpNoI0eB4JGj0ZakhAYCx3Fm
P84mLcZ2HEBw2HbDHZQnQHAoTdxAjgLBIUfdkIxL0zrYExoIQipROr4on+3GmaTlvi6h2T0dqJtY
jPLZNZQnQP1RmriFHAXqjxx1S+JsCZ1Omp4EiI50snRcse2G/bzsmO+bHgKX5vtSNpdXoVg0PQoQ
avFY6USf7tlNuXxBuXzB9BhA6CUTcSU503cSOQrUBznqrqIv9Q9JY1nTkwDh1pQqPXCQ9ZrhQAEd
MpksJTRQrXgspjT3vTmP8gSoDaUJyFGgNuQopFIJPZoxPQUQTs3pUvmM8KCADqFsLq98gRIaqAS3
OOLb8oWi/v/27nA5ausMA/AnaXdtDCGFpuQmwg20nSSXweT2Os1wGUmm7Q2QmwhtTUPA2Luro/44
K9u0YGzvylpJzzMRa+DPmQnzWn519J3lat33MmBwjGGgJUfhduQol/3rdcSb075XAcPy4DDii4d9
r4KbUkAPlJ0ncH12mfAhdZ3iTHkC13Ywn0WlNOESOQo3I0f5kFdvIn496XsVMAyfH0U8etD3KrgN
BfSAres6lislNFxlMa9iVimf+bCUmjhbraPxrRA+qiiKOJg7EJkPk6PwaXKUT3l9EnH8pu9VwH57
/CDi4VHfq+C2FNADZ+cJfJxdJlxH0+TyJCXfDuF/lWUuTQont3IFOQofJ0e5rpOziH++jtDQwPuK
IuIPD/PcZ4ZLAT0CKTWxXK0j+V8JERFRFkUs7DLhhszXh/eZnc9NyVF4nxzlps7WEf/6NcKLzpDN
q4gvPo84EKWDp4AeiabJN/11ctPPtFVlvtG3yYTbMF8fMrPzuS05Cpkc5bZSkw8nPDnreyXQr6OD
fNigfWXjoIAeGTf9TJkbfXbBaCOmzvgitiVHmTo5yi44nJApc9jg+CigR2hdp1i66WdiFvNZzNzo
syOp2Yw2Ms+UCSnLzfgir5CwA3KUKZKj7Nqb07wbGqbki4cRDw77XgW7poAeqZSaWK7d9DN+ZVnE
YmbeM90wz5SpMKeUrshRpkKO0pXlOpfQS3vMGLnFLJfPC1E6SgrokXPTz5i50ecueKuEsfMGCV2T
o4ydHOUu/Pu3iN/e9b0K6MZn9yJ+/1nfq6BLCugJcNPPGLnR5y55lZwx8qo4d0mOMkZylLv25jQX
0VocxqIocvFs5Mb4KaAnIjVNrFZ11MluaIatKsuYzys3+vTCQa+MhUNb6YscZSzkKH1Z1bmEPl32
vRLYzuEil89zUToJCuiJcdPPkLnRZx/UKcVyVUfj2ycDVBRFLOZVVKU3SOiPHGXI5Cj74j9v8wVD
9Lv7+WI6FNAT5IBChsZBg+wjM/YZGnPz2TdylKGRo+ybs1XE8Zv8CUNwMI94/CB/Mi0K6AmzG5oh
sOuZfVbXKZZru/jYb0VRxGJWRWVuPntIjjIEcpR9Zzc0Q2DX87QpoCfObmj2lV3PDMlyVce69kCP
/TOrqlgYrMcAyFH2lRxlKM5WEa/eRJzaDc2eOZxHPLLrefIU0ESE3dDsF7ueGaI6pVitaw/02Atl
WcR8ZkYpwyJH2SdylKF6fZKLaElK34rIxfPDo75Xwj5QQHOuaZpYruuozeKjJ1VVxmJWRVHY9cxw
eaBH3zzEY+jkKH2Towzduo549Tbi7WnfK2Gq7h9GPLofIUppKaD5P3VKsVrVkfzT4I6URRFzp4kz
Ik3TxGpdO1yLOzWryph7iMdIyFH6IEcZm5OzPBt6ue57JUzFYpbnPB8d9L0S9o0Cmo9aretYr2uv
7tCZIiJmdpgwYl4n5y54TZwxk6PcBTnK2L0+yUW0KKUrZZGLZ+M2+BgFNFdqmk0R7VAYdmxWVZsd
Jn2vBLq3rnOB0viWyw4VRS5MZpXChPGTo3RBjjIlKUX85ySX0bBLD48ifncU4RkeV1FAcy2paWLt
NUh2YFaVMZtVUWqemSBvlrAL3h5hyuQouyBHmbLVOhfR5kOzrfuHuXiez/peCUOggOZGUsrz+Oqk
iOZmqjLP1CtLxTPT1kTE2gFb3NJ8VsVsVoUkZcrkKNuQo5CdrSJ+PclzouEmjg4iPj+KOJj3vRKG
RAHNrdQpxXqdFNF8UlWWMZuVZurB/2ia5vyVcviU9hVxB2PBBTnKTchR+LDTZS6i3y37Xgn77t4i
F8+Hi75XwhApoNmKIpqPUTzD9ShQuIrCBD5NjnIVOQrXc7qMeP3Ojmj+39FBxMN7ime2o4BmJ1Jq
Yl2bEc1mxnNl1AbcVPtK+bpODtmauKIozuflS1K4PjlKS47C7Z2tchFtRjT3D3PxbNQGu6CAZqfy
YYUp1rUdKFMzq6qYzUqHC8IOrOucoyn5Fj0lZVnkLK28OQLbkqPTJEdhd1Z1xG/v8qU1mo6iiPjs
Xr7mzmllhxTQdKLdgVLXKZJ/YqNVFkVUdpdAZ4w5mgYji6A7cnQa5Ch0JzURbzZF9Mo+s9GaV7l0
fnAvwsvMdEEBTefqlGJdp6iN5xiNqipjVrnJh7uSmibqOnmtfETa18OrypsjcBfk6PjIUbh7J2cR
b07NiR6To4OIB4f5E7qkgObOtAfEuPEfpvNZeg5xgV61BYrdfMNUleV5YQL0Q44OmxyF/q3rXES/
PbUreojmVZ7v/OAwYmbMBndEAU0v6pTOb/7Zb+0Nvt3OsF/ah3pGHe2/83FFHuDBXpGjwyFHYX+9
W+Yi+u2ZWdH7rCgi7h/k4vneou/VMEUKaHpX1ynWyYiOfVJVZcxKO0tgKFJqzscdecNkP5y/Gl6W
URqkB3tPju4fOQrD0kTEyaaINqJjfxwd5OL56DCc20SvFNDslfZ1SGX03Wt3OTs1HIatLVHs6Lt7
7Q49ZQkMmxztjxyFcUhNLqHfnUWcLO2MvktFEXG0iLh3kMtnUcq+UECzt9ob/zo1dqJ0oCiKqMrC
eA0YsfbQrTqlSEmOdqEsi6hKh2DBWMnR7slRGLcmchH9bpmvtZnROzer8liNe5viWZKyjxTQDEK7
E6X95Hba3SR2lcD0NE1ESpu3TDzYu7Xzh3dlGWVZhq4EpkOO7oYchWlbrnMRfbq5JOnNFRFxuMjX
vUXEYtb3iuDTFNAMUltGK6Sv1hbNbekM0EpNs8lRRcpV2qKkbPNUUwJsyNHrkaPAVU6XEaerfJ2t
jOv4kKKIOJhHHLaXQwQZIAU0o5BSE6lpd0hP8weAi5v7IsrCDmfgZppNkVI3uUyZ6qvm5aYkqYqc
p4WiBLgmOZrJUWAbZ5si+mwdsVxFrCY4smNeRSzmEQezXDwfzPteEWxPAc0oNU1EalI0qcm7UzY/
EIxFu3ukLIooNoWze3tg19rsbEuV1IznAV+xydC2HLErD+iCHAXYTmpyEb1c52tV588xRGlR5PEZ
8yp/Lma5eLaXjDFSQDMpTXNx459S/v351ffiLiki39S3V1le3OTbRQL0qYk4f7jX5mf+OvauVMkZ
GufZWVx6cCdJgb7IUYDtretcRq/q/PXla5/2npVFPiTw8jXfXLOq79XB3VFAw0bTRDTR/iBw8QPA
eTm9+fvNf+0fXFlcF5d+ab8u8i/nJXPExc19URRRRGE3MzBYlzO0ufT7iOY8Z9/PzuaTO1iKizB9
L0vbP7/Iz/fzFGCI5CjAdlITUdcR6xRRp4jUfjYXn/lg2c1DwabtAz68s7o4//n94uu8SSwXzFV5
6bPMn7MyoqrsZoaWAhoAAAAAgE6UfS8AAAAAAIBxUkADAAAAANAJBTQAAAAAAJ1QQAMAAAAA0AkF
NAAAAAAAnVBAAwAAAADQCQU0AAAAAACdUEADAAAAANAJBTQAAAAAAJ1QQAMAAAAA0AkFNAAAAAAA
nZj1vQAAYDyOXx3HTz/+EC9+fhEvX/4SdV33vSQArqGqqnjy5Mt4+tXT+Pqbb+Pxo8d9LwkAGIli
edo0fS8CABi+v//jb/H8+fdKZ4CBq6oqnj37Lv70xz/3vRQAYATsgAYAtvb3f/wt/vrXv/S9DAB2
oK7r80xXQgMA2zIDGgDYyvGr43j+/Pu+lwHAjj1//n0cvzruexkAwMApoAGArfz04w/GbgCMUF3X
8dOPP/S9DABg4BTQAMBWXvz8ou8lANARGQ8AbEsBDQBs5eXLX/peAgAdkfEAwLYU0AAAAAAAdEIB
DQBs5cmTL/teAgAdkfEAwLYU0ADAVp5+9bTvJQDQERkPAGxLAQ0AbOXrb76Nqqr6XgYAO1ZVVXz9
zbd9LwMAGDgFNACwlcePHsezZ9/1vQwAduzZs+/i8aPHfS8DABi4Wd8LAACG709//HNERDx//n3U
dd3zagDYRlVV8ezZd+fZDgCwjWJ52jR9LwIAGIfjV8fx048/xIufX8TLl78oowEGoqqqePLky3j6
1dP4+ptv7XwGAHZGAQ0AAAAAQCfMgAYAAAAAoBMKaAAAAAAAOqGABgAAAACgEwpoAAAAAAA6oYAG
AAAAAKATCmgAAAAAADqhgAYAAAAAoBMKaAAAAAAAOqGABgAAAACgEwpoAAAAAAA6oYAGAAAAAKAT
CmgAAAAAADqhgAYAAAAAoBMKaAAAAAAAOqGABgAAAACgEwpoAAAAAAA6oYAGAAAAAKATCmgAAAAA
ADqhgAYAAAAAoBMKaAAAAAAAOqGABgAAAACgEwpoAAAAAAA6oYAGAAAAAKATCmgAAAAAADqhgAYA
AAAAoBMKaAAAAAAAOqGABgAAAACgEwpoAAAAAAA6oYAGAAAAAKATCmgAAAAAADqhgAYAAAAAoBMK
aAAAAAAAOqGABgAAAACgEwpoAAAAAAA68V/z5TMmOAh4jQAAAABJRU5ErkJggg==
" width="800px"&gt;</msg>
<doc>Takes a screenshot of the current page and embeds it into the log.</doc>
<status status="PASS" start="2024-09-24T13:26:34.986043" elapsed="1.565702"/>
</kw>
<kw name="Close Application" owner="AppiumLibrary">
<doc>Closes the current application and also close webdriver session.</doc>
<status status="PASS" start="2024-09-24T13:26:36.552746" elapsed="1.880186"/>
</kw>
<doc>Test to launch Android Clock App and validate the digital clock element.</doc>
<status status="PASS" start="2024-09-24T13:25:55.357890" elapsed="43.075042"/>
</test>
<status status="PASS" start="2024-09-24T13:25:55.187146" elapsed="43.246787"/>
</suite>
<statistics>
<total>
<stat pass="1" fail="0" skip="0">All Tests</stat>
</total>
<tag>
</tag>
<suite>
<stat pass="1" fail="0" skip="0" id="s1" name="Calculator">Calculator</stat>
</suite>
</statistics>
<errors>
</errors>
</robot>
