<?xml version="1.0" encoding="UTF-8"?>
<robot generator="Robot 7.0.1 (Python 3.12.5 on win32)" generated="2024-09-06T17:14:18.583406" rpa="false" schemaversion="5">
<suite id="s1" name="Suites">
<suite id="s1-s1" name="TestCase2" source="C:\Users\netzwelt\eclipse\RobotFramework\POM\TestCase2.robot">
<kw name="Open my chrome browser" owner="Keywords2" type="SETUP">
<kw name="Open Browser" owner="SeleniumLibrary">
<msg time="2024-09-06T17:14:18.786899" level="INFO">Opening browser 'chrome' to base url 'https://demo.guru99.com/test/newtours/register.php'.</msg>
<arg>${url}</arg>
<arg>${browser}</arg>
<doc>Opens a new browser instance to the optional ``url``.</doc>
<status status="PASS" start="2024-09-06T17:14:18.786899" elapsed="6.463296"/>
</kw>
<kw name="Sleep" owner="BuiltIn">
<msg time="2024-09-06T17:14:27.251739" level="INFO">Slept 2 seconds.</msg>
<arg>2</arg>
<doc>Pauses the test executed for the given time.</doc>
<status status="PASS" start="2024-09-06T17:14:25.250195" elapsed="2.001544"/>
</kw>
<kw name="Maximize Browser Window" owner="SeleniumLibrary">
<doc>Maximizes current browser window.</doc>
<status status="PASS" start="2024-09-06T17:14:27.251739" elapsed="0.064876"/>
</kw>
<kw name="Delete All Cookies" owner="SeleniumLibrary">
<doc>Deletes all cookies.</doc>
<status status="PASS" start="2024-09-06T17:14:27.316615" elapsed="0.037447"/>
</kw>
<kw name="Reload Page" owner="SeleniumLibrary">
<doc>Simulates user reloading page.</doc>
<status status="PASS" start="2024-09-06T17:14:27.354062" elapsed="1.057390"/>
</kw>
<status status="PASS" start="2024-09-06T17:14:18.786899" elapsed="9.624553"/>
</kw>
<test id="s1-s1-t1" name="Registeration Test" line="14">
<kw name="Set Selenium Implicit Wait" owner="SeleniumLibrary">
<arg>10</arg>
<doc>Sets the implicit wait value used by Selenium.</doc>
<status status="PASS" start="2024-09-06T17:14:28.411452" elapsed="0.001001"/>
</kw>
<kw name="Enter FirstName" owner="Keywords2">
<kw name="Input Text" owner="SeleniumLibrary">
<msg time="2024-09-06T17:14:28.413483" level="INFO">Typing text 'Gagan' into text field 'name:firstName'.</msg>
<arg>${txt_regFirstName}</arg>
<arg>${firstname}</arg>
<doc>Types the given ``text`` into the text field identified by ``locator``.</doc>
<status status="PASS" start="2024-09-06T17:14:28.412453" elapsed="0.123481"/>
</kw>
<arg>${name1}</arg>
<status status="PASS" start="2024-09-06T17:14:28.412453" elapsed="0.124480"/>
</kw>
<kw name="Enter Lastname" owner="Keywords2">
<kw name="Input Text" owner="SeleniumLibrary">
<msg time="2024-09-06T17:14:28.537933" level="INFO">Typing text 'Bains' into text field 'name:lastName'.</msg>
<arg>${txt_regLastName}</arg>
<arg>${lastname}</arg>
<doc>Types the given ``text`` into the text field identified by ``locator``.</doc>
<status status="PASS" start="2024-09-06T17:14:28.536933" elapsed="0.096639"/>
</kw>
<arg>${name2}</arg>
<status status="PASS" start="2024-09-06T17:14:28.536933" elapsed="0.096639"/>
</kw>
<kw name="Click on submit button" owner="Keywords2">
<kw name="Click Button" owner="SeleniumLibrary">
<msg time="2024-09-06T17:14:28.634574" level="INFO">Clicking button 'name:submit'.</msg>
<arg>${btn_submit}</arg>
<doc>Clicks the button identified by ``locator``.</doc>
<status status="PASS" start="2024-09-06T17:14:28.634574" elapsed="1.178629"/>
</kw>
<kw name="Sleep" owner="BuiltIn">
<msg time="2024-09-06T17:14:34.813445" level="INFO">Slept 5 seconds.</msg>
<arg>5</arg>
<doc>Pauses the test executed for the given time.</doc>
<status status="PASS" start="2024-09-06T17:14:29.813203" elapsed="5.000242"/>
</kw>
<status status="PASS" start="2024-09-06T17:14:28.634574" elapsed="6.178871"/>
</kw>
<kw name="Verify successful Registeration" owner="Keywords2">
<kw name="Page Should Contain" owner="SeleniumLibrary">
<msg time="2024-09-06T17:14:34.816967" level="INFO">Current page contains text 'Thank you for registering.'.</msg>
<arg>Thank you for registering.</arg>
<doc>Verifies that current page contains ``text``.</doc>
<status status="PASS" start="2024-09-06T17:14:34.813445" elapsed="0.003522"/>
</kw>
<status status="PASS" start="2024-09-06T17:14:34.813445" elapsed="0.003522"/>
</kw>
<status status="PASS" start="2024-09-06T17:14:28.411452" elapsed="6.405515"/>
</test>
<kw name="Close Browser" owner="SeleniumLibrary" type="TEARDOWN">
<doc>Closes the current browser.</doc>
<status status="PASS" start="2024-09-06T17:14:34.816967" elapsed="2.148598"/>
</kw>
<status status="PASS" start="2024-09-06T17:14:18.617171" elapsed="18.348394"/>
</suite>
<status status="PASS" start="2024-09-06T17:14:18.602461" elapsed="18.363104"/>
</suite>
<statistics>
<total>
<stat pass="1" fail="0" skip="0">All Tests</stat>
</total>
<tag>
</tag>
<suite>
<stat pass="1" fail="0" skip="0" id="s1" name="Suites">Suites</stat>
<stat pass="1" fail="0" skip="0" id="s1-s1" name="TestCase2">Suites.TestCase2</stat>
</suite>
</statistics>
<errors>
</errors>
</robot>
