<?xml version="1.0" encoding="UTF-8"?>
<robot generator="Robot 7.0.1 (Python 3.12.5 on win32)" generated="2024-09-09T11:45:47.720833" rpa="false" schemaversion="5">
<suite id="s1" name="RobotFramework" source="c:\Users\netzwelt\eclipse\RobotFramework">
<suite id="s1-s1" name="Robot7Updates" source="c:\Users\netzwelt\eclipse\RobotFramework\Robot7Updates.robot">
<test id="s1-s1-t1" name="VAR syntax" line="5">
<variable name="${name}">
<var>Robot Framework</var>
<status status="PASS" start="2024-09-09T11:45:47.748464" elapsed="0.000000"/>
</variable>
<variable name="${longer}">
<var>Gagandeep Kaur Bains</var>
<var>Quality Assursnace</var>
<status status="PASS" start="2024-09-09T11:45:47.749461" elapsed="0.000000"/>
</variable>
<variable name="${multiline}" separator="\n">
<var>Gagandeep Kaur Bains</var>
<var>First line</var>
<var>second line</var>
<var>third line</var>
<status status="PASS" start="2024-09-09T11:45:47.749461" elapsed="0.000000"/>
</variable>
<variable name="@{list}">
<var>first</var>
<var>second</var>
<var>last</var>
<status status="PASS" start="2024-09-09T11:45:47.750457" elapsed="0.000000"/>
</variable>
<kw name="Log Many" owner="BuiltIn">
<msg time="2024-09-09T11:45:47.751457" level="INFO">Robot Framework</msg>
<msg time="2024-09-09T11:45:47.751457" level="INFO">Gagandeep Kaur Bains Quality Assursnace</msg>
<msg time="2024-09-09T11:45:47.751457" level="INFO">Gagandeep Kaur Bains
First line
second line
third line</msg>
<msg time="2024-09-09T11:45:47.751457" level="INFO">['first', 'second', 'last']</msg>
<arg>${name}</arg>
<arg>${longer}</arg>
<arg>${multiline}</arg>
<arg>${list}</arg>
<doc>Logs the given messages as separate entries using the INFO level.</doc>
<status status="PASS" start="2024-09-09T11:45:47.750457" elapsed="0.001000"/>
</kw>
<variable name="${suite level}" scope="SUITE">
<var>value</var>
<status status="PASS" start="2024-09-09T11:45:47.752456" elapsed="0.000000"/>
</variable>
<kw name="Log" owner="BuiltIn">
<msg time="2024-09-09T11:45:47.753458" level="INFO">value</msg>
<arg>${suite level}</arg>
<doc>Logs the given message with the given level.</doc>
<status status="PASS" start="2024-09-09T11:45:47.753458" elapsed="0.000000"/>
</kw>
<tag>common</tag>
<tag>tags</tag>
<status status="PASS" start="2024-09-09T11:45:47.747464" elapsed="0.006993"/>
</test>
<test id="s1-s1-t2" name="VAR continued" line="22">
<kw name="Log" owner="BuiltIn">
<msg time="2024-09-09T11:45:47.757591" level="INFO">value</msg>
<arg>${suite level}</arg>
<doc>Logs the given message with the given level.</doc>
<status status="PASS" start="2024-09-09T11:45:47.756458" elapsed="0.001133"/>
</kw>
<tag>common</tag>
<tag>tags</tag>
<status status="PASS" start="2024-09-09T11:45:47.755463" elapsed="0.002128"/>
</test>
<test id="s1-s1-t3" name="tag syntax" line="25">
<kw name="No Operation" owner="BuiltIn">
<doc>Does absolutely nothing.</doc>
<status status="PASS" start="2024-09-09T11:45:47.760593" elapsed="0.000000"/>
</kw>
<tag>own</tag>
<tag>tags</tag>
<status status="PASS" start="2024-09-09T11:45:47.759591" elapsed="0.002003"/>
</test>
<status status="PASS" start="2024-09-09T11:45:47.744402" elapsed="0.018192"/>
</suite>
<status status="PASS" start="2024-09-09T11:45:47.724833" elapsed="0.039758"/>
</suite>
<statistics>
<total>
<stat pass="3" fail="0" skip="0">All Tests</stat>
</total>
<tag>
<stat pass="2" fail="0" skip="0">common</stat>
<stat pass="1" fail="0" skip="0">own</stat>
<stat pass="3" fail="0" skip="0">tags</stat>
</tag>
<suite>
<stat pass="3" fail="0" skip="0" id="s1" name="RobotFramework">RobotFramework</stat>
<stat pass="3" fail="0" skip="0" id="s1-s1" name="Robot7Updates">RobotFramework.Robot7Updates</stat>
</suite>
</statistics>
<errors>
</errors>
</robot>
